{"C:\\fe\\task-management-frontend\\src\\App.tsx": {"path":"C:\\fe\\task-management-frontend\\src\\App.tsx","statementMap":{"0":{"start":{"line":20,"column":2},"end":{"line":55,"column":4}}},"fnMap":{"0":{"name":"App","decl":{"start":{"line":19,"column":24},"end":{"line":19,"column":27}},"loc":{"start":{"line":19,"column":30},"end":{"line":56,"column":1}},"line":19}},"branchMap":{},"s":{"0":1},"f":{"0":1},"b":{},"_coverageSchema":"1a1c01bbd47fc00a2c39e90264f33305004495a9","hash":"e9ebc0863e98a6b6c88086a6ce7ab20d68749087"}
,"C:\\fe\\task-management-frontend\\src\\index.tsx": {"path":"C:\\fe\\task-management-frontend\\src\\index.tsx","statementMap":{"0":{"start":{"line":7,"column":15},"end":{"line":7,"column":61}},"1":{"start":{"line":8,"column":13},"end":{"line":8,"column":40}},"2":{"start":{"line":10,"column":0},"end":{"line":14,"column":2}},"3":{"start":{"line":16,"column":0},"end":{"line":16,"column":18}}},"fnMap":{},"branchMap":{},"s":{"0":0,"1":0,"2":0,"3":0},"f":{},"b":{}}
,"C:\\fe\\task-management-frontend\\src\\reportWebVitals.js": {"path":"C:\\fe\\task-management-frontend\\src\\reportWebVitals.js","statementMap":{"0":{"start":{"line":1,"column":24},"end":{"line":11,"column":1}},"1":{"start":{"line":2,"column":2},"end":{"line":10,"column":3}},"2":{"start":{"line":3,"column":4},"end":{"line":9,"column":7}},"3":{"start":{"line":4,"column":6},"end":{"line":4,"column":26}},"4":{"start":{"line":5,"column":6},"end":{"line":5,"column":26}},"5":{"start":{"line":6,"column":6},"end":{"line":6,"column":26}},"6":{"start":{"line":7,"column":6},"end":{"line":7,"column":26}},"7":{"start":{"line":8,"column":6},"end":{"line":8,"column":27}}},"fnMap":{"0":{"name":"(anonymous_0)","decl":{"start":{"line":1,"column":24},"end":{"line":1,"column":25}},"loc":{"start":{"line":1,"column":39},"end":{"line":11,"column":1}},"line":1},"1":{"name":"(anonymous_1)","decl":{"start":{"line":3,"column":30},"end":{"line":3,"column":31}},"loc":{"start":{"line":3,"column":79},"end":{"line":9,"column":5}},"line":3}},"branchMap":{"0":{"loc":{"start":{"line":2,"column":2},"end":{"line":10,"column":3}},"type":"if","locations":[{"start":{"line":2,"column":2},"end":{"line":10,"column":3}},{"start":{},"end":{}}],"line":2},"1":{"loc":{"start":{"line":2,"column":6},"end":{"line":2,"column":52}},"type":"binary-expr","locations":[{"start":{"line":2,"column":6},"end":{"line":2,"column":17}},{"start":{"line":2,"column":21},"end":{"line":2,"column":52}}],"line":2}},"s":{"0":0,"1":0,"2":0,"3":0,"4":0,"5":0,"6":0,"7":0},"f":{"0":0,"1":0},"b":{"0":[0,0],"1":[0,0]}}
,"C:\\fe\\task-management-frontend\\src\\components\\activity\\ActivityTimeline.tsx": {"path":"C:\\fe\\task-management-frontend\\src\\components\\activity\\ActivityTimeline.tsx","statementMap":{"0":{"start":{"line":42,"column":38},"end":{"line":42,"column":85}},"1":{"start":{"line":43,"column":36},"end":{"line":43,"column":64}},"2":{"start":{"line":44,"column":28},"end":{"line":44,"column":57}},"3":{"start":{"line":47,"column":26},"end":{"line":84,"column":49}},"4":{"start":{"line":49,"column":4},"end":{"line":53,"column":5}},"5":{"start":{"line":50,"column":6},"end":{"line":50,"column":30}},"6":{"start":{"line":51,"column":6},"end":{"line":51,"column":26}},"7":{"start":{"line":52,"column":6},"end":{"line":52,"column":13}},"8":{"start":{"line":55,"column":4},"end":{"line":58,"column":5}},"9":{"start":{"line":56,"column":6},"end":{"line":56,"column":26}},"10":{"start":{"line":57,"column":6},"end":{"line":57,"column":13}},"11":{"start":{"line":60,"column":4},"end":{"line":60,"column":23}},"12":{"start":{"line":61,"column":4},"end":{"line":61,"column":19}},"13":{"start":{"line":63,"column":4},"end":{"line":83,"column":5}},"14":{"start":{"line":65,"column":6},"end":{"line":69,"column":7}},"15":{"start":{"line":66,"column":8},"end":{"line":66,"column":70}},"16":{"start":{"line":67,"column":13},"end":{"line":69,"column":7}},"17":{"start":{"line":68,"column":8},"end":{"line":68,"column":60}},"18":{"start":{"line":71,"column":6},"end":{"line":77,"column":7}},"19":{"start":{"line":73,"column":23},"end":{"line":75,"column":9}},"20":{"start":{"line":74,"column":20},"end":{"line":74,"column":85}},"21":{"start":{"line":76,"column":8},"end":{"line":76,"column":30}},"22":{"start":{"line":79,"column":6},"end":{"line":79,"column":58}},"23":{"start":{"line":80,"column":6},"end":{"line":80,"column":78}},"24":{"start":{"line":82,"column":6},"end":{"line":82,"column":26}},"25":{"start":{"line":86,"column":2},"end":{"line":88,"column":24}},"26":{"start":{"line":87,"column":4},"end":{"line":87,"column":22}},"27":{"start":{"line":91,"column":2},"end":{"line":95,"column":17}},"28":{"start":{"line":92,"column":4},"end":{"line":94,"column":5}},"29":{"start":{"line":93,"column":6},"end":{"line":93,"column":30}},"30":{"start":{"line":98,"column":24},"end":{"line":107,"column":3}},"31":{"start":{"line":99,"column":4},"end":{"line":99,"column":31}},"32":{"start":{"line":99,"column":21},"end":{"line":99,"column":31}},"33":{"start":{"line":100,"column":4},"end":{"line":106,"column":5}},"34":{"start":{"line":101,"column":19},"end":{"line":101,"column":95}},"35":{"start":{"line":102,"column":6},"end":{"line":102,"column":44}},"36":{"start":{"line":102,"column":26},"end":{"line":102,"column":44}},"37":{"start":{"line":103,"column":6},"end":{"line":103,"column":60}},"38":{"start":{"line":105,"column":6},"end":{"line":105,"column":24}},"39":{"start":{"line":110,"column":22},"end":{"line":115,"column":3}},"40":{"start":{"line":111,"column":4},"end":{"line":111,"column":26}},"41":{"start":{"line":111,"column":15},"end":{"line":111,"column":26}},"42":{"start":{"line":112,"column":18},"end":{"line":112,"column":42}},"43":{"start":{"line":113,"column":4},"end":{"line":113,"column":74}},"44":{"start":{"line":113,"column":28},"end":{"line":113,"column":74}},"45":{"start":{"line":114,"column":4},"end":{"line":114,"column":68}},"46":{"start":{"line":118,"column":2},"end":{"line":132,"column":3}},"47":{"start":{"line":119,"column":4},"end":{"line":131,"column":6}},"48":{"start":{"line":122,"column":10},"end":{"line":128,"column":16}},"49":{"start":{"line":135,"column":2},"end":{"line":149,"column":3}},"50":{"start":{"line":136,"column":4},"end":{"line":148,"column":6}},"51":{"start":{"line":152,"column":2},"end":{"line":162,"column":3}},"52":{"start":{"line":153,"column":4},"end":{"line":161,"column":6}},"53":{"start":{"line":165,"column":2},"end":{"line":231,"column":4}},"54":{"start":{"line":185,"column":29},"end":{"line":185,"column":78}},"55":{"start":{"line":186,"column":32},"end":{"line":186,"column":47}},"56":{"start":{"line":187,"column":28},"end":{"line":187,"column":57}},"57":{"start":{"line":188,"column":28},"end":{"line":188,"column":48}},"58":{"start":{"line":190,"column":10},"end":{"line":227,"column":12}}},"fnMap":{"0":{"name":"ActivityTimeline","decl":{"start":{"line":34,"column":16},"end":{"line":34,"column":32}},"loc":{"start":{"line":41,"column":26},"end":{"line":232,"column":1}},"line":41},"1":{"name":"(anonymous_1)","decl":{"start":{"line":47,"column":38},"end":{"line":47,"column":39}},"loc":{"start":{"line":47,"column":50},"end":{"line":84,"column":3}},"line":47},"2":{"name":"(anonymous_2)","decl":{"start":{"line":74,"column":10},"end":{"line":74,"column":11}},"loc":{"start":{"line":74,"column":20},"end":{"line":74,"column":85}},"line":74},"3":{"name":"(anonymous_3)","decl":{"start":{"line":86,"column":12},"end":{"line":86,"column":13}},"loc":{"start":{"line":86,"column":18},"end":{"line":88,"column":3}},"line":86},"4":{"name":"(anonymous_4)","decl":{"start":{"line":91,"column":12},"end":{"line":91,"column":13}},"loc":{"start":{"line":91,"column":18},"end":{"line":95,"column":3}},"line":91},"5":{"name":"(anonymous_5)","decl":{"start":{"line":98,"column":24},"end":{"line":98,"column":25}},"loc":{"start":{"line":98,"column":48},"end":{"line":107,"column":3}},"line":98},"6":{"name":"(anonymous_6)","decl":{"start":{"line":110,"column":22},"end":{"line":110,"column":23}},"loc":{"start":{"line":110,"column":41},"end":{"line":115,"column":3}},"line":110},"7":{"name":"(anonymous_7)","decl":{"start":{"line":121,"column":26},"end":{"line":121,"column":27}},"loc":{"start":{"line":122,"column":10},"end":{"line":128,"column":16}},"line":122},"8":{"name":"(anonymous_8)","decl":{"start":{"line":184,"column":24},"end":{"line":184,"column":25}},"loc":{"start":{"line":184,"column":33},"end":{"line":228,"column":9}},"line":184}},"branchMap":{"0":{"loc":{"start":{"line":39,"column":2},"end":{"line":39,"column":43}},"type":"default-arg","locations":[{"start":{"line":39,"column":17},"end":{"line":39,"column":43}}],"line":39},"1":{"loc":{"start":{"line":40,"column":2},"end":{"line":40,"column":16}},"type":"default-arg","locations":[{"start":{"line":40,"column":14},"end":{"line":40,"column":16}}],"line":40},"2":{"loc":{"start":{"line":42,"column":70},"end":{"line":42,"column":84}},"type":"binary-expr","locations":[{"start":{"line":42,"column":70},"end":{"line":42,"column":78}},{"start":{"line":42,"column":82},"end":{"line":42,"column":84}}],"line":42},"3":{"loc":{"start":{"line":49,"column":4},"end":{"line":53,"column":5}},"type":"if","locations":[{"start":{"line":49,"column":4},"end":{"line":53,"column":5}},{"start":{},"end":{}}],"line":49},"4":{"loc":{"start":{"line":55,"column":4},"end":{"line":58,"column":5}},"type":"if","locations":[{"start":{"line":55,"column":4},"end":{"line":58,"column":5}},{"start":{},"end":{}}],"line":55},"5":{"loc":{"start":{"line":55,"column":8},"end":{"line":55,"column":48}},"type":"binary-expr","locations":[{"start":{"line":55,"column":8},"end":{"line":55,"column":18}},{"start":{"line":55,"column":23},"end":{"line":55,"column":34}},{"start":{"line":55,"column":38},"end":{"line":55,"column":47}}],"line":55},"6":{"loc":{"start":{"line":65,"column":6},"end":{"line":69,"column":7}},"type":"if","locations":[{"start":{"line":65,"column":6},"end":{"line":69,"column":7}},{"start":{"line":67,"column":13},"end":{"line":69,"column":7}}],"line":65},"7":{"loc":{"start":{"line":65,"column":10},"end":{"line":65,"column":32}},"type":"binary-expr","locations":[{"start":{"line":65,"column":10},"end":{"line":65,"column":20}},{"start":{"line":65,"column":24},"end":{"line":65,"column":32}}],"line":65},"8":{"loc":{"start":{"line":67,"column":13},"end":{"line":69,"column":7}},"type":"if","locations":[{"start":{"line":67,"column":13},"end":{"line":69,"column":7}},{"start":{},"end":{}}],"line":67},"9":{"loc":{"start":{"line":71,"column":6},"end":{"line":77,"column":7}},"type":"if","locations":[{"start":{"line":71,"column":6},"end":{"line":77,"column":7}},{"start":{},"end":{}}],"line":71},"10":{"loc":{"start":{"line":71,"column":10},"end":{"line":71,"column":25}},"type":"binary-expr","locations":[{"start":{"line":71,"column":10},"end":{"line":71,"column":13}},{"start":{"line":71,"column":17},"end":{"line":71,"column":25}}],"line":71},"11":{"loc":{"start":{"line":80,"column":15},"end":{"line":80,"column":76}},"type":"binary-expr","locations":[{"start":{"line":80,"column":15},"end":{"line":80,"column":43}},{"start":{"line":80,"column":47},"end":{"line":80,"column":76}}],"line":80},"12":{"loc":{"start":{"line":92,"column":4},"end":{"line":94,"column":5}},"type":"if","locations":[{"start":{"line":92,"column":4},"end":{"line":94,"column":5}},{"start":{},"end":{}}],"line":92},"13":{"loc":{"start":{"line":99,"column":4},"end":{"line":99,"column":31}},"type":"if","locations":[{"start":{"line":99,"column":4},"end":{"line":99,"column":31}},{"start":{},"end":{}}],"line":99},"14":{"loc":{"start":{"line":101,"column":19},"end":{"line":101,"column":95}},"type":"cond-expr","locations":[{"start":{"line":101,"column":52},"end":{"line":101,"column":72}},{"start":{"line":101,"column":75},"end":{"line":101,"column":95}}],"line":101},"15":{"loc":{"start":{"line":102,"column":6},"end":{"line":102,"column":44}},"type":"if","locations":[{"start":{"line":102,"column":6},"end":{"line":102,"column":44}},{"start":{},"end":{}}],"line":102},"16":{"loc":{"start":{"line":111,"column":4},"end":{"line":111,"column":26}},"type":"if","locations":[{"start":{"line":111,"column":4},"end":{"line":111,"column":26}},{"start":{},"end":{}}],"line":111},"17":{"loc":{"start":{"line":113,"column":4},"end":{"line":113,"column":74}},"type":"if","locations":[{"start":{"line":113,"column":4},"end":{"line":113,"column":74}},{"start":{},"end":{}}],"line":113},"18":{"loc":{"start":{"line":118,"column":2},"end":{"line":132,"column":3}},"type":"if","locations":[{"start":{"line":118,"column":2},"end":{"line":132,"column":3}},{"start":{},"end":{}}],"line":118},"19":{"loc":{"start":{"line":135,"column":2},"end":{"line":149,"column":3}},"type":"if","locations":[{"start":{"line":135,"column":2},"end":{"line":149,"column":3}},{"start":{},"end":{}}],"line":135},"20":{"loc":{"start":{"line":152,"column":2},"end":{"line":162,"column":3}},"type":"if","locations":[{"start":{"line":152,"column":2},"end":{"line":162,"column":3}},{"start":{},"end":{}}],"line":152},"21":{"loc":{"start":{"line":152,"column":6},"end":{"line":152,"column":44}},"type":"binary-expr","locations":[{"start":{"line":152,"column":6},"end":{"line":152,"column":17}},{"start":{"line":152,"column":21},"end":{"line":152,"column":44}}],"line":152},"22":{"loc":{"start":{"line":168,"column":7},"end":{"line":178,"column":7}},"type":"binary-expr","locations":[{"start":{"line":168,"column":7},"end":{"line":168,"column":16}},{"start":{"line":169,"column":8},"end":{"line":177,"column":14}}],"line":168},"23":{"loc":{"start":{"line":187,"column":28},"end":{"line":187,"column":57}},"type":"binary-expr","locations":[{"start":{"line":187,"column":28},"end":{"line":187,"column":47}},{"start":{"line":187,"column":51},"end":{"line":187,"column":57}}],"line":187},"24":{"loc":{"start":{"line":194,"column":17},"end":{"line":204,"column":17}},"type":"cond-expr","locations":[{"start":{"line":195,"column":18},"end":{"line":199,"column":20}},{"start":{"line":201,"column":18},"end":{"line":203,"column":24}}],"line":194}},"s":{"0":0,"1":0,"2":0,"3":0,"4":0,"5":0,"6":0,"7":0,"8":0,"9":0,"10":0,"11":0,"12":0,"13":0,"14":0,"15":0,"16":0,"17":0,"18":0,"19":0,"20":0,"21":0,"22":0,"23":0,"24":0,"25":0,"26":0,"27":0,"28":0,"29":0,"30":0,"31":0,"32":0,"33":0,"34":0,"35":0,"36":0,"37":0,"38":0,"39":0,"40":0,"41":0,"42":0,"43":0,"44":0,"45":0,"46":0,"47":0,"48":0,"49":0,"50":0,"51":0,"52":0,"53":0,"54":0,"55":0,"56":0,"57":0,"58":0},"f":{"0":0,"1":0,"2":0,"3":0,"4":0,"5":0,"6":0,"7":0,"8":0},"b":{"0":[0],"1":[0],"2":[0,0],"3":[0,0],"4":[0,0],"5":[0,0,0],"6":[0,0],"7":[0,0],"8":[0,0],"9":[0,0],"10":[0,0],"11":[0,0],"12":[0,0],"13":[0,0],"14":[0,0],"15":[0,0],"16":[0,0],"17":[0,0],"18":[0,0],"19":[0,0],"20":[0,0],"21":[0,0],"22":[0,0],"23":[0,0],"24":[0,0]},"_coverageSchema":"1a1c01bbd47fc00a2c39e90264f33305004495a9","hash":"95e1759cf1828fada5a9365de4d0fc098e2d3eef"}
,"C:\\fe\\task-management-frontend\\src\\components\\comment\\comment-bubble.tsx": {"path":"C:\\fe\\task-management-frontend\\src\\components\\comment\\comment-bubble.tsx","statementMap":{"0":{"start":{"line":14,"column":25},"end":{"line":14,"column":61}},"1":{"start":{"line":16,"column":16},"end":{"line":16,"column":51}},"2":{"start":{"line":17,"column":16},"end":{"line":17,"column":49}},"3":{"start":{"line":19,"column":20},"end":{"line":19,"column":35}},"4":{"start":{"line":20,"column":21},"end":{"line":21,"column":50}},"5":{"start":{"line":21,"column":22},"end":{"line":21,"column":49}},"6":{"start":{"line":22,"column":4},"end":{"line":24,"column":5}},"7":{"start":{"line":23,"column":6},"end":{"line":23,"column":21}},"8":{"start":{"line":25,"column":40},"end":{"line":25,"column":42}},"9":{"start":{"line":26,"column":23},"end":{"line":26,"column":25}},"10":{"start":{"line":27,"column":4},"end":{"line":43,"column":7}},"11":{"start":{"line":28,"column":20},"end":{"line":28,"column":38}},"12":{"start":{"line":29,"column":18},"end":{"line":29,"column":40}},"13":{"start":{"line":30,"column":6},"end":{"line":42,"column":7}},"14":{"start":{"line":31,"column":8},"end":{"line":35,"column":8}},"15":{"start":{"line":36,"column":6},"end":{"line":40,"column":9}},"16":{"start":{"line":41,"column":6},"end":{"line":41,"column":24}},"17":{"start":{"line":44,"column":4},"end":{"line":50,"column":3}},"18":{"start":{"line":45,"column":4},"end":{"line":49,"column":6}},"19":{"start":{"line":51,"column":2},"end":{"line":51,"column":18}},"20":{"start":{"line":53,"column":2},"end":{"line":105,"column":4}},"21":{"start":{"line":79,"column":16},"end":{"line":87,"column":20}}},"fnMap":{"0":{"name":"CommentBubble","decl":{"start":{"line":13,"column":24},"end":{"line":13,"column":37}},"loc":{"start":{"line":13,"column":96},"end":{"line":106,"column":1}},"line":13},"1":{"name":"renderCommentContent","decl":{"start":{"line":18,"column":11},"end":{"line":18,"column":31}},"loc":{"start":{"line":18,"column":60},"end":{"line":52,"column":3}},"line":18},"2":{"name":"(anonymous_2)","decl":{"start":{"line":21,"column":12},"end":{"line":21,"column":13}},"loc":{"start":{"line":21,"column":22},"end":{"line":21,"column":49}},"line":21},"3":{"name":"(anonymous_3)","decl":{"start":{"line":27,"column":21},"end":{"line":27,"column":22}},"loc":{"start":{"line":27,"column":40},"end":{"line":43,"column":5}},"line":27},"4":{"name":"(anonymous_4)","decl":{"start":{"line":78,"column":39},"end":{"line":78,"column":40}},"loc":{"start":{"line":79,"column":16},"end":{"line":87,"column":20}},"line":79}},"branchMap":{"0":{"loc":{"start":{"line":20,"column":26},"end":{"line":20,"column":48}},"type":"binary-expr","locations":[{"start":{"line":20,"column":26},"end":{"line":20,"column":42}},{"start":{"line":20,"column":46},"end":{"line":20,"column":48}}],"line":20},"1":{"loc":{"start":{"line":22,"column":4},"end":{"line":24,"column":5}},"type":"if","locations":[{"start":{"line":22,"column":4},"end":{"line":24,"column":5}},{"start":{},"end":{}}],"line":22},"2":{"loc":{"start":{"line":30,"column":6},"end":{"line":42,"column":7}},"type":"if","locations":[{"start":{"line":30,"column":6},"end":{"line":42,"column":7}},{"start":{},"end":{}}],"line":30},"3":{"loc":{"start":{"line":44,"column":4},"end":{"line":50,"column":3}},"type":"if","locations":[{"start":{"line":44,"column":4},"end":{"line":50,"column":3}},{"start":{},"end":{}}],"line":44},"4":{"loc":{"start":{"line":57,"column":9},"end":{"line":59,"column":26}},"type":"cond-expr","locations":[{"start":{"line":58,"column":12},"end":{"line":58,"column":119}},{"start":{"line":59,"column":12},"end":{"line":59,"column":26}}],"line":57},"5":{"loc":{"start":{"line":76,"column":11},"end":{"line":90,"column":11}},"type":"binary-expr","locations":[{"start":{"line":76,"column":11},"end":{"line":76,"column":42}},{"start":{"line":77,"column":12},"end":{"line":89,"column":18}}],"line":76},"6":{"loc":{"start":{"line":93,"column":11},"end":{"line":101,"column":11}},"type":"binary-expr","locations":[{"start":{"line":93,"column":11},"end":{"line":93,"column":16}},{"start":{"line":94,"column":12},"end":{"line":100,"column":21}}],"line":93}},"s":{"0":0,"1":0,"2":0,"3":0,"4":0,"5":0,"6":0,"7":0,"8":0,"9":0,"10":0,"11":0,"12":0,"13":0,"14":0,"15":0,"16":0,"17":0,"18":0,"19":0,"20":0,"21":0},"f":{"0":0,"1":0,"2":0,"3":0,"4":0},"b":{"0":[0,0],"1":[0,0],"2":[0,0],"3":[0,0],"4":[0,0],"5":[0,0],"6":[0,0]},"_coverageSchema":"1a1c01bbd47fc00a2c39e90264f33305004495a9","hash":"ee4e2f7a75b5edc6ac036fdb9e84915dc3d72d74"}
,"C:\\fe\\task-management-frontend\\src\\components\\comment\\comment-section.tsx": {"path":"C:\\fe\\task-management-frontend\\src\\components\\comment\\comment-section.tsx","statementMap":{"0":{"start":{"line":16,"column":21},"end":{"line":81,"column":1}},"1":{"start":{"line":90,"column":19},"end":{"line":90,"column":33}},"2":{"start":{"line":91,"column":68},"end":{"line":91,"column":94}},"3":{"start":{"line":93,"column":26},"end":{"line":93,"column":38}},"4":{"start":{"line":94,"column":38},"end":{"line":94,"column":53}},"5":{"start":{"line":95,"column":36},"end":{"line":95,"column":51}},"6":{"start":{"line":96,"column":40},"end":{"line":96,"column":77}},"7":{"start":{"line":98,"column":23},"end":{"line":98,"column":53}},"8":{"start":{"line":99,"column":19},"end":{"line":99,"column":53}},"9":{"start":{"line":100,"column":23},"end":{"line":100,"column":50}},"10":{"start":{"line":102,"column":2},"end":{"line":107,"column":46}},"11":{"start":{"line":103,"column":4},"end":{"line":106,"column":5}},"12":{"start":{"line":104,"column":6},"end":{"line":104,"column":46}},"13":{"start":{"line":105,"column":6},"end":{"line":105,"column":45}},"14":{"start":{"line":109,"column":34},"end":{"line":131,"column":3}},"15":{"start":{"line":113,"column":16},"end":{"line":113,"column":57}},"16":{"start":{"line":114,"column":4},"end":{"line":130,"column":9}},"17":{"start":{"line":116,"column":40},"end":{"line":116,"column":80}},"18":{"start":{"line":117,"column":8},"end":{"line":117,"column":27}},"19":{"start":{"line":118,"column":52},"end":{"line":124,"column":11}},"20":{"start":{"line":118,"column":86},"end":{"line":124,"column":9}},"21":{"start":{"line":125,"column":8},"end":{"line":125,"column":32}},"22":{"start":{"line":128,"column":8},"end":{"line":128,"column":52}},"23":{"start":{"line":129,"column":8},"end":{"line":129,"column":21}},"24":{"start":{"line":134,"column":4},"end":{"line":134,"column":63}},"25":{"start":{"line":134,"column":56},"end":{"line":134,"column":63}},"26":{"start":{"line":136,"column":21},"end":{"line":136,"column":35}},"27":{"start":{"line":137,"column":4},"end":{"line":137,"column":81}},"28":{"start":{"line":137,"column":49},"end":{"line":137,"column":79}},"29":{"start":{"line":139,"column":4},"end":{"line":139,"column":23}},"30":{"start":{"line":140,"column":4},"end":{"line":146,"column":9}},"31":{"start":{"line":141,"column":21},"end":{"line":141,"column":69}},"32":{"start":{"line":141,"column":46},"end":{"line":141,"column":68}},"33":{"start":{"line":142,"column":22},"end":{"line":142,"column":97}},"34":{"start":{"line":144,"column":8},"end":{"line":144,"column":28}},"35":{"start":{"line":145,"column":8},"end":{"line":145,"column":28}},"36":{"start":{"line":150,"column":4},"end":{"line":150,"column":76}},"37":{"start":{"line":150,"column":29},"end":{"line":150,"column":74}},"38":{"start":{"line":150,"column":51},"end":{"line":150,"column":73}},"39":{"start":{"line":151,"column":4},"end":{"line":155,"column":5}},"40":{"start":{"line":152,"column":6},"end":{"line":152,"column":59}},"41":{"start":{"line":159,"column":4},"end":{"line":159,"column":24}},"42":{"start":{"line":161,"column":4},"end":{"line":167,"column":5}},"43":{"start":{"line":166,"column":6},"end":{"line":166,"column":13}},"44":{"start":{"line":169,"column":4},"end":{"line":169,"column":24}},"45":{"start":{"line":171,"column":4},"end":{"line":191,"column":5}},"46":{"start":{"line":172,"column":28},"end":{"line":172,"column":56}},"47":{"start":{"line":172,"column":51},"end":{"line":172,"column":55}},"48":{"start":{"line":174,"column":21},"end":{"line":174,"column":47}},"49":{"start":{"line":177,"column":29},"end":{"line":177,"column":65}},"50":{"start":{"line":177,"column":56},"end":{"line":177,"column":64}},"51":{"start":{"line":179,"column":6},"end":{"line":183,"column":9}},"52":{"start":{"line":185,"column":6},"end":{"line":185,"column":18}},"53":{"start":{"line":186,"column":6},"end":{"line":186,"column":25}},"54":{"start":{"line":188,"column":6},"end":{"line":188,"column":54}},"55":{"start":{"line":190,"column":6},"end":{"line":190,"column":27}},"56":{"start":{"line":193,"column":2},"end":{"line":301,"column":4}},"57":{"start":{"line":214,"column":14},"end":{"line":219,"column":16}},"58":{"start":{"line":218,"column":32},"end":{"line":218,"column":51}},"59":{"start":{"line":240,"column":33},"end":{"line":240,"column":56}},"60":{"start":{"line":248,"column":54},"end":{"line":248,"column":61}},"61":{"start":{"line":251,"column":30},"end":{"line":251,"column":47}},"62":{"start":{"line":252,"column":20},"end":{"line":266,"column":22}},"63":{"start":{"line":275,"column":20},"end":{"line":278,"column":26}},"64":{"start":{"line":277,"column":59},"end":{"line":277,"column":90}},"65":{"start":{"line":286,"column":76},"end":{"line":286,"column":105}}},"fnMap":{"0":{"name":"CommentSection","decl":{"start":{"line":89,"column":16},"end":{"line":89,"column":30}},"loc":{"start":{"line":89,"column":97},"end":{"line":302,"column":1}},"line":89},"1":{"name":"(anonymous_1)","decl":{"start":{"line":102,"column":18},"end":{"line":102,"column":19}},"loc":{"start":{"line":102,"column":24},"end":{"line":107,"column":3}},"line":102},"2":{"name":"(anonymous_2)","decl":{"start":{"line":109,"column":34},"end":{"line":109,"column":35}},"loc":{"start":{"line":112,"column":7},"end":{"line":131,"column":3}},"line":112},"3":{"name":"(anonymous_3)","decl":{"start":{"line":115,"column":12},"end":{"line":115,"column":13}},"loc":{"start":{"line":115,"column":21},"end":{"line":126,"column":7}},"line":115},"4":{"name":"(anonymous_4)","decl":{"start":{"line":118,"column":62},"end":{"line":118,"column":63}},"loc":{"start":{"line":118,"column":86},"end":{"line":124,"column":9}},"line":118},"5":{"name":"(anonymous_5)","decl":{"start":{"line":127,"column":13},"end":{"line":127,"column":14}},"loc":{"start":{"line":127,"column":22},"end":{"line":130,"column":7}},"line":127},"6":{"name":"handleFileSelect","decl":{"start":{"line":133,"column":11},"end":{"line":133,"column":27}},"loc":{"start":{"line":133,"column":68},"end":{"line":147,"column":3}},"line":133},"7":{"name":"(anonymous_7)","decl":{"start":{"line":137,"column":39},"end":{"line":137,"column":40}},"loc":{"start":{"line":137,"column":49},"end":{"line":137,"column":79}},"line":137},"8":{"name":"(anonymous_8)","decl":{"start":{"line":141,"column":12},"end":{"line":141,"column":13}},"loc":{"start":{"line":141,"column":21},"end":{"line":141,"column":69}},"line":141},"9":{"name":"(anonymous_9)","decl":{"start":{"line":141,"column":36},"end":{"line":141,"column":37}},"loc":{"start":{"line":141,"column":46},"end":{"line":141,"column":68}},"line":141},"10":{"name":"(anonymous_10)","decl":{"start":{"line":142,"column":13},"end":{"line":142,"column":14}},"loc":{"start":{"line":142,"column":22},"end":{"line":142,"column":97}},"line":142},"11":{"name":"(anonymous_11)","decl":{"start":{"line":143,"column":15},"end":{"line":143,"column":16}},"loc":{"start":{"line":143,"column":21},"end":{"line":146,"column":7}},"line":143},"12":{"name":"handleRemoveAttachment","decl":{"start":{"line":149,"column":17},"end":{"line":149,"column":39}},"loc":{"start":{"line":149,"column":60},"end":{"line":156,"column":3}},"line":149},"13":{"name":"(anonymous_13)","decl":{"start":{"line":150,"column":19},"end":{"line":150,"column":20}},"loc":{"start":{"line":150,"column":29},"end":{"line":150,"column":74}},"line":150},"14":{"name":"(anonymous_14)","decl":{"start":{"line":150,"column":41},"end":{"line":150,"column":42}},"loc":{"start":{"line":150,"column":51},"end":{"line":150,"column":73}},"line":150},"15":{"name":"handleSubmit","decl":{"start":{"line":158,"column":17},"end":{"line":158,"column":29}},"loc":{"start":{"line":158,"column":51},"end":{"line":192,"column":3}},"line":158},"16":{"name":"(anonymous_16)","decl":{"start":{"line":172,"column":44},"end":{"line":172,"column":45}},"loc":{"start":{"line":172,"column":51},"end":{"line":172,"column":55}},"line":172},"17":{"name":"(anonymous_17)","decl":{"start":{"line":177,"column":49},"end":{"line":177,"column":50}},"loc":{"start":{"line":177,"column":56},"end":{"line":177,"column":64}},"line":177},"18":{"name":"(anonymous_18)","decl":{"start":{"line":213,"column":26},"end":{"line":213,"column":27}},"loc":{"start":{"line":214,"column":14},"end":{"line":219,"column":16}},"line":214},"19":{"name":"(anonymous_19)","decl":{"start":{"line":218,"column":26},"end":{"line":218,"column":27}},"loc":{"start":{"line":218,"column":32},"end":{"line":218,"column":51}},"line":218},"20":{"name":"(anonymous_20)","decl":{"start":{"line":240,"column":26},"end":{"line":240,"column":27}},"loc":{"start":{"line":240,"column":33},"end":{"line":240,"column":56}},"line":240},"21":{"name":"(anonymous_21)","decl":{"start":{"line":248,"column":36},"end":{"line":248,"column":37}},"loc":{"start":{"line":248,"column":54},"end":{"line":248,"column":61}},"line":248},"22":{"name":"(anonymous_22)","decl":{"start":{"line":250,"column":36},"end":{"line":250,"column":37}},"loc":{"start":{"line":250,"column":81},"end":{"line":267,"column":19}},"line":250},"23":{"name":"(anonymous_23)","decl":{"start":{"line":274,"column":35},"end":{"line":274,"column":36}},"loc":{"start":{"line":275,"column":20},"end":{"line":278,"column":26}},"line":275},"24":{"name":"(anonymous_24)","decl":{"start":{"line":277,"column":53},"end":{"line":277,"column":54}},"loc":{"start":{"line":277,"column":59},"end":{"line":277,"column":90}},"line":277},"25":{"name":"(anonymous_25)","decl":{"start":{"line":286,"column":70},"end":{"line":286,"column":71}},"loc":{"start":{"line":286,"column":76},"end":{"line":286,"column":105}},"line":286}},"branchMap":{"0":{"loc":{"start":{"line":99,"column":19},"end":{"line":99,"column":53}},"type":"cond-expr","locations":[{"start":{"line":99,"column":26},"end":{"line":99,"column":47}},{"start":{"line":99,"column":50},"end":{"line":99,"column":53}}],"line":99},"1":{"loc":{"start":{"line":103,"column":4},"end":{"line":106,"column":5}},"type":"if","locations":[{"start":{"line":103,"column":4},"end":{"line":106,"column":5}},{"start":{},"end":{}}],"line":103},"2":{"loc":{"start":{"line":103,"column":8},"end":{"line":103,"column":62}},"type":"binary-expr","locations":[{"start":{"line":103,"column":8},"end":{"line":103,"column":18}},{"start":{"line":103,"column":22},"end":{"line":103,"column":62}}],"line":103},"3":{"loc":{"start":{"line":113,"column":16},"end":{"line":113,"column":57}},"type":"cond-expr","locations":[{"start":{"line":113,"column":28},"end":{"line":113,"column":45}},{"start":{"line":113,"column":48},"end":{"line":113,"column":57}}],"line":113},"4":{"loc":{"start":{"line":116,"column":40},"end":{"line":116,"column":80}},"type":"cond-expr","locations":[{"start":{"line":116,"column":67},"end":{"line":116,"column":75}},{"start":{"line":116,"column":78},"end":{"line":116,"column":80}}],"line":116},"5":{"loc":{"start":{"line":134,"column":4},"end":{"line":134,"column":63}},"type":"if","locations":[{"start":{"line":134,"column":4},"end":{"line":134,"column":63}},{"start":{},"end":{}}],"line":134},"6":{"loc":{"start":{"line":134,"column":8},"end":{"line":134,"column":54}},"type":"binary-expr","locations":[{"start":{"line":134,"column":8},"end":{"line":134,"column":23}},{"start":{"line":134,"column":27},"end":{"line":134,"column":54}}],"line":134},"7":{"loc":{"start":{"line":142,"column":53},"end":{"line":142,"column":95}},"type":"binary-expr","locations":[{"start":{"line":142,"column":53},"end":{"line":142,"column":80}},{"start":{"line":142,"column":84},"end":{"line":142,"column":95}}],"line":142},"8":{"loc":{"start":{"line":161,"column":4},"end":{"line":167,"column":5}},"type":"if","locations":[{"start":{"line":161,"column":4},"end":{"line":167,"column":5}},{"start":{},"end":{}}],"line":161},"9":{"loc":{"start":{"line":162,"column":6},"end":{"line":164,"column":15}},"type":"binary-expr","locations":[{"start":{"line":162,"column":7},"end":{"line":162,"column":19}},{"start":{"line":162,"column":23},"end":{"line":162,"column":47}},{"start":{"line":163,"column":6},"end":{"line":163,"column":16}},{"start":{"line":164,"column":6},"end":{"line":164,"column":15}}],"line":162},"10":{"loc":{"start":{"line":198,"column":9},"end":{"line":202,"column":9}},"type":"binary-expr","locations":[{"start":{"line":198,"column":9},"end":{"line":198,"column":28}},{"start":{"line":199,"column":10},"end":{"line":201,"column":17}}],"line":198},"11":{"loc":{"start":{"line":205,"column":7},"end":{"line":205,"column":98}},"type":"binary-expr","locations":[{"start":{"line":205,"column":7},"end":{"line":205,"column":16}},{"start":{"line":205,"column":20},"end":{"line":205,"column":98}}],"line":205},"12":{"loc":{"start":{"line":206,"column":7},"end":{"line":206,"column":94}},"type":"binary-expr","locations":[{"start":{"line":206,"column":7},"end":{"line":206,"column":17}},{"start":{"line":206,"column":21},"end":{"line":206,"column":26}},{"start":{"line":206,"column":30},"end":{"line":206,"column":94}}],"line":206},"13":{"loc":{"start":{"line":208,"column":7},"end":{"line":223,"column":7}},"type":"binary-expr","locations":[{"start":{"line":208,"column":7},"end":{"line":208,"column":17}},{"start":{"line":208,"column":21},"end":{"line":208,"column":27}},{"start":{"line":209,"column":8},"end":{"line":222,"column":9}}],"line":208},"14":{"loc":{"start":{"line":209,"column":8},"end":{"line":222,"column":9}},"type":"cond-expr","locations":[{"start":{"line":210,"column":10},"end":{"line":210,"column":85}},{"start":{"line":212,"column":10},"end":{"line":221,"column":16}}],"line":209},"15":{"loc":{"start":{"line":228,"column":11},"end":{"line":232,"column":11}},"type":"cond-expr","locations":[{"start":{"line":229,"column":12},"end":{"line":229,"column":109}},{"start":{"line":231,"column":12},"end":{"line":231,"column":20}}],"line":228},"16":{"loc":{"start":{"line":229,"column":43},"end":{"line":229,"column":66}},"type":"binary-expr","locations":[{"start":{"line":229,"column":43},"end":{"line":229,"column":56}},{"start":{"line":229,"column":60},"end":{"line":229,"column":66}}],"line":229},"17":{"loc":{"start":{"line":255,"column":27},"end":{"line":259,"column":27}},"type":"cond-expr","locations":[{"start":{"line":256,"column":28},"end":{"line":256,"column":99}},{"start":{"line":258,"column":28},"end":{"line":258,"column":59}}],"line":255},"18":{"loc":{"start":{"line":263,"column":84},"end":{"line":263,"column":111}},"type":"binary-expr","locations":[{"start":{"line":263,"column":84},"end":{"line":263,"column":91}},{"start":{"line":263,"column":95},"end":{"line":263,"column":111}}],"line":263},"19":{"loc":{"start":{"line":272,"column":15},"end":{"line":281,"column":15}},"type":"binary-expr","locations":[{"start":{"line":272,"column":15},"end":{"line":272,"column":37}},{"start":{"line":273,"column":16},"end":{"line":280,"column":22}}],"line":272},"20":{"loc":{"start":{"line":287,"column":21},"end":{"line":287,"column":405}},"type":"cond-expr","locations":[{"start":{"line":287,"column":33},"end":{"line":287,"column":127}},{"start":{"line":287,"column":130},"end":{"line":287,"column":405}}],"line":287},"21":{"loc":{"start":{"line":292,"column":48},"end":{"line":292,"column":117}},"type":"binary-expr","locations":[{"start":{"line":292,"column":49},"end":{"line":292,"column":61}},{"start":{"line":292,"column":65},"end":{"line":292,"column":89}},{"start":{"line":292,"column":94},"end":{"line":292,"column":104}},{"start":{"line":292,"column":108},"end":{"line":292,"column":117}}],"line":292},"22":{"loc":{"start":{"line":293,"column":19},"end":{"line":293,"column":53}},"type":"cond-expr","locations":[{"start":{"line":293,"column":32},"end":{"line":293,"column":44}},{"start":{"line":293,"column":47},"end":{"line":293,"column":53}}],"line":293}},"s":{"0":1,"1":0,"2":0,"3":0,"4":0,"5":0,"6":0,"7":0,"8":0,"9":0,"10":0,"11":0,"12":0,"13":0,"14":0,"15":0,"16":0,"17":0,"18":0,"19":0,"20":0,"21":0,"22":0,"23":0,"24":0,"25":0,"26":0,"27":0,"28":0,"29":0,"30":0,"31":0,"32":0,"33":0,"34":0,"35":0,"36":0,"37":0,"38":0,"39":0,"40":0,"41":0,"42":0,"43":0,"44":0,"45":0,"46":0,"47":0,"48":0,"49":0,"50":0,"51":0,"52":0,"53":0,"54":0,"55":0,"56":0,"57":0,"58":0,"59":0,"60":0,"61":0,"62":0,"63":0,"64":0,"65":0},"f":{"0":0,"1":0,"2":0,"3":0,"4":0,"5":0,"6":0,"7":0,"8":0,"9":0,"10":0,"11":0,"12":0,"13":0,"14":0,"15":0,"16":0,"17":0,"18":0,"19":0,"20":0,"21":0,"22":0,"23":0,"24":0,"25":0},"b":{"0":[0,0],"1":[0,0],"2":[0,0],"3":[0,0],"4":[0,0],"5":[0,0],"6":[0,0],"7":[0,0],"8":[0,0],"9":[0,0,0,0],"10":[0,0],"11":[0,0],"12":[0,0,0],"13":[0,0,0],"14":[0,0],"15":[0,0],"16":[0,0],"17":[0,0],"18":[0,0],"19":[0,0],"20":[0,0],"21":[0,0,0,0],"22":[0,0]},"_coverageSchema":"1a1c01bbd47fc00a2c39e90264f33305004495a9","hash":"fb83fde0c4c1c5c06783488aad061b4ecfa0d50e"}
,"C:\\fe\\task-management-frontend\\src\\components\\comment\\mention-user.tsx": {"path":"C:\\fe\\task-management-frontend\\src\\components\\comment\\mention-user.tsx","statementMap":{"0":{"start":{"line":11,"column":30},"end":{"line":11,"column":45}},"1":{"start":{"line":12,"column":15},"end":{"line":12,"column":27}},"2":{"start":{"line":14,"column":2},"end":{"line":31,"column":4}},"3":{"start":{"line":17,"column":26},"end":{"line":17,"column":41}},"4":{"start":{"line":18,"column":26},"end":{"line":18,"column":42}}},"fnMap":{"0":{"name":"MentionUser","decl":{"start":{"line":10,"column":24},"end":{"line":10,"column":35}},"loc":{"start":{"line":10,"column":67},"end":{"line":32,"column":1}},"line":10},"1":{"name":"(anonymous_1)","decl":{"start":{"line":17,"column":20},"end":{"line":17,"column":21}},"loc":{"start":{"line":17,"column":26},"end":{"line":17,"column":41}},"line":17},"2":{"name":"(anonymous_2)","decl":{"start":{"line":18,"column":20},"end":{"line":18,"column":21}},"loc":{"start":{"line":18,"column":26},"end":{"line":18,"column":42}},"line":18}},"branchMap":{"0":{"loc":{"start":{"line":24,"column":7},"end":{"line":29,"column":7}},"type":"binary-expr","locations":[{"start":{"line":24,"column":7},"end":{"line":24,"column":13}},{"start":{"line":25,"column":8},"end":{"line":28,"column":14}}],"line":24}},"s":{"0":0,"1":0,"2":0,"3":0,"4":0},"f":{"0":0,"1":0,"2":0},"b":{"0":[0,0]},"_coverageSchema":"1a1c01bbd47fc00a2c39e90264f33305004495a9","hash":"f8f98f05d42637ad8e3b424efe8769de56317110"}
,"C:\\fe\\task-management-frontend\\src\\components\\common\\calendar-view.tsx": {"path":"C:\\fe\\task-management-frontend\\src\\components\\common\\calendar-view.tsx","statementMap":{"0":{"start":{"line":17,"column":17},"end":{"line":17,"column":66}},"1":{"start":{"line":18,"column":15},"end":{"line":21,"column":1}},"2":{"start":{"line":23,"column":44},"end":{"line":28,"column":1}},"3":{"start":{"line":30,"column":52},"end":{"line":35,"column":1}},"4":{"start":{"line":38,"column":2},"end":{"line":38,"column":48}},"5":{"start":{"line":42,"column":2},"end":{"line":42,"column":43}},"6":{"start":{"line":47,"column":2},"end":{"line":47,"column":28}},"7":{"start":{"line":47,"column":16},"end":{"line":47,"column":28}},"8":{"start":{"line":48,"column":16},"end":{"line":48,"column":57}},"9":{"start":{"line":49,"column":2},"end":{"line":55,"column":3}},"10":{"start":{"line":50,"column":4},"end":{"line":54,"column":6}},"11":{"start":{"line":56,"column":12},"end":{"line":56,"column":29}},"12":{"start":{"line":57,"column":2},"end":{"line":57,"column":38}},"13":{"start":{"line":57,"column":26},"end":{"line":57,"column":38}},"14":{"start":{"line":58,"column":2},"end":{"line":62,"column":4}},"15":{"start":{"line":66,"column":14},"end":{"line":66,"column":43}},"16":{"start":{"line":66,"column":28},"end":{"line":66,"column":38}},"17":{"start":{"line":67,"column":26},"end":{"line":67,"column":53}},"18":{"start":{"line":68,"column":28},"end":{"line":68,"column":52}},"19":{"start":{"line":69,"column":40},"end":{"line":69,"column":78}},"20":{"start":{"line":70,"column":46},"end":{"line":70,"column":79}},"21":{"start":{"line":71,"column":42},"end":{"line":71,"column":65}},"22":{"start":{"line":72,"column":52},"end":{"line":72,"column":64}},"23":{"start":{"line":73,"column":46},"end":{"line":73,"column":75}},"24":{"start":{"line":75,"column":22},"end":{"line":75,"column":49}},"25":{"start":{"line":76,"column":23},"end":{"line":76,"column":53}},"26":{"start":{"line":77,"column":16},"end":{"line":77,"column":29}},"27":{"start":{"line":78,"column":25},"end":{"line":78,"column":79}},"28":{"start":{"line":81,"column":28},"end":{"line":84,"column":13}},"29":{"start":{"line":82,"column":16},"end":{"line":82,"column":67}},"30":{"start":{"line":82,"column":41},"end":{"line":82,"column":49}},"31":{"start":{"line":83,"column":4},"end":{"line":83,"column":39}},"32":{"start":{"line":87,"column":4},"end":{"line":92,"column":5}},"33":{"start":{"line":88,"column":6},"end":{"line":88,"column":19}},"34":{"start":{"line":89,"column":6},"end":{"line":89,"column":28}},"35":{"start":{"line":89,"column":21},"end":{"line":89,"column":26}},"36":{"start":{"line":91,"column":6},"end":{"line":91,"column":29}},"37":{"start":{"line":91,"column":22},"end":{"line":91,"column":27}},"38":{"start":{"line":96,"column":4},"end":{"line":101,"column":5}},"39":{"start":{"line":97,"column":6},"end":{"line":97,"column":18}},"40":{"start":{"line":98,"column":6},"end":{"line":98,"column":28}},"41":{"start":{"line":98,"column":21},"end":{"line":98,"column":26}},"42":{"start":{"line":100,"column":6},"end":{"line":100,"column":29}},"43":{"start":{"line":100,"column":22},"end":{"line":100,"column":27}},"44":{"start":{"line":105,"column":4},"end":{"line":105,"column":31}},"45":{"start":{"line":106,"column":4},"end":{"line":106,"column":29}},"46":{"start":{"line":107,"column":4},"end":{"line":107,"column":34}},"47":{"start":{"line":111,"column":24},"end":{"line":117,"column":43}},"48":{"start":{"line":112,"column":4},"end":{"line":116,"column":7}},"49":{"start":{"line":113,"column":28},"end":{"line":113,"column":85}},"50":{"start":{"line":114,"column":26},"end":{"line":114,"column":77}},"51":{"start":{"line":115,"column":6},"end":{"line":115,"column":42}},"52":{"start":{"line":120,"column":21},"end":{"line":151,"column":47}},"53":{"start":{"line":121,"column":40},"end":{"line":121,"column":42}},"54":{"start":{"line":122,"column":4},"end":{"line":124,"column":5}},"55":{"start":{"line":122,"column":19},"end":{"line":122,"column":20}},"56":{"start":{"line":123,"column":6},"end":{"line":123,"column":20}},"57":{"start":{"line":126,"column":4},"end":{"line":148,"column":7}},"58":{"start":{"line":127,"column":23},"end":{"line":127,"column":50}},"59":{"start":{"line":128,"column":25},"end":{"line":128,"column":54}},"60":{"start":{"line":130,"column":6},"end":{"line":147,"column":7}},"61":{"start":{"line":131,"column":8},"end":{"line":138,"column":9}},"62":{"start":{"line":131,"column":23},"end":{"line":131,"column":24}},"63":{"start":{"line":132,"column":26},"end":{"line":132,"column":62}},"64":{"start":{"line":133,"column":24},"end":{"line":133,"column":93}},"65":{"start":{"line":134,"column":22},"end":{"line":134,"column":85}},"66":{"start":{"line":135,"column":10},"end":{"line":137,"column":11}},"67":{"start":{"line":136,"column":12},"end":{"line":136,"column":32}},"68":{"start":{"line":139,"column":13},"end":{"line":147,"column":7}},"69":{"start":{"line":140,"column":8},"end":{"line":142,"column":9}},"70":{"start":{"line":141,"column":10},"end":{"line":141,"column":39}},"71":{"start":{"line":143,"column":13},"end":{"line":147,"column":7}},"72":{"start":{"line":144,"column":8},"end":{"line":146,"column":9}},"73":{"start":{"line":145,"column":10},"end":{"line":145,"column":41}},"74":{"start":{"line":150,"column":4},"end":{"line":150,"column":15}},"75":{"start":{"line":154,"column":30},"end":{"line":154,"column":78}},"76":{"start":{"line":157,"column":27},"end":{"line":159,"column":21}},"77":{"start":{"line":158,"column":4},"end":{"line":158,"column":51}},"78":{"start":{"line":158,"column":39},"end":{"line":158,"column":49}},"79":{"start":{"line":162,"column":35},"end":{"line":168,"column":43}},"80":{"start":{"line":163,"column":4},"end":{"line":163,"column":59}},"81":{"start":{"line":163,"column":35},"end":{"line":163,"column":59}},"82":{"start":{"line":164,"column":14},"end":{"line":164,"column":45}},"83":{"start":{"line":165,"column":4},"end":{"line":167,"column":6}},"84":{"start":{"line":166,"column":13},"end":{"line":166,"column":98}},"85":{"start":{"line":172,"column":4},"end":{"line":172,"column":28}},"86":{"start":{"line":173,"column":20},"end":{"line":173,"column":99}},"87":{"start":{"line":174,"column":4},"end":{"line":174,"column":24}},"88":{"start":{"line":176,"column":4},"end":{"line":185,"column":5}},"89":{"start":{"line":177,"column":6},"end":{"line":177,"column":40}},"90":{"start":{"line":179,"column":6},"end":{"line":184,"column":7}},"91":{"start":{"line":180,"column":8},"end":{"line":180,"column":67}},"92":{"start":{"line":181,"column":8},"end":{"line":181,"column":33}},"93":{"start":{"line":183,"column":8},"end":{"line":183,"column":58}},"94":{"start":{"line":188,"column":2},"end":{"line":395,"column":4}},"95":{"start":{"line":242,"column":16},"end":{"line":251,"column":25}},"96":{"start":{"line":244,"column":33},"end":{"line":244,"column":51}},"97":{"start":{"line":260,"column":14},"end":{"line":269,"column":23}},"98":{"start":{"line":262,"column":31},"end":{"line":262,"column":51}},"99":{"start":{"line":282,"column":14},"end":{"line":284,"column":20}},"100":{"start":{"line":292,"column":14},"end":{"line":292,"column":91}},"101":{"start":{"line":296,"column":26},"end":{"line":296,"column":31}},"102":{"start":{"line":297,"column":31},"end":{"line":297,"column":52}},"103":{"start":{"line":298,"column":30},"end":{"line":298,"column":61}},"104":{"start":{"line":299,"column":33},"end":{"line":299,"column":52}},"105":{"start":{"line":300,"column":37},"end":{"line":300,"column":59}},"106":{"start":{"line":302,"column":14},"end":{"line":372,"column":16}},"107":{"start":{"line":305,"column":33},"end":{"line":305,"column":52}},"108":{"start":{"line":307,"column":20},"end":{"line":307,"column":39}},"109":{"start":{"line":308,"column":20},"end":{"line":308,"column":55}},"110":{"start":{"line":309,"column":20},"end":{"line":309,"column":71}},"111":{"start":{"line":309,"column":48},"end":{"line":309,"column":71}},"112":{"start":{"line":311,"column":37},"end":{"line":311,"column":60}},"113":{"start":{"line":313,"column":20},"end":{"line":313,"column":39}},"114":{"start":{"line":314,"column":35},"end":{"line":314,"column":107}},"115":{"start":{"line":315,"column":20},"end":{"line":317,"column":21}},"116":{"start":{"line":316,"column":22},"end":{"line":316,"column":56}},"117":{"start":{"line":350,"column":22},"end":{"line":362,"column":28}},"118":{"start":{"line":353,"column":26},"end":{"line":353,"column":46}},"119":{"start":{"line":354,"column":26},"end":{"line":354,"column":57}}},"fnMap":{"0":{"name":"getDaysInMonth","decl":{"start":{"line":37,"column":9},"end":{"line":37,"column":23}},"loc":{"start":{"line":37,"column":53},"end":{"line":39,"column":1}},"line":37},"1":{"name":"getFirstDayOfWeek","decl":{"start":{"line":41,"column":9},"end":{"line":41,"column":26}},"loc":{"start":{"line":41,"column":56},"end":{"line":43,"column":1}},"line":41},"2":{"name":"parseTaskDate","decl":{"start":{"line":46,"column":9},"end":{"line":46,"column":22}},"loc":{"start":{"line":46,"column":94},"end":{"line":63,"column":1}},"line":46},"3":{"name":"CalendarView","decl":{"start":{"line":65,"column":24},"end":{"line":65,"column":36}},"loc":{"start":{"line":65,"column":115},"end":{"line":396,"column":1}},"line":65},"4":{"name":"(anonymous_4)","decl":{"start":{"line":66,"column":22},"end":{"line":66,"column":23}},"loc":{"start":{"line":66,"column":28},"end":{"line":66,"column":38}},"line":66},"5":{"name":"(anonymous_5)","decl":{"start":{"line":81,"column":36},"end":{"line":81,"column":37}},"loc":{"start":{"line":81,"column":42},"end":{"line":84,"column":3}},"line":81},"6":{"name":"(anonymous_6)","decl":{"start":{"line":82,"column":34},"end":{"line":82,"column":35}},"loc":{"start":{"line":82,"column":41},"end":{"line":82,"column":49}},"line":82},"7":{"name":"prevMonth","decl":{"start":{"line":86,"column":11},"end":{"line":86,"column":20}},"loc":{"start":{"line":86,"column":23},"end":{"line":93,"column":3}},"line":86},"8":{"name":"(anonymous_8)","decl":{"start":{"line":89,"column":14},"end":{"line":89,"column":15}},"loc":{"start":{"line":89,"column":21},"end":{"line":89,"column":26}},"line":89},"9":{"name":"(anonymous_9)","decl":{"start":{"line":91,"column":15},"end":{"line":91,"column":16}},"loc":{"start":{"line":91,"column":22},"end":{"line":91,"column":27}},"line":91},"10":{"name":"nextMonth","decl":{"start":{"line":95,"column":11},"end":{"line":95,"column":20}},"loc":{"start":{"line":95,"column":23},"end":{"line":102,"column":3}},"line":95},"11":{"name":"(anonymous_11)","decl":{"start":{"line":98,"column":14},"end":{"line":98,"column":15}},"loc":{"start":{"line":98,"column":21},"end":{"line":98,"column":26}},"line":98},"12":{"name":"(anonymous_12)","decl":{"start":{"line":100,"column":15},"end":{"line":100,"column":16}},"loc":{"start":{"line":100,"column":22},"end":{"line":100,"column":27}},"line":100},"13":{"name":"jumpToToday","decl":{"start":{"line":104,"column":11},"end":{"line":104,"column":22}},"loc":{"start":{"line":104,"column":25},"end":{"line":108,"column":3}},"line":104},"14":{"name":"(anonymous_14)","decl":{"start":{"line":111,"column":32},"end":{"line":111,"column":33}},"loc":{"start":{"line":111,"column":38},"end":{"line":117,"column":3}},"line":111},"15":{"name":"(anonymous_15)","decl":{"start":{"line":112,"column":24},"end":{"line":112,"column":25}},"loc":{"start":{"line":112,"column":31},"end":{"line":116,"column":5}},"line":112},"16":{"name":"(anonymous_16)","decl":{"start":{"line":120,"column":29},"end":{"line":120,"column":30}},"loc":{"start":{"line":120,"column":35},"end":{"line":151,"column":3}},"line":120},"17":{"name":"(anonymous_17)","decl":{"start":{"line":126,"column":26},"end":{"line":126,"column":27}},"loc":{"start":{"line":126,"column":36},"end":{"line":148,"column":5}},"line":126},"18":{"name":"(anonymous_18)","decl":{"start":{"line":157,"column":35},"end":{"line":157,"column":36}},"loc":{"start":{"line":157,"column":41},"end":{"line":159,"column":3}},"line":157},"19":{"name":"(anonymous_19)","decl":{"start":{"line":158,"column":32},"end":{"line":158,"column":33}},"loc":{"start":{"line":158,"column":39},"end":{"line":158,"column":49}},"line":158},"20":{"name":"(anonymous_20)","decl":{"start":{"line":162,"column":43},"end":{"line":162,"column":44}},"loc":{"start":{"line":162,"column":49},"end":{"line":168,"column":3}},"line":162},"21":{"name":"(anonymous_21)","decl":{"start":{"line":166,"column":6},"end":{"line":166,"column":7}},"loc":{"start":{"line":166,"column":13},"end":{"line":166,"column":98}},"line":166},"22":{"name":"handleDropTaskOnDate","decl":{"start":{"line":171,"column":17},"end":{"line":171,"column":37}},"loc":{"start":{"line":171,"column":67},"end":{"line":186,"column":3}},"line":171},"23":{"name":"(anonymous_23)","decl":{"start":{"line":241,"column":37},"end":{"line":241,"column":38}},"loc":{"start":{"line":242,"column":16},"end":{"line":251,"column":25}},"line":242},"24":{"name":"(anonymous_24)","decl":{"start":{"line":244,"column":27},"end":{"line":244,"column":28}},"loc":{"start":{"line":244,"column":33},"end":{"line":244,"column":51}},"line":244},"25":{"name":"(anonymous_25)","decl":{"start":{"line":259,"column":71},"end":{"line":259,"column":72}},"loc":{"start":{"line":260,"column":14},"end":{"line":269,"column":23}},"line":260},"26":{"name":"(anonymous_26)","decl":{"start":{"line":262,"column":25},"end":{"line":262,"column":26}},"loc":{"start":{"line":262,"column":31},"end":{"line":262,"column":51}},"line":262},"27":{"name":"(anonymous_27)","decl":{"start":{"line":281,"column":26},"end":{"line":281,"column":27}},"loc":{"start":{"line":282,"column":14},"end":{"line":284,"column":20}},"line":282},"28":{"name":"(anonymous_28)","decl":{"start":{"line":291,"column":54},"end":{"line":291,"column":55}},"loc":{"start":{"line":292,"column":14},"end":{"line":292,"column":91}},"line":292},"29":{"name":"(anonymous_29)","decl":{"start":{"line":295,"column":53},"end":{"line":295,"column":54}},"loc":{"start":{"line":295,"column":63},"end":{"line":373,"column":13}},"line":295},"30":{"name":"(anonymous_30)","decl":{"start":{"line":305,"column":27},"end":{"line":305,"column":28}},"loc":{"start":{"line":305,"column":33},"end":{"line":305,"column":52}},"line":305},"31":{"name":"(anonymous_31)","decl":{"start":{"line":306,"column":30},"end":{"line":306,"column":31}},"loc":{"start":{"line":306,"column":37},"end":{"line":310,"column":19}},"line":306},"32":{"name":"(anonymous_32)","decl":{"start":{"line":311,"column":31},"end":{"line":311,"column":32}},"loc":{"start":{"line":311,"column":37},"end":{"line":311,"column":60}},"line":311},"33":{"name":"(anonymous_33)","decl":{"start":{"line":312,"column":26},"end":{"line":312,"column":27}},"loc":{"start":{"line":312,"column":33},"end":{"line":318,"column":19}},"line":312},"34":{"name":"(anonymous_34)","decl":{"start":{"line":349,"column":46},"end":{"line":349,"column":47}},"loc":{"start":{"line":350,"column":22},"end":{"line":362,"column":28}},"line":350},"35":{"name":"(anonymous_35)","decl":{"start":{"line":352,"column":33},"end":{"line":352,"column":34}},"loc":{"start":{"line":352,"column":40},"end":{"line":355,"column":25}},"line":352}},"branchMap":{"0":{"loc":{"start":{"line":47,"column":2},"end":{"line":47,"column":28}},"type":"if","locations":[{"start":{"line":47,"column":2},"end":{"line":47,"column":28}},{"start":{},"end":{}}],"line":47},"1":{"loc":{"start":{"line":49,"column":2},"end":{"line":55,"column":3}},"type":"if","locations":[{"start":{"line":49,"column":2},"end":{"line":55,"column":3}},{"start":{},"end":{}}],"line":49},"2":{"loc":{"start":{"line":57,"column":2},"end":{"line":57,"column":38}},"type":"if","locations":[{"start":{"line":57,"column":2},"end":{"line":57,"column":38}},{"start":{},"end":{}}],"line":57},"3":{"loc":{"start":{"line":78,"column":25},"end":{"line":78,"column":79}},"type":"binary-expr","locations":[{"start":{"line":78,"column":25},"end":{"line":78,"column":51}},{"start":{"line":78,"column":55},"end":{"line":78,"column":79}}],"line":78},"4":{"loc":{"start":{"line":87,"column":4},"end":{"line":92,"column":5}},"type":"if","locations":[{"start":{"line":87,"column":4},"end":{"line":92,"column":5}},{"start":{"line":90,"column":11},"end":{"line":92,"column":5}}],"line":87},"5":{"loc":{"start":{"line":96,"column":4},"end":{"line":101,"column":5}},"type":"if","locations":[{"start":{"line":96,"column":4},"end":{"line":101,"column":5}},{"start":{"line":99,"column":11},"end":{"line":101,"column":5}}],"line":96},"6":{"loc":{"start":{"line":113,"column":28},"end":{"line":113,"column":85}},"type":"binary-expr","locations":[{"start":{"line":113,"column":28},"end":{"line":113,"column":52}},{"start":{"line":113,"column":56},"end":{"line":113,"column":85}}],"line":113},"7":{"loc":{"start":{"line":114,"column":26},"end":{"line":114,"column":77}},"type":"binary-expr","locations":[{"start":{"line":114,"column":26},"end":{"line":114,"column":48}},{"start":{"line":114,"column":52},"end":{"line":114,"column":77}}],"line":114},"8":{"loc":{"start":{"line":115,"column":13},"end":{"line":115,"column":41}},"type":"binary-expr","locations":[{"start":{"line":115,"column":13},"end":{"line":115,"column":26}},{"start":{"line":115,"column":30},"end":{"line":115,"column":41}}],"line":115},"9":{"loc":{"start":{"line":130,"column":6},"end":{"line":147,"column":7}},"type":"if","locations":[{"start":{"line":130,"column":6},"end":{"line":147,"column":7}},{"start":{"line":139,"column":13},"end":{"line":147,"column":7}}],"line":130},"10":{"loc":{"start":{"line":130,"column":10},"end":{"line":130,"column":32}},"type":"binary-expr","locations":[{"start":{"line":130,"column":10},"end":{"line":130,"column":18}},{"start":{"line":130,"column":22},"end":{"line":130,"column":32}}],"line":130},"11":{"loc":{"start":{"line":135,"column":10},"end":{"line":137,"column":11}},"type":"if","locations":[{"start":{"line":135,"column":10},"end":{"line":137,"column":11}},{"start":{},"end":{}}],"line":135},"12":{"loc":{"start":{"line":139,"column":13},"end":{"line":147,"column":7}},"type":"if","locations":[{"start":{"line":139,"column":13},"end":{"line":147,"column":7}},{"start":{"line":143,"column":13},"end":{"line":147,"column":7}}],"line":139},"13":{"loc":{"start":{"line":140,"column":8},"end":{"line":142,"column":9}},"type":"if","locations":[{"start":{"line":140,"column":8},"end":{"line":142,"column":9}},{"start":{},"end":{}}],"line":140},"14":{"loc":{"start":{"line":140,"column":12},"end":{"line":140,"column":114}},"type":"binary-expr","locations":[{"start":{"line":140,"column":12},"end":{"line":140,"column":34}},{"start":{"line":140,"column":38},"end":{"line":140,"column":62}},{"start":{"line":140,"column":66},"end":{"line":140,"column":83}},{"start":{"line":140,"column":87},"end":{"line":140,"column":114}}],"line":140},"15":{"loc":{"start":{"line":143,"column":13},"end":{"line":147,"column":7}},"type":"if","locations":[{"start":{"line":143,"column":13},"end":{"line":147,"column":7}},{"start":{},"end":{}}],"line":143},"16":{"loc":{"start":{"line":144,"column":8},"end":{"line":146,"column":9}},"type":"if","locations":[{"start":{"line":144,"column":8},"end":{"line":146,"column":9}},{"start":{},"end":{}}],"line":144},"17":{"loc":{"start":{"line":144,"column":12},"end":{"line":144,"column":122}},"type":"binary-expr","locations":[{"start":{"line":144,"column":12},"end":{"line":144,"column":36}},{"start":{"line":144,"column":40},"end":{"line":144,"column":66}},{"start":{"line":144,"column":70},"end":{"line":144,"column":89}},{"start":{"line":144,"column":93},"end":{"line":144,"column":122}}],"line":144},"18":{"loc":{"start":{"line":154,"column":30},"end":{"line":154,"column":78}},"type":"cond-expr","locations":[{"start":{"line":154,"column":44},"end":{"line":154,"column":73}},{"start":{"line":154,"column":76},"end":{"line":154,"column":78}}],"line":154},"19":{"loc":{"start":{"line":154,"column":44},"end":{"line":154,"column":73}},"type":"binary-expr","locations":[{"start":{"line":154,"column":44},"end":{"line":154,"column":67}},{"start":{"line":154,"column":71},"end":{"line":154,"column":73}}],"line":154},"20":{"loc":{"start":{"line":163,"column":4},"end":{"line":163,"column":59}},"type":"if","locations":[{"start":{"line":163,"column":4},"end":{"line":163,"column":59}},{"start":{},"end":{}}],"line":163},"21":{"loc":{"start":{"line":166,"column":13},"end":{"line":166,"column":98}},"type":"binary-expr","locations":[{"start":{"line":166,"column":13},"end":{"line":166,"column":46}},{"start":{"line":166,"column":51},"end":{"line":166,"column":59}},{"start":{"line":166,"column":63},"end":{"line":166,"column":97}}],"line":166},"22":{"loc":{"start":{"line":176,"column":4},"end":{"line":185,"column":5}},"type":"if","locations":[{"start":{"line":176,"column":4},"end":{"line":185,"column":5}},{"start":{"line":178,"column":11},"end":{"line":185,"column":5}}],"line":176},"23":{"loc":{"start":{"line":191,"column":7},"end":{"line":196,"column":7}},"type":"binary-expr","locations":[{"start":{"line":191,"column":8},"end":{"line":191,"column":13}},{"start":{"line":191,"column":17},"end":{"line":191,"column":25}},{"start":{"line":192,"column":8},"end":{"line":195,"column":14}}],"line":191},"24":{"loc":{"start":{"line":193,"column":11},"end":{"line":193,"column":85}},"type":"binary-expr","locations":[{"start":{"line":193,"column":11},"end":{"line":193,"column":16}},{"start":{"line":193,"column":20},"end":{"line":193,"column":85}}],"line":193},"25":{"loc":{"start":{"line":194,"column":11},"end":{"line":194,"column":84}},"type":"binary-expr","locations":[{"start":{"line":194,"column":11},"end":{"line":194,"column":19}},{"start":{"line":194,"column":23},"end":{"line":194,"column":84}}],"line":194},"26":{"loc":{"start":{"line":238,"column":11},"end":{"line":254,"column":11}},"type":"binary-expr","locations":[{"start":{"line":238,"column":11},"end":{"line":238,"column":39}},{"start":{"line":239,"column":12},"end":{"line":253,"column":18}}],"line":238},"27":{"loc":{"start":{"line":245,"column":105},"end":{"line":247,"column":59}},"type":"cond-expr","locations":[{"start":{"line":246,"column":22},"end":{"line":246,"column":71}},{"start":{"line":247,"column":22},"end":{"line":247,"column":59}}],"line":245},"28":{"loc":{"start":{"line":263,"column":103},"end":{"line":265,"column":57}},"type":"cond-expr","locations":[{"start":{"line":264,"column":20},"end":{"line":264,"column":69}},{"start":{"line":265,"column":20},"end":{"line":265,"column":57}}],"line":263},"29":{"loc":{"start":{"line":297,"column":31},"end":{"line":297,"column":52}},"type":"binary-expr","locations":[{"start":{"line":297,"column":31},"end":{"line":297,"column":46}},{"start":{"line":297,"column":50},"end":{"line":297,"column":52}}],"line":297},"30":{"loc":{"start":{"line":298,"column":30},"end":{"line":298,"column":61}},"type":"binary-expr","locations":[{"start":{"line":298,"column":30},"end":{"line":298,"column":44}},{"start":{"line":298,"column":48},"end":{"line":298,"column":61}}],"line":298},"31":{"loc":{"start":{"line":309,"column":20},"end":{"line":309,"column":71}},"type":"if","locations":[{"start":{"line":309,"column":20},"end":{"line":309,"column":71}},{"start":{},"end":{}}],"line":309},"32":{"loc":{"start":{"line":314,"column":35},"end":{"line":314,"column":107}},"type":"binary-expr","locations":[{"start":{"line":314,"column":35},"end":{"line":314,"column":67}},{"start":{"line":314,"column":71},"end":{"line":314,"column":107}}],"line":314},"33":{"loc":{"start":{"line":315,"column":20},"end":{"line":317,"column":21}},"type":"if","locations":[{"start":{"line":315,"column":20},"end":{"line":317,"column":21}},{"start":{},"end":{}}],"line":315},"34":{"loc":{"start":{"line":319,"column":126},"end":{"line":325,"column":88}},"type":"cond-expr","locations":[{"start":{"line":320,"column":22},"end":{"line":320,"column":109}},{"start":{"line":321,"column":22},"end":{"line":325,"column":88}}],"line":319},"35":{"loc":{"start":{"line":321,"column":22},"end":{"line":325,"column":88}},"type":"cond-expr","locations":[{"start":{"line":322,"column":24},"end":{"line":322,"column":95}},{"start":{"line":323,"column":24},"end":{"line":325,"column":88}}],"line":321},"36":{"loc":{"start":{"line":323,"column":24},"end":{"line":325,"column":88}},"type":"cond-expr","locations":[{"start":{"line":324,"column":26},"end":{"line":324,"column":61}},{"start":{"line":325,"column":26},"end":{"line":325,"column":88}}],"line":323},"37":{"loc":{"start":{"line":331,"column":108},"end":{"line":335,"column":44}},"type":"cond-expr","locations":[{"start":{"line":332,"column":26},"end":{"line":332,"column":62}},{"start":{"line":333,"column":26},"end":{"line":335,"column":44}}],"line":331},"38":{"loc":{"start":{"line":333,"column":26},"end":{"line":335,"column":44}},"type":"cond-expr","locations":[{"start":{"line":334,"column":28},"end":{"line":334,"column":59}},{"start":{"line":335,"column":28},"end":{"line":335,"column":44}}],"line":333},"39":{"loc":{"start":{"line":340,"column":21},"end":{"line":344,"column":21}},"type":"binary-expr","locations":[{"start":{"line":340,"column":21},"end":{"line":340,"column":40}},{"start":{"line":341,"column":22},"end":{"line":343,"column":29}}],"line":340},"40":{"loc":{"start":{"line":342,"column":43},"end":{"line":342,"column":83}},"type":"cond-expr","locations":[{"start":{"line":342,"column":67},"end":{"line":342,"column":73}},{"start":{"line":342,"column":76},"end":{"line":342,"column":83}}],"line":342},"41":{"loc":{"start":{"line":356,"column":169},"end":{"line":356,"column":234}},"type":"binary-expr","locations":[{"start":{"line":356,"column":169},"end":{"line":356,"column":201}},{"start":{"line":356,"column":205},"end":{"line":356,"column":234}}],"line":356},"42":{"loc":{"start":{"line":365,"column":21},"end":{"line":369,"column":21}},"type":"binary-expr","locations":[{"start":{"line":365,"column":21},"end":{"line":365,"column":40}},{"start":{"line":366,"column":22},"end":{"line":368,"column":28}}],"line":365}},"s":{"0":1,"1":1,"2":1,"3":1,"4":0,"5":0,"6":0,"7":0,"8":0,"9":0,"10":0,"11":0,"12":0,"13":0,"14":0,"15":0,"16":0,"17":0,"18":0,"19":0,"20":0,"21":0,"22":0,"23":0,"24":0,"25":0,"26":0,"27":0,"28":0,"29":0,"30":0,"31":0,"32":0,"33":0,"34":0,"35":0,"36":0,"37":0,"38":0,"39":0,"40":0,"41":0,"42":0,"43":0,"44":0,"45":0,"46":0,"47":0,"48":0,"49":0,"50":0,"51":0,"52":0,"53":0,"54":0,"55":0,"56":0,"57":0,"58":0,"59":0,"60":0,"61":0,"62":0,"63":0,"64":0,"65":0,"66":0,"67":0,"68":0,"69":0,"70":0,"71":0,"72":0,"73":0,"74":0,"75":0,"76":0,"77":0,"78":0,"79":0,"80":0,"81":0,"82":0,"83":0,"84":0,"85":0,"86":0,"87":0,"88":0,"89":0,"90":0,"91":0,"92":0,"93":0,"94":0,"95":0,"96":0,"97":0,"98":0,"99":0,"100":0,"101":0,"102":0,"103":0,"104":0,"105":0,"106":0,"107":0,"108":0,"109":0,"110":0,"111":0,"112":0,"113":0,"114":0,"115":0,"116":0,"117":0,"118":0,"119":0},"f":{"0":0,"1":0,"2":0,"3":0,"4":0,"5":0,"6":0,"7":0,"8":0,"9":0,"10":0,"11":0,"12":0,"13":0,"14":0,"15":0,"16":0,"17":0,"18":0,"19":0,"20":0,"21":0,"22":0,"23":0,"24":0,"25":0,"26":0,"27":0,"28":0,"29":0,"30":0,"31":0,"32":0,"33":0,"34":0,"35":0},"b":{"0":[0,0],"1":[0,0],"2":[0,0],"3":[0,0],"4":[0,0],"5":[0,0],"6":[0,0],"7":[0,0],"8":[0,0],"9":[0,0],"10":[0,0],"11":[0,0],"12":[0,0],"13":[0,0],"14":[0,0,0,0],"15":[0,0],"16":[0,0],"17":[0,0,0,0],"18":[0,0],"19":[0,0],"20":[0,0],"21":[0,0,0],"22":[0,0],"23":[0,0,0],"24":[0,0],"25":[0,0],"26":[0,0],"27":[0,0],"28":[0,0],"29":[0,0],"30":[0,0],"31":[0,0],"32":[0,0],"33":[0,0],"34":[0,0],"35":[0,0],"36":[0,0],"37":[0,0],"38":[0,0],"39":[0,0],"40":[0,0],"41":[0,0],"42":[0,0]},"_coverageSchema":"1a1c01bbd47fc00a2c39e90264f33305004495a9","hash":"36287c29c93214c6228115ee312ba5230c0e5e54"}
,"C:\\fe\\task-management-frontend\\src\\components\\common\\empty-state.tsx": {"path":"C:\\fe\\task-management-frontend\\src\\components\\common\\empty-state.tsx","statementMap":{"0":{"start":{"line":11,"column":2},"end":{"line":18,"column":4}}},"fnMap":{"0":{"name":"EmptyState","decl":{"start":{"line":10,"column":24},"end":{"line":10,"column":34}},"loc":{"start":{"line":10,"column":90},"end":{"line":19,"column":1}},"line":10}},"branchMap":{"0":{"loc":{"start":{"line":13,"column":7},"end":{"line":13,"column":66}},"type":"binary-expr","locations":[{"start":{"line":13,"column":7},"end":{"line":13,"column":11}},{"start":{"line":13,"column":15},"end":{"line":13,"column":66}}],"line":13},"1":{"loc":{"start":{"line":15,"column":7},"end":{"line":15,"column":95}},"type":"binary-expr","locations":[{"start":{"line":15,"column":7},"end":{"line":15,"column":18}},{"start":{"line":15,"column":22},"end":{"line":15,"column":95}}],"line":15},"2":{"loc":{"start":{"line":16,"column":7},"end":{"line":16,"column":53}},"type":"binary-expr","locations":[{"start":{"line":16,"column":7},"end":{"line":16,"column":13}},{"start":{"line":16,"column":17},"end":{"line":16,"column":53}}],"line":16}},"s":{"0":0},"f":{"0":0},"b":{"0":[0,0],"1":[0,0],"2":[0,0]},"_coverageSchema":"1a1c01bbd47fc00a2c39e90264f33305004495a9","hash":"31f74dcdaf120462eefa17f2b8d81c5d06cae44f"}
,"C:\\fe\\task-management-frontend\\src\\components\\common\\loading-skeleton.tsx": {"path":"C:\\fe\\task-management-frontend\\src\\components\\common\\loading-skeleton.tsx","statementMap":{"0":{"start":{"line":4,"column":2},"end":{"line":6,"column":4}},"1":{"start":{"line":10,"column":2},"end":{"line":16,"column":4}},"2":{"start":{"line":20,"column":2},"end":{"line":29,"column":4}}},"fnMap":{"0":{"name":"Skeleton","decl":{"start":{"line":3,"column":16},"end":{"line":3,"column":24}},"loc":{"start":{"line":3,"column":69},"end":{"line":7,"column":1}},"line":3},"1":{"name":"StatCardSkeleton","decl":{"start":{"line":9,"column":16},"end":{"line":9,"column":32}},"loc":{"start":{"line":9,"column":35},"end":{"line":17,"column":1}},"line":9},"2":{"name":"TaskRowSkeleton","decl":{"start":{"line":19,"column":16},"end":{"line":19,"column":31}},"loc":{"start":{"line":19,"column":34},"end":{"line":30,"column":1}},"line":19}},"branchMap":{"0":{"loc":{"start":{"line":3,"column":27},"end":{"line":3,"column":41}},"type":"default-arg","locations":[{"start":{"line":3,"column":39},"end":{"line":3,"column":41}}],"line":3}},"s":{"0":0,"1":0,"2":0},"f":{"0":0,"1":0,"2":0},"b":{"0":[0]},"_coverageSchema":"1a1c01bbd47fc00a2c39e90264f33305004495a9","hash":"409297587eb2c5eed3303b215e4b16c4a76a7bb9"}
,"C:\\fe\\task-management-frontend\\src\\components\\common\\priority-badge.tsx": {"path":"C:\\fe\\task-management-frontend\\src\\components\\common\\priority-badge.tsx","statementMap":{"0":{"start":{"line":5,"column":38},"end":{"line":10,"column":1}},"1":{"start":{"line":13,"column":2},"end":{"line":17,"column":4}}},"fnMap":{"0":{"name":"PriorityBadge","decl":{"start":{"line":12,"column":24},"end":{"line":12,"column":37}},"loc":{"start":{"line":12,"column":76},"end":{"line":18,"column":1}},"line":12}},"branchMap":{},"s":{"0":1,"1":0},"f":{"0":0},"b":{},"_coverageSchema":"1a1c01bbd47fc00a2c39e90264f33305004495a9","hash":"e52556f4328cefd817db8499978fe668c871780a"}
,"C:\\fe\\task-management-frontend\\src\\components\\common\\user-card.tsx": {"path":"C:\\fe\\task-management-frontend\\src\\components\\common\\user-card.tsx","statementMap":{"0":{"start":{"line":10,"column":2},"end":{"line":10,"column":48}},"1":{"start":{"line":15,"column":19},"end":{"line":15,"column":40}},"2":{"start":{"line":17,"column":2},"end":{"line":38,"column":4}}},"fnMap":{"0":{"name":"getUserInitials","decl":{"start":{"line":9,"column":16},"end":{"line":9,"column":31}},"loc":{"start":{"line":9,"column":63},"end":{"line":11,"column":1}},"line":9},"1":{"name":"UserCard","decl":{"start":{"line":14,"column":24},"end":{"line":14,"column":32}},"loc":{"start":{"line":14,"column":74},"end":{"line":39,"column":1}},"line":14}},"branchMap":{"0":{"loc":{"start":{"line":14,"column":41},"end":{"line":14,"column":55}},"type":"default-arg","locations":[{"start":{"line":14,"column":53},"end":{"line":14,"column":55}}],"line":14},"1":{"loc":{"start":{"line":21,"column":9},"end":{"line":25,"column":9}},"type":"cond-expr","locations":[{"start":{"line":22,"column":10},"end":{"line":22,"column":97}},{"start":{"line":24,"column":10},"end":{"line":24,"column":18}}],"line":21},"2":{"loc":{"start":{"line":31,"column":11},"end":{"line":31,"column":38}},"type":"binary-expr","locations":[{"start":{"line":31,"column":11},"end":{"line":31,"column":24}},{"start":{"line":31,"column":28},"end":{"line":31,"column":38}}],"line":31}},"s":{"0":0,"1":0,"2":0},"f":{"0":0,"1":0},"b":{"0":[0],"1":[0,0],"2":[0,0]},"_coverageSchema":"1a1c01bbd47fc00a2c39e90264f33305004495a9","hash":"0af117b2b182f7c8d402bf69bb3ce019e3d689fb"}
,"C:\\fe\\task-management-frontend\\src\\components\\common\\user-mention-tag.tsx": {"path":"C:\\fe\\task-management-frontend\\src\\components\\common\\user-mention-tag.tsx","statementMap":{"0":{"start":{"line":6,"column":25},"end":{"line":6,"column":58}},"1":{"start":{"line":16,"column":34},"end":{"line":18,"column":3}},"2":{"start":{"line":19,"column":32},"end":{"line":19,"column":47}},"3":{"start":{"line":21,"column":27},"end":{"line":33,"column":3}},"4":{"start":{"line":22,"column":4},"end":{"line":32,"column":5}},"5":{"start":{"line":23,"column":6},"end":{"line":23,"column":23}},"6":{"start":{"line":24,"column":6},"end":{"line":31,"column":42}},"7":{"start":{"line":25,"column":23},"end":{"line":25,"column":33}},"8":{"start":{"line":27,"column":10},"end":{"line":27,"column":45}},"9":{"start":{"line":28,"column":10},"end":{"line":28,"column":28}},"10":{"start":{"line":31,"column":23},"end":{"line":31,"column":40}},"11":{"start":{"line":35,"column":2},"end":{"line":77,"column":4}}},"fnMap":{"0":{"name":"UserMentionTag","decl":{"start":{"line":15,"column":16},"end":{"line":15,"column":30}},"loc":{"start":{"line":15,"column":77},"end":{"line":78,"column":1}},"line":15},"1":{"name":"(anonymous_1)","decl":{"start":{"line":21,"column":27},"end":{"line":21,"column":28}},"loc":{"start":{"line":21,"column":46},"end":{"line":33,"column":3}},"line":21},"2":{"name":"(anonymous_2)","decl":{"start":{"line":25,"column":14},"end":{"line":25,"column":15}},"loc":{"start":{"line":25,"column":23},"end":{"line":25,"column":33}},"line":25},"3":{"name":"(anonymous_3)","decl":{"start":{"line":26,"column":14},"end":{"line":26,"column":15}},"loc":{"start":{"line":26,"column":40},"end":{"line":29,"column":9}},"line":26},"4":{"name":"(anonymous_4)","decl":{"start":{"line":31,"column":17},"end":{"line":31,"column":18}},"loc":{"start":{"line":31,"column":23},"end":{"line":31,"column":40}},"line":31}},"branchMap":{"0":{"loc":{"start":{"line":17,"column":4},"end":{"line":17,"column":40}},"type":"binary-expr","locations":[{"start":{"line":17,"column":4},"end":{"line":17,"column":32}},{"start":{"line":17,"column":36},"end":{"line":17,"column":40}}],"line":17},"1":{"loc":{"start":{"line":22,"column":4},"end":{"line":32,"column":5}},"type":"if","locations":[{"start":{"line":22,"column":4},"end":{"line":32,"column":5}},{"start":{},"end":{}}],"line":22},"2":{"loc":{"start":{"line":22,"column":8},"end":{"line":22,"column":58}},"type":"binary-expr","locations":[{"start":{"line":22,"column":8},"end":{"line":22,"column":12}},{"start":{"line":22,"column":16},"end":{"line":22,"column":25}},{"start":{"line":22,"column":29},"end":{"line":22,"column":58}}],"line":22},"3":{"loc":{"start":{"line":48,"column":11},"end":{"line":72,"column":11}},"type":"cond-expr","locations":[{"start":{"line":49,"column":12},"end":{"line":49,"column":93}},{"start":{"line":50,"column":14},"end":{"line":72,"column":11}}],"line":48},"4":{"loc":{"start":{"line":50,"column":14},"end":{"line":72,"column":11}},"type":"cond-expr","locations":[{"start":{"line":51,"column":12},"end":{"line":69,"column":18}},{"start":{"line":71,"column":12},"end":{"line":71,"column":75}}],"line":50},"5":{"loc":{"start":{"line":54,"column":19},"end":{"line":58,"column":19}},"type":"cond-expr","locations":[{"start":{"line":55,"column":20},"end":{"line":55,"column":98}},{"start":{"line":57,"column":20},"end":{"line":57,"column":66}}],"line":54}},"s":{"0":0,"1":0,"2":0,"3":0,"4":0,"5":0,"6":0,"7":0,"8":0,"9":0,"10":0,"11":0},"f":{"0":0,"1":0,"2":0,"3":0,"4":0},"b":{"0":[0,0],"1":[0,0],"2":[0,0,0],"3":[0,0],"4":[0,0],"5":[0,0]}}
,"C:\\fe\\task-management-frontend\\src\\components\\day-inspector\\index.tsx": {"path":"C:\\fe\\task-management-frontend\\src\\components\\day-inspector\\index.tsx","statementMap":{"0":{"start":{"line":6,"column":15},"end":{"line":9,"column":1}},"1":{"start":{"line":30,"column":2},"end":{"line":103,"column":4}},"2":{"start":{"line":63,"column":12},"end":{"line":98,"column":18}},"3":{"start":{"line":65,"column":29},"end":{"line":65,"column":59}}},"fnMap":{"0":{"name":"DayInspector","decl":{"start":{"line":21,"column":24},"end":{"line":21,"column":36}},"loc":{"start":{"line":29,"column":22},"end":{"line":104,"column":1}},"line":29},"1":{"name":"(anonymous_1)","decl":{"start":{"line":62,"column":34},"end":{"line":62,"column":35}},"loc":{"start":{"line":63,"column":12},"end":{"line":98,"column":18}},"line":63},"2":{"name":"(anonymous_2)","decl":{"start":{"line":65,"column":23},"end":{"line":65,"column":24}},"loc":{"start":{"line":65,"column":29},"end":{"line":65,"column":59}},"line":65}},"branchMap":{"0":{"loc":{"start":{"line":35,"column":13},"end":{"line":35,"column":87}},"type":"cond-expr","locations":[{"start":{"line":35,"column":27},"end":{"line":35,"column":69}},{"start":{"line":35,"column":72},"end":{"line":35,"column":87}}],"line":35},"1":{"loc":{"start":{"line":37,"column":11},"end":{"line":41,"column":11}},"type":"binary-expr","locations":[{"start":{"line":37,"column":11},"end":{"line":37,"column":32}},{"start":{"line":37,"column":36},"end":{"line":37,"column":50}},{"start":{"line":38,"column":12},"end":{"line":40,"column":19}}],"line":37},"2":{"loc":{"start":{"line":44,"column":11},"end":{"line":46,"column":34}},"type":"cond-expr","locations":[{"start":{"line":45,"column":14},"end":{"line":45,"column":104}},{"start":{"line":46,"column":14},"end":{"line":46,"column":34}}],"line":44},"3":{"loc":{"start":{"line":45,"column":51},"end":{"line":45,"column":92}},"type":"cond-expr","locations":[{"start":{"line":45,"column":84},"end":{"line":45,"column":87}},{"start":{"line":45,"column":90},"end":{"line":45,"column":92}}],"line":45},"4":{"loc":{"start":{"line":54,"column":9},"end":{"line":100,"column":9}},"type":"cond-expr","locations":[{"start":{"line":55,"column":10},"end":{"line":60,"column":16}},{"start":{"line":62,"column":10},"end":{"line":99,"column":12}}],"line":54},"5":{"loc":{"start":{"line":84,"column":19},"end":{"line":89,"column":19}},"type":"binary-expr","locations":[{"start":{"line":84,"column":19},"end":{"line":84,"column":50}},{"start":{"line":84,"column":54},"end":{"line":84,"column":75}},{"start":{"line":85,"column":20},"end":{"line":88,"column":27}}],"line":84},"6":{"loc":{"start":{"line":90,"column":19},"end":{"line":95,"column":19}},"type":"binary-expr","locations":[{"start":{"line":90,"column":19},"end":{"line":90,"column":31}},{"start":{"line":91,"column":20},"end":{"line":94,"column":27}}],"line":90},"7":{"loc":{"start":{"line":93,"column":23},"end":{"line":93,"column":94}},"type":"cond-expr","locations":[{"start":{"line":93,"column":51},"end":{"line":93,"column":77}},{"start":{"line":93,"column":80},"end":{"line":93,"column":94}}],"line":93}},"s":{"0":1,"1":0,"2":0,"3":0},"f":{"0":0,"1":0,"2":0},"b":{"0":[0,0],"1":[0,0,0],"2":[0,0],"3":[0,0],"4":[0,0],"5":[0,0,0],"6":[0,0],"7":[0,0]},"_coverageSchema":"1a1c01bbd47fc00a2c39e90264f33305004495a9","hash":"65d1e22f3cb4eacc4dd452460505c64465fa6f83"}
,"C:\\fe\\task-management-frontend\\src\\components\\layout\\auth-guard.tsx": {"path":"C:\\fe\\task-management-frontend\\src\\components\\layout\\auth-guard.tsx","statementMap":{"0":{"start":{"line":6,"column":2},"end":{"line":13,"column":4}},"1":{"start":{"line":17,"column":41},"end":{"line":17,"column":55}},"2":{"start":{"line":18,"column":2},"end":{"line":18,"column":45}},"3":{"start":{"line":18,"column":18},"end":{"line":18,"column":45}},"4":{"start":{"line":19,"column":2},"end":{"line":19,"column":73}},"5":{"start":{"line":23,"column":41},"end":{"line":23,"column":55}},"6":{"start":{"line":24,"column":2},"end":{"line":24,"column":45}},"7":{"start":{"line":24,"column":18},"end":{"line":24,"column":45}},"8":{"start":{"line":25,"column":2},"end":{"line":25,"column":68}}},"fnMap":{"0":{"name":"HydrationLoader","decl":{"start":{"line":5,"column":9},"end":{"line":5,"column":24}},"loc":{"start":{"line":5,"column":27},"end":{"line":14,"column":1}},"line":5},"1":{"name":"RequireAuth","decl":{"start":{"line":16,"column":16},"end":{"line":16,"column":27}},"loc":{"start":{"line":16,"column":30},"end":{"line":20,"column":1}},"line":16},"2":{"name":"RedirectIfAuth","decl":{"start":{"line":22,"column":16},"end":{"line":22,"column":30}},"loc":{"start":{"line":22,"column":33},"end":{"line":26,"column":1}},"line":22}},"branchMap":{"0":{"loc":{"start":{"line":18,"column":2},"end":{"line":18,"column":45}},"type":"if","locations":[{"start":{"line":18,"column":2},"end":{"line":18,"column":45}},{"start":{},"end":{}}],"line":18},"1":{"loc":{"start":{"line":19,"column":9},"end":{"line":19,"column":72}},"type":"cond-expr","locations":[{"start":{"line":19,"column":27},"end":{"line":19,"column":37}},{"start":{"line":19,"column":40},"end":{"line":19,"column":72}}],"line":19},"2":{"loc":{"start":{"line":24,"column":2},"end":{"line":24,"column":45}},"type":"if","locations":[{"start":{"line":24,"column":2},"end":{"line":24,"column":45}},{"start":{},"end":{}}],"line":24},"3":{"loc":{"start":{"line":25,"column":9},"end":{"line":25,"column":67}},"type":"cond-expr","locations":[{"start":{"line":25,"column":27},"end":{"line":25,"column":54}},{"start":{"line":25,"column":57},"end":{"line":25,"column":67}}],"line":25}},"s":{"0":0,"1":1,"2":1,"3":0,"4":1,"5":1,"6":1,"7":0,"8":1},"f":{"0":0,"1":1,"2":1},"b":{"0":[0,1],"1":[0,1],"2":[0,1],"3":[0,1]},"_coverageSchema":"1a1c01bbd47fc00a2c39e90264f33305004495a9","hash":"2ac1ae1b210d4d1f4f7f66e6d4839e0fa17c2728"}
[...]
c":{"start":{"line":127,"column":6},"end":{"line":181,"column":7}},"type":"switch","locations":[{"start":{"line":128,"column":8},"end":{"line":134,"column":9}},{"start":{"line":136,"column":8},"end":{"line":142,"column":9}},{"start":{"line":144,"column":8},"end":{"line":150,"column":9}},{"start":{"line":152,"column":8},"end":{"line":160,"column":9}},{"start":{"line":162,"column":8},"end":{"line":180,"column":9}}],"line":127},"27":{"loc":{"start":{"line":130,"column":10},"end":{"line":132,"column":11}},"type":"if","locations":[{"start":{"line":130,"column":10},"end":{"line":132,"column":11}},{"start":{},"end":{}}],"line":130},"28":{"loc":{"start":{"line":130,"column":14},"end":{"line":130,"column":60}},"type":"binary-expr","locations":[{"start":{"line":130,"column":14},"end":{"line":130,"column":50}},{"start":{"line":130,"column":54},"end":{"line":130,"column":60}}],"line":130},"29":{"loc":{"start":{"line":138,"column":10},"end":{"line":140,"column":11}},"type":"if","locations":[{"start":{"line":138,"column":10},"end":{"line":140,"column":11}},{"start":{},"end":{}}],"line":138},"30":{"loc":{"start":{"line":146,"column":10},"end":{"line":148,"column":11}},"type":"if","locations":[{"start":{"line":146,"column":10},"end":{"line":148,"column":11}},{"start":{},"end":{}}],"line":146},"31":{"loc":{"start":{"line":146,"column":14},"end":{"line":146,"column":86}},"type":"binary-expr","locations":[{"start":{"line":146,"column":14},"end":{"line":146,"column":49}},{"start":{"line":146,"column":53},"end":{"line":146,"column":86}}],"line":146},"32":{"loc":{"start":{"line":156,"column":10},"end":{"line":158,"column":11}},"type":"if","locations":[{"start":{"line":156,"column":10},"end":{"line":158,"column":11}},{"start":{},"end":{}}],"line":156},"33":{"loc":{"start":{"line":156,"column":14},"end":{"line":156,"column":86}},"type":"binary-expr","locations":[{"start":{"line":156,"column":14},"end":{"line":156,"column":49}},{"start":{"line":156,"column":53},"end":{"line":156,"column":86}}],"line":156},"34":{"loc":{"start":{"line":163,"column":10},"end":{"line":168,"column":11}},"type":"if","locations":[{"start":{"line":163,"column":10},"end":{"line":168,"column":11}},{"start":{},"end":{}}],"line":163},"35":{"loc":{"start":{"line":165,"column":12},"end":{"line":167,"column":13}},"type":"if","locations":[{"start":{"line":165,"column":12},"end":{"line":167,"column":13}},{"start":{},"end":{}}],"line":165},"36":{"loc":{"start":{"line":165,"column":16},"end":{"line":165,"column":72}},"type":"binary-expr","locations":[{"start":{"line":165,"column":16},"end":{"line":165,"column":27}},{"start":{"line":165,"column":31},"end":{"line":165,"column":72}}],"line":165},"37":{"loc":{"start":{"line":169,"column":10},"end":{"line":178,"column":11}},"type":"if","locations":[{"start":{"line":169,"column":10},"end":{"line":178,"column":11}},{"start":{},"end":{}}],"line":169},"38":{"loc":{"start":{"line":171,"column":12},"end":{"line":177,"column":13}},"type":"if","locations":[{"start":{"line":171,"column":12},"end":{"line":177,"column":13}},{"start":{},"end":{}}],"line":171},"39":{"loc":{"start":{"line":174,"column":14},"end":{"line":176,"column":15}},"type":"if","locations":[{"start":{"line":174,"column":14},"end":{"line":176,"column":15}},{"start":{},"end":{}}],"line":174},"40":{"loc":{"start":{"line":191,"column":4},"end":{"line":197,"column":34}},"type":"binary-expr","locations":[{"start":{"line":191,"column":4},"end":{"line":191,"column":37}},{"start":{"line":192,"column":4},"end":{"line":192,"column":32}},{"start":{"line":193,"column":4},"end":{"line":193,"column":30}},{"start":{"line":194,"column":4},"end":{"line":194,"column":35}},{"start":{"line":195,"column":4},"end":{"line":195,"column":38}},{"start":{"line":196,"column":4},"end":{"line":196,"column":36}},{"start":{"line":197,"column":4},"end":{"line":197,"column":34}}],"line":191},"41":{"loc":{"start":{"line":204,"column":2},"end":{"line":204,"column":49}},"type":"if","locations":[{"start":{"line":204,"column":2},"end":{"line":204,"column":49}},{"start":{},"end":{}}],"line":204},"42":{"loc":{"start":{"line":205,"column":2},"end":{"line":205,"column":44}},"type":"if","locations":[{"start":{"line":205,"column":2},"end":{"line":205,"column":44}},{"start":{},"end":{}}],"line":205},"43":{"loc":{"start":{"line":206,"column":2},"end":{"line":206,"column":42}},"type":"if","locations":[{"start":{"line":206,"column":2},"end":{"line":206,"column":42}},{"start":{},"end":{}}],"line":206},"44":{"loc":{"start":{"line":207,"column":2},"end":{"line":207,"column":47}},"type":"if","locations":[{"start":{"line":207,"column":2},"end":{"line":207,"column":47}},{"start":{},"end":{}}],"line":207},"45":{"loc":{"start":{"line":208,"column":2},"end":{"line":208,"column":50}},"type":"if","locations":[{"start":{"line":208,"column":2},"end":{"line":208,"column":50}},{"start":{},"end":{}}],"line":208},"46":{"loc":{"start":{"line":209,"column":2},"end":{"line":209,"column":64}},"type":"if","locations":[{"start":{"line":209,"column":2},"end":{"line":209,"column":64}},{"start":{},"end":{}}],"line":209},"47":{"loc":{"start":{"line":209,"column":6},"end":{"line":209,"column":54}},"type":"binary-expr","locations":[{"start":{"line":209,"column":6},"end":{"line":209,"column":29}},{"start":{"line":209,"column":33},"end":{"line":209,"column":54}}],"line":209}},"s":{"0":1,"1":0,"2":0,"3":0,"4":0,"5":0,"6":0,"7":0,"8":0,"9":0,"10":0,"11":0,"12":0,"13":0,"14":0,"15":0,"16":0,"17":0,"18":0,"19":0,"20":0,"21":0,"22":0,"23":0,"24":0,"25":0,"26":0,"27":0,"28":0,"29":0,"30":0,"31":0,"32":0,"33":0,"34":0,"35":0,"36":0,"37":0,"38":0,"39":0,"40":0,"41":0,"42":0,"43":0,"44":0,"45":0,"46":0,"47":0,"48":0,"49":0,"50":0,"51":0,"52":0,"53":0,"54":0,"55":0,"56":0,"57":0,"58":0,"59":0,"60":0,"61":0,"62":0,"63":0,"64":0,"65":0,"66":0,"67":0,"68":0,"69":0,"70":0,"71":0,"72":0,"73":0,"74":0,"75":0,"76":0,"77":0,"78":0,"79":0,"80":0,"81":0,"82":0,"83":0,"84":0,"85":0,"86":0,"87":0,"88":0,"89":0,"90":0,"91":0,"92":0,"93":0,"94":0,"95":0,"96":0,"97":0,"98":0,"99":0},"f":{"0":0,"1":0,"2":0,"3":0,"4":0,"5":0,"6":0},"b":{"0":[0,0],"1":[0,0],"2":[0,0],"3":[0,0],"4":[0,0,0,0],"5":[0,0],"6":[0,0],"7":[0,0],"8":[0,0],"9":[0,0],"10":[0,0],"11":[0,0],"12":[0,0],"13":[0,0],"14":[0,0],"15":[0,0],"16":[0,0],"17":[0,0],"18":[0,0],"19":[0,0],"20":[0,0],"21":[0,0],"22":[0,0],"23":[0,0],"24":[0,0],"25":[0,0],"26":[0,0,0,0,0],"27":[0,0],"28":[0,0],"29":[0,0],"30":[0,0],"31":[0,0],"32":[0,0],"33":[0,0],"34":[0,0],"35":[0,0],"36":[0,0],"37":[0,0],"38":[0,0],"39":[0,0],"40":[0,0,0,0,0,0,0],"41":[0,0],"42":[0,0],"43":[0,0],"44":[0,0],"45":[0,0],"46":[0,0],"47":[0,0]},"_coverageSchema":"1a1c01bbd47fc00a2c39e90264f33305004495a9","hash":"4ca8630ee7289e5b6c170e35d7b84bcc959b59c0"}
,"C:\\fe\\task-management-frontend\\src\\utils\\format-date.ts": {"path":"C:\\fe\\task-management-frontend\\src\\utils\\format-date.ts","statementMap":{"0":{"start":{"line":10,"column":2},"end":{"line":10,"column":41}},"1":{"start":{"line":15,"column":2},"end":{"line":15,"column":48}},"2":{"start":{"line":20,"column":15},"end":{"line":20,"column":28}},"3":{"start":{"line":21,"column":2},"end":{"line":21,"column":36}},"4":{"start":{"line":21,"column":21},"end":{"line":21,"column":36}},"5":{"start":{"line":22,"column":2},"end":{"line":22,"column":42}},"6":{"start":{"line":22,"column":24},"end":{"line":22,"column":42}},"7":{"start":{"line":23,"column":2},"end":{"line":23,"column":32}},"8":{"start":{"line":28,"column":2},"end":{"line":31,"column":5}},"9":{"start":{"line":38,"column":2},"end":{"line":38,"column":22}},"10":{"start":{"line":38,"column":12},"end":{"line":38,"column":22}},"11":{"start":{"line":39,"column":12},"end":{"line":39,"column":25}},"12":{"start":{"line":40,"column":2},"end":{"line":44,"column":4}},"13":{"start":{"line":51,"column":2},"end":{"line":51,"column":26}},"14":{"start":{"line":51,"column":16},"end":{"line":51,"column":26}},"15":{"start":{"line":52,"column":16},"end":{"line":52,"column":57}},"16":{"start":{"line":53,"column":2},"end":{"line":55,"column":3}},"17":{"start":{"line":54,"column":4},"end":{"line":54,"column":37}},"18":{"start":{"line":56,"column":2},"end":{"line":56,"column":81}},"19":{"start":{"line":64,"column":16},"end":{"line":64,"column":37}},"20":{"start":{"line":65,"column":14},"end":{"line":65,"column":33}},"21":{"start":{"line":66,"column":2},"end":{"line":66,"column":47}},"22":{"start":{"line":66,"column":20},"end":{"line":66,"column":47}},"23":{"start":{"line":67,"column":2},"end":{"line":67,"column":38}},"24":{"start":{"line":67,"column":13},"end":{"line":67,"column":38}},"25":{"start":{"line":68,"column":2},"end":{"line":68,"column":32}},"26":{"start":{"line":68,"column":11},"end":{"line":68,"column":32}},"27":{"start":{"line":69,"column":2},"end":{"line":69,"column":14}}},"fnMap":{"0":{"name":"formatShortDate","decl":{"start":{"line":9,"column":16},"end":{"line":9,"column":31}},"loc":{"start":{"line":9,"column":53},"end":{"line":11,"column":1}},"line":9},"1":{"name":"formatFullDate","decl":{"start":{"line":14,"column":16},"end":{"line":14,"column":30}},"loc":{"start":{"line":14,"column":52},"end":{"line":16,"column":1}},"line":14},"2":{"name":"formatRelativeDay","decl":{"start":{"line":19,"column":16},"end":{"line":19,"column":33}},"loc":{"start":{"line":19,"column":55},"end":{"line":24,"column":1}},"line":19},"3":{"name":"timeAgo","decl":{"start":{"line":27,"column":16},"end":{"line":27,"column":23}},"loc":{"start":{"line":27,"column":73},"end":{"line":32,"column":1}},"line":27},"4":{"name":"formatDateTime","decl":{"start":{"line":37,"column":16},"end":{"line":37,"column":30}},"loc":{"start":{"line":37,"column":52},"end":{"line":45,"column":1}},"line":37},"5":{"name":"formatDate","decl":{"start":{"line":50,"column":16},"end":{"line":50,"column":26}},"loc":{"start":{"line":50,"column":53},"end":{"line":57,"column":1}},"line":50},"6":{"name":"getTaskDateDisplay","decl":{"start":{"line":63,"column":16},"end":{"line":63,"column":34}},"loc":{"start":{"line":63,"column":88},"end":{"line":70,"column":1}},"line":63}},"branchMap":{"0":{"loc":{"start":{"line":21,"column":2},"end":{"line":21,"column":36}},"type":"if","locations":[{"start":{"line":21,"column":2},"end":{"line":21,"column":36}},{"start":{},"end":{}}],"line":21},"1":{"loc":{"start":{"line":22,"column":2},"end":{"line":22,"column":42}},"type":"if","locations":[{"start":{"line":22,"column":2},"end":{"line":22,"column":42}},{"start":{},"end":{}}],"line":22},"2":{"loc":{"start":{"line":27,"column":37},"end":{"line":27,"column":63}},"type":"default-arg","locations":[{"start":{"line":27,"column":59},"end":{"line":27,"column":63}}],"line":27},"3":{"loc":{"start":{"line":30,"column":12},"end":{"line":30,"column":44}},"type":"cond-expr","locations":[{"start":{"line":30,"column":30},"end":{"line":30,"column":32}},{"start":{"line":30,"column":35},"end":{"line":30,"column":44}}],"line":30},"4":{"loc":{"start":{"line":38,"column":2},"end":{"line":38,"column":22}},"type":"if","locations":[{"start":{"line":38,"column":2},"end":{"line":38,"column":22}},{"start":{},"end":{}}],"line":38},"5":{"loc":{"start":{"line":51,"column":2},"end":{"line":51,"column":26}},"type":"if","locations":[{"start":{"line":51,"column":2},"end":{"line":51,"column":26}},{"start":{},"end":{}}],"line":51},"6":{"loc":{"start":{"line":53,"column":2},"end":{"line":55,"column":3}},"type":"if","locations":[{"start":{"line":53,"column":2},"end":{"line":55,"column":3}},{"start":{},"end":{}}],"line":53},"7":{"loc":{"start":{"line":56,"column":9},"end":{"line":56,"column":80}},"type":"cond-expr","locations":[{"start":{"line":56,"column":32},"end":{"line":56,"column":70}},{"start":{"line":56,"column":73},"end":{"line":56,"column":80}}],"line":56},"8":{"loc":{"start":{"line":66,"column":2},"end":{"line":66,"column":47}},"type":"if","locations":[{"start":{"line":66,"column":2},"end":{"line":66,"column":47}},{"start":{},"end":{}}],"line":66},"9":{"loc":{"start":{"line":66,"column":6},"end":{"line":66,"column":18}},"type":"binary-expr","locations":[{"start":{"line":66,"column":6},"end":{"line":66,"column":11}},{"start":{"line":66,"column":15},"end":{"line":66,"column":18}}],"line":66},"10":{"loc":{"start":{"line":67,"column":2},"end":{"line":67,"column":38}},"type":"if","locations":[{"start":{"line":67,"column":2},"end":{"line":67,"column":38}},{"start":{},"end":{}}],"line":67},"11":{"loc":{"start":{"line":68,"column":2},"end":{"line":68,"column":32}},"type":"if","locations":[{"start":{"line":68,"column":2},"end":{"line":68,"column":32}},{"start":{},"end":{}}],"line":68}},"s":{"0":0,"1":0,"2":0,"3":0,"4":0,"5":0,"6":0,"7":0,"8":0,"9":0,"10":0,"11":0,"12":0,"13":0,"14":0,"15":0,"16":0,"17":0,"18":0,"19":0,"20":0,"21":0,"22":0,"23":0,"24":0,"25":0,"26":0,"27":0},"f":{"0":0,"1":0,"2":0,"3":0,"4":0,"5":0,"6":0},"b":{"0":[0,0],"1":[0,0],"2":[0],"3":[0,0],"4":[0,0],"5":[0,0],"6":[0,0],"7":[0,0],"8":[0,0],"9":[0,0],"10":[0,0],"11":[0,0]},"_coverageSchema":"1a1c01bbd47fc00a2c39e90264f33305004495a9","hash":"9d57e6be7108343ff6593e8a2850694d0b07157d"}
,"C:\\fe\\task-management-frontend\\src\\utils\\task.util.ts": {"path":"C:\\fe\\task-management-frontend\\src\\utils\\task.util.ts","statementMap":{"0":{"start":{"line":7,"column":2},"end":{"line":13,"column":3}},"1":{"start":{"line":8,"column":17},"end":{"line":8,"column":31}},"2":{"start":{"line":9,"column":19},"end":{"line":9,"column":35}},"3":{"start":{"line":10,"column":16},"end":{"line":10,"column":29}},"4":{"start":{"line":11,"column":19},"end":{"line":11,"column":35}},"5":{"start":{"line":12,"column":13},"end":{"line":12,"column":29}},"6":{"start":{"line":20,"column":2},"end":{"line":39,"column":4}},"7":{"start":{"line":46,"column":16},"end":{"line":46,"column":35}},"8":{"start":{"line":47,"column":2},"end":{"line":47,"column":55}},"9":{"start":{"line":47,"column":33},"end":{"line":47,"column":55}},"10":{"start":{"line":48,"column":2},"end":{"line":48,"column":79}},"11":{"start":{"line":48,"column":57},"end":{"line":48,"column":79}},"12":{"start":{"line":49,"column":2},"end":{"line":49,"column":82}},"13":{"start":{"line":49,"column":61},"end":{"line":49,"column":82}},"14":{"start":{"line":50,"column":2},"end":{"line":50,"column":55}},"15":{"start":{"line":50,"column":32},"end":{"line":50,"column":55}},"16":{"start":{"line":51,"column":2},"end":{"line":51,"column":84}},"17":{"start":{"line":51,"column":60},"end":{"line":51,"column":84}},"18":{"start":{"line":52,"column":2},"end":{"line":52,"column":25}}},"fnMap":{"0":{"name":"mapPriority","decl":{"start":{"line":6,"column":16},"end":{"line":6,"column":27}},"loc":{"start":{"line":6,"column":63},"end":{"line":14,"column":1}},"line":6},"1":{"name":"transformTask","decl":{"start":{"line":19,"column":16},"end":{"line":19,"column":29}},"loc":{"start":{"line":19,"column":73},"end":{"line":40,"column":1}},"line":19},"2":{"name":"getColorForStatus","decl":{"start":{"line":45,"column":16},"end":{"line":45,"column":33}},"loc":{"start":{"line":45,"column":57},"end":{"line":53,"column":1}},"line":45}},"branchMap":{"0":{"loc":{"start":{"line":7,"column":2},"end":{"line":13,"column":3}},"type":"switch","locations":[{"start":{"line":8,"column":4},"end":{"line":8,"column":31}},{"start":{"line":9,"column":4},"end":{"line":9,"column":35}},{"start":{"line":10,"column":4},"end":{"line":10,"column":29}},{"start":{"line":11,"column":4},"end":{"line":11,"column":35}},{"start":{"line":12,"column":4},"end":{"line":12,"column":29}}],"line":7},"1":{"loc":{"start":{"line":23,"column":15},"end":{"line":23,"column":54}},"type":"binary-expr","locations":[{"start":{"line":23,"column":15},"end":{"line":23,"column":48}},{"start":{"line":23,"column":52},"end":{"line":23,"column":54}}],"line":23},"2":{"loc":{"start":{"line":24,"column":17},"end":{"line":24,"column":47}},"type":"binary-expr","locations":[{"start":{"line":24,"column":17},"end":{"line":24,"column":41}},{"start":{"line":24,"column":45},"end":{"line":24,"column":47}}],"line":24},"3":{"loc":{"start":{"line":30,"column":14},"end":{"line":34,"column":17}},"type":"cond-expr","locations":[{"start":{"line":30,"column":37},"end":{"line":34,"column":5}},{"start":{"line":34,"column":8},"end":{"line":34,"column":17}}],"line":30},"4":{"loc":{"start":{"line":47,"column":2},"end":{"line":47,"column":55}},"type":"if","locations":[{"start":{"line":47,"column":2},"end":{"line":47,"column":55}},{"start":{},"end":{}}],"line":47},"5":{"loc":{"start":{"line":48,"column":2},"end":{"line":48,"column":79}},"type":"if","locations":[{"start":{"line":48,"column":2},"end":{"line":48,"column":79}},{"start":{},"end":{}}],"line":48},"6":{"loc":{"start":{"line":48,"column":6},"end":{"line":48,"column":55}},"type":"binary-expr","locations":[{"start":{"line":48,"column":6},"end":{"line":48,"column":28}},{"start":{"line":48,"column":32},"end":{"line":48,"column":55}}],"line":48},"7":{"loc":{"start":{"line":49,"column":2},"end":{"line":49,"column":82}},"type":"if","locations":[{"start":{"line":49,"column":2},"end":{"line":49,"column":82}},{"start":{},"end":{}}],"line":49},"8":{"loc":{"start":{"line":49,"column":6},"end":{"line":49,"column":59}},"type":"binary-expr","locations":[{"start":{"line":49,"column":6},"end":{"line":49,"column":32}},{"start":{"line":49,"column":36},"end":{"line":49,"column":59}}],"line":49},"9":{"loc":{"start":{"line":50,"column":2},"end":{"line":50,"column":55}},"type":"if","locations":[{"start":{"line":50,"column":2},"end":{"line":50,"column":55}},{"start":{},"end":{}}],"line":50},"10":{"loc":{"start":{"line":51,"column":2},"end":{"line":51,"column":84}},"type":"if","locations":[{"start":{"line":51,"column":2},"end":{"line":51,"column":84}},{"start":{},"end":{}}],"line":51},"11":{"loc":{"start":{"line":51,"column":6},"end":{"line":51,"column":58}},"type":"binary-expr","locations":[{"start":{"line":51,"column":6},"end":{"line":51,"column":28}},{"start":{"line":51,"column":32},"end":{"line":51,"column":58}}],"line":51}},"s":{"0":0,"1":0,"2":0,"3":0,"4":0,"5":0,"6":0,"7":0,"8":0,"9":0,"10":0,"11":0,"12":0,"13":0,"14":0,"15":0,"16":0,"17":0,"18":0},"f":{"0":0,"1":0,"2":0},"b":{"0":[0,0,0,0,0],"1":[0,0],"2":[0,0],"3":[0,0],"4":[0,0],"5":[0,0],"6":[0,0],"7":[0,0],"8":[0,0],"9":[0,0],"10":[0,0],"11":[0,0]},"_coverageSchema":"1a1c01bbd47fc00a2c39e90264f33305004495a9","hash":"5fe9e1cc07138b09f2765b0e8748db488bc498b9"}
,"C:\\fe\\task-management-frontend\\src\\utils\\user.util.ts": {"path":"C:\\fe\\task-management-frontend\\src\\utils\\user.util.ts","statementMap":{"0":{"start":{"line":9,"column":2},"end":{"line":15,"column":3}},"1":{"start":{"line":10,"column":18},"end":{"line":10,"column":46}},"2":{"start":{"line":11,"column":4},"end":{"line":13,"column":5}},"3":{"start":{"line":12,"column":6},"end":{"line":12,"column":39}},"4":{"start":{"line":14,"column":4},"end":{"line":14,"column":68}},"5":{"start":{"line":16,"column":2},"end":{"line":18,"column":3}},"6":{"start":{"line":17,"column":4},"end":{"line":17,"column":50}},"7":{"start":{"line":19,"column":2},"end":{"line":19,"column":14}}},"fnMap":{"0":{"name":"getInitials","decl":{"start":{"line":8,"column":16},"end":{"line":8,"column":27}},"loc":{"start":{"line":8,"column":85},"end":{"line":20,"column":1}},"line":8}},"branchMap":{"0":{"loc":{"start":{"line":9,"column":2},"end":{"line":15,"column":3}},"type":"if","locations":[{"start":{"line":9,"column":2},"end":{"line":15,"column":3}},{"start":{},"end":{}}],"line":9},"1":{"loc":{"start":{"line":11,"column":4},"end":{"line":13,"column":5}},"type":"if","locations":[{"start":{"line":11,"column":4},"end":{"line":13,"column":5}},{"start":{},"end":{}}],"line":11},"2":{"loc":{"start":{"line":16,"column":2},"end":{"line":18,"column":3}},"type":"if","locations":[{"start":{"line":16,"column":2},"end":{"line":18,"column":3}},{"start":{},"end":{}}],"line":16}},"s":{"0":0,"1":0,"2":0,"3":0,"4":0,"5":0,"6":0,"7":0},"f":{"0":0},"b":{"0":[0,0],"1":[0,0],"2":[0,0]},"_coverageSchema":"1a1c01bbd47fc00a2c39e90264f33305004495a9","hash":"c44f151d9423ce820c8aeb2cba5191cf7bfc8184"}
}
