TN:
SF:src\App.tsx
FN:19,App
FNF:1
FNH:1
FNDA:1,App
DA:20,1
LF:1
LH:1
BRF:0
BRH:0
end_of_record
TN:
SF:src\index.tsx
FNF:0
FNH:0
DA:7,0
DA:8,0
DA:10,0
DA:16,0
LF:4
LH:0
BRF:0
BRH:0
end_of_record
TN:
SF:src\reportWebVitals.js
FN:1,(anonymous_0)
FN:3,(anonymous_1)
FNF:2
FNH:0
FNDA:0,(anonymous_0)
FNDA:0,(anonymous_1)
DA:1,0
DA:2,0
DA:3,0
DA:4,0
DA:5,0
DA:6,0
DA:7,0
DA:8,0
LF:8
LH:0
BRDA:2,0,0,0
BRDA:2,0,1,0
BRDA:2,1,0,0
BRDA:2,1,1,0
BRF:4
BRH:0
end_of_record
TN:
SF:src\components\activity\ActivityTimeline.tsx
FN:34,ActivityTimeline
FN:47,(anonymous_1)
FN:74,(anonymous_2)
FN:86,(anonymous_3)
FN:91,(anonymous_4)
FN:98,(anonymous_5)
FN:110,(anonymous_6)
FN:121,(anonymous_7)
FN:184,(anonymous_8)
FNF:9
FNH:0
FNDA:0,ActivityTimeline
FNDA:0,(anonymous_1)
FNDA:0,(anonymous_2)
FNDA:0,(anonymous_3)
FNDA:0,(anonymous_4)
FNDA:0,(anonymous_5)
FNDA:0,(anonymous_6)
FNDA:0,(anonymous_7)
FNDA:0,(anonymous_8)
DA:42,0
DA:43,0
DA:44,0
DA:47,0
DA:49,0
DA:50,0
DA:51,0
DA:52,0
DA:55,0
DA:56,0
DA:57,0
DA:60,0
DA:61,0
DA:63,0
DA:65,0
DA:66,0
DA:67,0
DA:68,0
DA:71,0
DA:73,0
DA:74,0
DA:76,0
DA:79,0
DA:80,0
DA:82,0
DA:86,0
DA:87,0
DA:91,0
DA:92,0
DA:93,0
DA:98,0
DA:99,0
DA:100,0
DA:101,0
DA:102,0
DA:103,0
DA:105,0
DA:110,0
DA:111,0
DA:112,0
DA:113,0
DA:114,0
DA:118,0
DA:119,0
DA:122,0
DA:135,0
DA:136,0
DA:152,0
DA:153,0
DA:165,0
DA:185,0
DA:186,0
DA:187,0
DA:188,0
DA:190,0
LF:55
LH:0
BRDA:39,0,0,0
BRDA:40,1,0,0
BRDA:42,2,0,0
BRDA:42,2,1,0
BRDA:49,3,0,0
BRDA:49,3,1,0
BRDA:55,4,0,0
BRDA:55,4,1,0
BRDA:55,5,0,0
BRDA:55,5,1,0
BRDA:55,5,2,0
BRDA:65,6,0,0
BRDA:65,6,1,0
BRDA:65,7,0,0
BRDA:65,7,1,0
BRDA:67,8,0,0
BRDA:67,8,1,0
BRDA:71,9,0,0
BRDA:71,9,1,0
BRDA:71,10,0,0
BRDA:71,10,1,0
BRDA:80,11,0,0
BRDA:80,11,1,0
BRDA:92,12,0,0
BRDA:92,12,1,0
BRDA:99,13,0,0
BRDA:99,13,1,0
BRDA:101,14,0,0
BRDA:101,14,1,0
BRDA:102,15,0,0
BRDA:102,15,1,0
BRDA:111,16,0,0
BRDA:111,16,1,0
BRDA:113,17,0,0
BRDA:113,17,1,0
BRDA:118,18,0,0
BRDA:118,18,1,0
BRDA:135,19,0,0
BRDA:135,19,1,0
BRDA:152,20,0,0
BRDA:152,20,1,0
BRDA:152,21,0,0
BRDA:152,21,1,0
BRDA:168,22,0,0
BRDA:168,22,1,0
BRDA:187,23,0,0
BRDA:187,23,1,0
BRDA:194,24,0,0
BRDA:194,24,1,0
BRF:49
BRH:0
end_of_record
TN:
SF:src\components\comment\comment-bubble.tsx
FN:13,CommentBubble
FN:18,renderCommentContent
FN:21,(anonymous_2)
FN:27,(anonymous_3)
FN:78,(anonymous_4)
FNF:5
FNH:0
FNDA:0,CommentBubble
FNDA:0,renderCommentContent
FNDA:0,(anonymous_2)
FNDA:0,(anonymous_3)
FNDA:0,(anonymous_4)
DA:14,0
DA:16,0
DA:17,0
DA:19,0
DA:20,0
DA:21,0
DA:22,0
DA:23,0
DA:25,0
DA:26,0
DA:27,0
DA:28,0
DA:29,0
DA:30,0
DA:31,0
DA:36,0
DA:41,0
DA:44,0
DA:45,0
DA:51,0
DA:53,0
DA:79,0
LF:22
LH:0
BRDA:20,0,0,0
BRDA:20,0,1,0
BRDA:22,1,0,0
BRDA:22,1,1,0
BRDA:30,2,0,0
BRDA:30,2,1,0
BRDA:44,3,0,0
BRDA:44,3,1,0
BRDA:57,4,0,0
BRDA:57,4,1,0
BRDA:76,5,0,0
BRDA:76,5,1,0
BRDA:93,6,0,0
BRDA:93,6,1,0
BRF:14
BRH:0
end_of_record
TN:
SF:src\components\comment\comment-section.tsx
FN:89,CommentSection
FN:102,(anonymous_1)
FN:109,(anonymous_2)
FN:115,(anonymous_3)
FN:118,(anonymous_4)
FN:127,(anonymous_5)
FN:133,handleFileSelect
FN:137,(anonymous_7)
FN:141,(anonymous_8)
FN:141,(anonymous_9)
FN:142,(anonymous_10)
FN:143,(anonymous_11)
FN:149,handleRemoveAttachment
FN:150,(anonymous_13)
FN:150,(anonymous_14)
FN:158,handleSubmit
FN:172,(anonymous_16)
FN:177,(anonymous_17)
FN:213,(anonymous_18)
FN:218,(anonymous_19)
FN:240,(anonymous_20)
FN:248,(anonymous_21)
FN:250,(anonymous_22)
FN:274,(anonymous_23)
FN:277,(anonymous_24)
FN:286,(anonymous_25)
FNF:26
FNH:0
FNDA:0,CommentSection
FNDA:0,(anonymous_1)
FNDA:0,(anonymous_2)
FNDA:0,(anonymous_3)
FNDA:0,(anonymous_4)
FNDA:0,(anonymous_5)
FNDA:0,handleFileSelect
FNDA:0,(anonymous_7)
FNDA:0,(anonymous_8)
FNDA:0,(anonymous_9)
FNDA:0,(anonymous_10)
FNDA:0,(anonymous_11)
FNDA:0,handleRemoveAttachment
FNDA:0,(anonymous_13)
FNDA:0,(anonymous_14)
FNDA:0,handleSubmit
FNDA:0,(anonymous_16)
FNDA:0,(anonymous_17)
FNDA:0,(anonymous_18)
FNDA:0,(anonymous_19)
FNDA:0,(anonymous_20)
FNDA:0,(anonymous_21)
FNDA:0,(anonymous_22)
FNDA:0,(anonymous_23)
FNDA:0,(anonymous_24)
FNDA:0,(anonymous_25)
DA:16,1
DA:90,0
DA:91,0
DA:93,0
DA:94,0
DA:95,0
DA:96,0
DA:98,0
DA:99,0
DA:100,0
DA:102,0
DA:103,0
DA:104,0
DA:105,0
DA:109,0
DA:113,0
DA:114,0
DA:116,0
DA:117,0
DA:118,0
DA:125,0
DA:128,0
DA:129,0
DA:134,0
DA:136,0
DA:137,0
DA:139,0
DA:140,0
DA:141,0
DA:142,0
DA:144,0
DA:145,0
DA:150,0
DA:151,0
DA:152,0
DA:159,0
DA:161,0
DA:166,0
DA:169,0
DA:171,0
DA:172,0
DA:174,0
DA:177,0
DA:179,0
DA:185,0
DA:186,0
DA:188,0
DA:190,0
DA:193,0
DA:214,0
DA:218,0
DA:240,0
DA:248,0
DA:251,0
DA:252,0
DA:275,0
DA:277,0
DA:286,0
LF:58
LH:1
BRDA:99,0,0,0
BRDA:99,0,1,0
BRDA:103,1,0,0
BRDA:103,1,1,0
BRDA:103,2,0,0
BRDA:103,2,1,0
BRDA:113,3,0,0
BRDA:113,3,1,0
BRDA:116,4,0,0
BRDA:116,4,1,0
BRDA:134,5,0,0
BRDA:134,5,1,0
BRDA:134,6,0,0
BRDA:134,6,1,0
BRDA:142,7,0,0
BRDA:142,7,1,0
BRDA:161,8,0,0
BRDA:161,8,1,0
BRDA:162,9,0,0
BRDA:162,9,1,0
BRDA:162,9,2,0
BRDA:162,9,3,0
BRDA:198,10,0,0
BRDA:198,10,1,0
BRDA:205,11,0,0
BRDA:205,11,1,0
BRDA:206,12,0,0
BRDA:206,12,1,0
BRDA:206,12,2,0
BRDA:208,13,0,0
BRDA:208,13,1,0
BRDA:208,13,2,0
BRDA:209,14,0,0
BRDA:209,14,1,0
BRDA:228,15,0,0
BRDA:228,15,1,0
BRDA:229,16,0,0
BRDA:229,16,1,0
BRDA:255,17,0,0
BRDA:255,17,1,0
BRDA:263,18,0,0
BRDA:263,18,1,0
BRDA:272,19,0,0
BRDA:272,19,1,0
BRDA:287,20,0,0
BRDA:287,20,1,0
BRDA:292,21,0,0
BRDA:292,21,1,0
BRDA:292,21,2,0
BRDA:292,21,3,0
BRDA:293,22,0,0
BRDA:293,22,1,0
BRF:52
BRH:0
end_of_record
TN:
SF:src\components\comment\mention-user.tsx
FN:10,MentionUser
FN:17,(anonymous_1)
FN:18,(anonymous_2)
FNF:3
FNH:0
FNDA:0,MentionUser
FNDA:0,(anonymous_1)
FNDA:0,(anonymous_2)
DA:11,0
DA:12,0
DA:14,0
DA:17,0
DA:18,0
LF:5
LH:0
BRDA:24,0,0,0
BRDA:24,0,1,0
BRF:2
BRH:0
end_of_record
TN:
SF:src\components\common\calendar-view.tsx
FN:37,getDaysInMonth
FN:41,getFirstDayOfWeek
FN:46,parseTaskDate
FN:65,CalendarView
FN:66,(anonymous_4)
FN:81,(anonymous_5)
FN:82,(anonymous_6)
FN:86,prevMonth
FN:89,(anonymous_8)
FN:91,(anonymous_9)
FN:95,nextMonth
FN:98,(anonymous_11)
FN:100,(anonymous_12)
FN:104,jumpToToday
FN:111,(anonymous_14)
FN:112,(anonymous_15)
FN:120,(anonymous_16)
FN:126,(anonymous_17)
FN:157,(anonymous_18)
FN:158,(anonymous_19)
FN:162,(anonymous_20)
FN:166,(anonymous_21)
FN:171,handleDropTaskOnDate
FN:241,(anonymous_23)
FN:244,(anonymous_24)
FN:259,(anonymous_25)
FN:262,(anonymous_26)
FN:281,(anonymous_27)
FN:291,(anonymous_28)
FN:295,(anonymous_29)
FN:305,(anonymous_30)
FN:306,(anonymous_31)
FN:311,(anonymous_32)
FN:312,(anonymous_33)
FN:349,(anonymous_34)
FN:352,(anonymous_35)
FNF:36
FNH:0
FNDA:0,getDaysInMonth
FNDA:0,getFirstDayOfWeek
FNDA:0,parseTaskDate
FNDA:0,CalendarView
FNDA:0,(anonymous_4)
FNDA:0,(anonymous_5)
FNDA:0,(anonymous_6)
FNDA:0,prevMonth
FNDA:0,(anonymous_8)
FNDA:0,(anonymous_9)
FNDA:0,nextMonth
FNDA:0,(anonymous_11)
FNDA:0,(anonymous_12)
FNDA:0,jumpToToday
FNDA:0,(anonymous_14)
FNDA:0,(anonymous_15)
FNDA:0,(anonymous_16)
FNDA:0,(anonymous_17)
FNDA:0,(anonymous_18)
FNDA:0,(anonymous_19)
FNDA:0,(anonymous_20)
FNDA:0,(anonymous_21)
FNDA:0,handleDropTaskOnDate
FNDA:0,(anonymous_23)
FNDA:0,(anonymous_24)
FNDA:0,(anonymous_25)
FNDA:0,(anonymous_26)
FNDA:0,(anonymous_27)
FNDA:0,(anonymous_28)
FNDA:0,(anonymous_29)
FNDA:0,(anonymous_30)
FNDA:0,(anonymous_31)
FNDA:0,(anonymous_32)
FNDA:0,(anonymous_33)
FNDA:0,(anonymous_34)
FNDA:0,(anonymous_35)
DA:17,1
DA:18,1
DA:23,1
DA:30,1
DA:38,0
DA:42,0
DA:47,0
DA:48,0
DA:49,0
DA:50,0
DA:56,0
DA:57,0
DA:58,0
DA:66,0
DA:67,0
DA:68,0
DA:69,0
DA:70,0
DA:71,0
DA:72,0
DA:73,0
DA:75,0
DA:76,0
DA:77,0
DA:78,0
DA:81,0
DA:82,0
DA:83,0
DA:87,0
DA:88,0
DA:89,0
DA:91,0
DA:96,0
DA:97,0
DA:98,0
DA:100,0
DA:105,0
DA:106,0
DA:107,0
DA:111,0
DA:112,0
DA:113,0
DA:114,0
DA:115,0
DA:120,0
DA:121,0
DA:122,0
DA:123,0
DA:126,0
DA:127,0
DA:128,0
DA:130,0
DA:131,0
DA:132,0
DA:133,0
DA:134,0
DA:135,0
DA:136,0
DA:139,0
DA:140,0
DA:141,0
DA:143,0
DA:144,0
DA:145,0
DA:150,0
DA:154,0
DA:157,0
DA:158,0
DA:162,0
DA:163,0
DA:164,0
DA:165,0
DA:166,0
DA:172,0
DA:173,0
DA:174,0
DA:176,0
DA:177,0
DA:179,0
DA:180,0
DA:181,0
DA:183,0
DA:188,0
DA:242,0
DA:244,0
DA:260,0
DA:262,0
DA:282,0
DA:292,0
DA:296,0
DA:297,0
DA:298,0
DA:299,0
DA:300,0
DA:302,0
DA:305,0
DA:307,0
DA:308,0
DA:309,0
DA:311,0
DA:313,0
DA:314,0
DA:315,0
DA:316,0
DA:350,0
DA:353,0
DA:354,0
LF:107
LH:4
BRDA:47,0,0,0
BRDA:47,0,1,0
BRDA:49,1,0,0
BRDA:49,1,1,0
BRDA:57,2,0,0
BRDA:57,2,1,0
BRDA:78,3,0,0
BRDA:78,3,1,0
BRDA:87,4,0,0
BRDA:87,4,1,0
BRDA:96,5,0,0
BRDA:96,5,1,0
BRDA:113,6,0,0
BRDA:113,6,1,0
BRDA:114,7,0,0
BRDA:114,7,1,0
BRDA:115,8,0,0
BRDA:115,8,1,0
BRDA:130,9,0,0
BRDA:130,9,1,0
BRDA:130,10,0,0
BRDA:130,10,1,0
BRDA:135,11,0,0
BRDA:135,11,1,0
BRDA:139,12,0,0
BRDA:139,12,1,0
BRDA:140,13,0,0
BRDA:140,13,1,0
BRDA:140,14,0,0
BRDA:140,14,1,0
BRDA:140,14,2,0
BRDA:140,14,3,0
BRDA:143,15,0,0
BRDA:143,15,1,0
BRDA:144,16,0,0
BRDA:144,16,1,0
BRDA:144,17,0,0
BRDA:144,17,1,0
BRDA:144,17,2,0
BRDA:144,17,3,0
BRDA:154,18,0,0
BRDA:154,18,1,0
BRDA:154,19,0,0
BRDA:154,19,1,0
BRDA:163,20,0,0
BRDA:163,20,1,0
BRDA:166,21,0,0
BRDA:166,21,1,0
BRDA:166,21,2,0
BRDA:176,22,0,0
BRDA:176,22,1,0
BRDA:191,23,0,0
BRDA:191,23,1,0
BRDA:191,23,2,0
BRDA:193,24,0,0
BRDA:193,24,1,0
BRDA:194,25,0,0
BRDA:194,25,1,0
BRDA:238,26,0,0
BRDA:238,26,1,0
BRDA:245,27,0,0
BRDA:245,27,1,0
BRDA:263,28,0,0
BRDA:263,28,1,0
BRDA:297,29,0,0
BRDA:297,29,1,0
BRDA:298,30,0,0
BRDA:298,30,1,0
BRDA:309,31,0,0
BRDA:309,31,1,0
BRDA:314,32,0,0
BRDA:314,32,1,0
BRDA:315,33,0,0
BRDA:315,33,1,0
BRDA:319,34,0,0
BRDA:319,34,1,0
BRDA:321,35,0,0
BRDA:321,35,1,0
BRDA:323,36,0,0
BRDA:323,36,1,0
BRDA:331,37,0,0
BRDA:331,37,1,0
BRDA:333,38,0,0
BRDA:333,38,1,0
BRDA:340,39,0,0
BRDA:340,39,1,0
BRDA:342,40,0,0
BRDA:342,40,1,0
BRDA:356,41,0,0
BRDA:356,41,1,0
BRDA:365,42,0,0
BRDA:365,42,1,0
BRF:92
BRH:0
end_of_record
TN:
SF:src\components\common\empty-state.tsx
FN:10,EmptyState
FNF:1
FNH:0
FNDA:0,EmptyState
DA:11,0
LF:1
LH:0
BRDA:13,0,0,0
BRDA:13,0,1,0
BRDA:15,1,0,0
BRDA:15,1,1,0
BRDA:16,2,0,0
BRDA:16,2,1,0
BRF:6
BRH:0
end_of_record
TN:
SF:src\components\common\loading-skeleton.tsx
FN:3,Skeleton
FN:9,StatCardSkeleton
FN:19,TaskRowSkeleton
FNF:3
FNH:0
FNDA:0,Skeleton
FNDA:0,StatCardSkeleton
FNDA:0,TaskRowSkeleton
DA:4,0
DA:10,0
DA:20,0
LF:3
LH:0
BRDA:3,0,0,0
BRF:1
BRH:0
end_of_record
TN:
SF:src\components\common\priority-badge.tsx
FN:12,PriorityBadge
FNF:1
FNH:0
FNDA:0,PriorityBadge
DA:5,1
DA:13,0
LF:2
LH:1
BRF:0
BRH:0
end_of_record
TN:
SF:src\components\common\user-card.tsx
FN:9,getUserInitials
FN:14,UserCard
FNF:2
FNH:0
FNDA:0,getUserInitials
FNDA:0,UserCard
DA:10,0
DA:15,0
DA:17,0
LF:3
LH:0
BRDA:14,0,0,0
BRDA:21,1,0,0
BRDA:21,1,1,0
BRDA:31,2,0,0
BRDA:31,2,1,0
BRF:5
BRH:0
end_of_record
TN:
SF:src\components\common\user-mention-tag.tsx
FN:15,UserMentionTag
FN:21,(anonymous_1)
FN:25,(anonymous_2)
FN:26,(anonymous_3)
FN:31,(anonymous_4)
FNF:5
FNH:0
FNDA:0,UserMentionTag
FNDA:0,(anonymous_1)
FNDA:0,(anonymous_2)
FNDA:0,(anonymous_3)
FNDA:0,(anonymous_4)
DA:6,0
DA:16,0
DA:19,0
DA:21,0
DA:22,0
DA:23,0
DA:24,0
DA:25,0
DA:27,0
DA:28,0
DA:31,0
DA:35,0
LF:12
LH:0
BRDA:17,0,0,0
BRDA:17,0,1,0
BRDA:22,1,0,0
BRDA:22,1,1,0
BRDA:22,2,0,0
BRDA:22,2,1,0
BRDA:22,2,2,0
BRDA:48,3,0,0
BRDA:48,3,1,0
BRDA:50,4,0,0
BRDA:50,4,1,0
BRDA:54,5,0,0
BRDA:54,5,1,0
BRF:13
BRH:0
end_of_record
TN:
SF:src\components\day-inspector\index.tsx
FN:21,DayInspector
FN:62,(anonymous_1)
FN:65,(anonymous_2)
FNF:3
FNH:0
FNDA:0,DayInspector
FNDA:0,(anonymous_1)
FNDA:0,(anonymous_2)
DA:6,1
DA:30,0
DA:63,0
DA:65,0
LF:4
LH:1
BRDA:35,0,0,0
BRDA:35,0,1,0
BRDA:37,1,0,0
BRDA:37,1,1,0
BRDA:37,1,2,0
BRDA:44,2,0,0
BRDA:44,2,1,0
BRDA:45,3,0,0
BRDA:45,3,1,0
BRDA:54,4,0,0
BRDA:54,4,1,0
BRDA:84,5,0,0
BRDA:84,5,1,0
BRDA:84,5,2,0
BRDA:90,6,0,0
BRDA:90,6,1,0
BRDA:93,7,0,0
BRDA:93,7,1,0
BRF:18
BRH:0
end_of_record
TN:
SF:src\components\layout\auth-guard.tsx
FN:5,HydrationLoader
FN:16,RequireAuth
FN:22,RedirectIfAuth
FNF:3
FNH:2
FNDA:0,HydrationLoader
FNDA:1,RequireAuth
FNDA:1,RedirectIfAuth
DA:6,0
DA:17,1
DA:18,1
DA:19,1
DA:23,1
DA:24,1
DA:25,1
LF:7
LH:6
BRDA:18,0,0,0
BRDA:18,0,1,1
BRDA:19,1,0,0
BRDA:19,1,1,1
BRDA:24,2,0,0
BRDA:24,2,1,1
BRDA:25,3,0,0
BRDA:25,3,1,1
BRF:8
BRH:4
end_of_record
TN:
SF:src\components\layout\command-menu.tsx
FN:13,CommandMenu
FN:18,(anonymous_1)
FN:22,(anonymous_2)
FN:25,(anonymous_3)
FN:29,(anonymous_4)
FN:30,(anonymous_5)
FN:39,(anonymous_6)
FN:63,(anonymous_7)
FN:72,(anonymous_8)
FNF:9
FNH:0
FNDA:0,CommandMenu
FNDA:0,(anonymous_1)
FNDA:0,(anonymous_2)
FNDA:0,(anonymous_3)
FNDA:0,(anonymous_4)
FNDA:0,(anonymous_5)
FNDA:0,(anonymous_6)
FNDA:0,(anonymous_7)
FNDA:0,(anonymous_8)
DA:4,1
DA:14,0
DA:15,0
DA:16,0
DA:18,0
DA:19,0
DA:22,0
DA:23,0
DA:24,0
DA:25,0
DA:29,0
DA:30,0
DA:31,0
DA:32,0
DA:33,0
DA:34,0
DA:36,0
DA:38,0
DA:39,0
DA:42,0
DA:44,0
DA:63,0
DA:73,0
LF:23
LH:1
BRDA:23,0,0,0
BRDA:23,0,1,0
BRDA:31,1,0,0
BRDA:31,1,1,0
BRDA:31,2,0,0
BRDA:31,2,1,0
BRDA:31,2,2,0
BRDA:33,3,0,0
BRDA:33,3,1,0
BRDA:36,4,0,0
BRDA:36,4,1,0
BRDA:42,5,0,0
BRDA:42,5,1,0
BRDA:72,6,0,0
BRDA:72,6,1,0
BRF:15
BRH:0
end_of_record
TN:
SF:src\components\layout\dashboard-layout.tsx
FN:8,DashboardLayout
FNF:1
FNH:0
FNDA:0,DashboardLayout
DA:9,0
LF:1
LH:0
BRF:0
BRH:0
end_of_record
TN:
SF:src\components\layout\sidebar-projects.tsx
FN:6,SidebarProjects
FN:11,(anonymous_1)
FN:12,(anonymous_2)
FN:15,(anonymous_3)
FN:16,(anonymous_4)
FN:67,(anonymous_5)
FN:71,(anonymous_6)
FNF:7
FNH:0
FNDA:0,SidebarProjects
FNDA:0,(anonymous_1)
FNDA:0,(anonymous_2)
FNDA:0,(anonymous_3)
FNDA:0,(anonymous_4)
FNDA:0,(anonymous_5)
FNDA:0,(anonymous_6)
DA:7,0
DA:8,0
DA:9,0
DA:11,0
DA:12,0
DA:15,0
DA:16,0
DA:19,0
DA:68,0
DA:72,0
LF:10
LH:0
BRDA:12,0,0,0
BRDA:12,0,1,0
BRDA:16,1,0,0
BRDA:16,1,1,0
BRDA:25,2,0,0
BRDA:25,2,1,0
BRDA:33,3,0,0
BRDA:33,3,1,0
BRDA:37,4,0,0
BRDA:37,4,1,0
BRDA:49,5,0,0
BRDA:49,5,1,0
BRDA:62,6,0,0
BRDA:62,6,1,0
BRDA:64,7,0,0
BRDA:64,7,1,0
BRDA:73,8,0,0
BRDA:73,8,1,0
BRF:18
BRH:0
end_of_record
TN:
SF:src\components\layout\sidebar.tsx
FN:15,Sidebar
FN:22,(anonymous_1)
FN:44,(anonymous_2)
FN:46,(anonymous_3)
FNF:4
FNH:0
FNDA:0,Sidebar
FNDA:0,(anonymous_1)
FNDA:0,(anonymous_2)
FNDA:0,(anonymous_3)
DA:8,1
DA:16,0
DA:17,0
DA:19,0
DA:21,0
DA:23,0
DA:24,0
DA:30,0
DA:45,0
DA:47,0
LF:10
LH:1
BRDA:19,0,0,0
BRDA:19,0,1,0
BRDA:21,1,0,0
BRDA:21,1,1,0
BRDA:24,2,0,0
BRDA:24,2,1,0
BRDA:28,3,0,0
BRDA:28,3,1,0
BRDA:48,4,0,0
BRDA:48,4,1,0
BRDA:62,5,0,0
BRDA:62,5,1,0
BRF:12
BRH:0
end_of_record
TN:
SF:src\components\layout\top-header.tsx
FN:11,TopHeader
FNF:1
FNH:0
FNDA:0,TopHeader
DA:15,0
DA:17,0
LF:2
LH:0
BRDA:12,0,0,0
BRDA:13,1,0,0
BRF:2
BRH:0
end_of_record
TN:
SF:src\components\layout\user-menu.tsx
FN:7,UserMenu
FN:14,(anonymous_1)
FN:15,handler
FN:19,(anonymous_3)
FN:22,(anonymous_4)
FN:23,handler
FN:25,(anonymous_6)
FN:32,(anonymous_7)
FN:32,(anonymous_8)
FN:40,(anonymous_9)
FN:41,(anonymous_10)
FN:53,(anonymous_11)
FN:53,(anonymous_12)
FN:69,(anonymous_13)
FN:70,(anonymous_14)
FN:73,(anonymous_15)
FN:81,MenuItem
FNF:17
FNH:0
FNDA:0,UserMenu
FNDA:0,(anonymous_1)
FNDA:0,handler
FNDA:0,(anonymous_3)
FNDA:0,(anonymous_4)
FNDA:0,handler
FNDA:0,(anonymous_6)
FNDA:0,(anonymous_7)
FNDA:0,(anonymous_8)
FNDA:0,(anonymous_9)
FNDA:0,(anonymous_10)
FNDA:0,(anonymous_11)
FNDA:0,(anonymous_12)
FNDA:0,(anonymous_13)
FNDA:0,(anonymous_14)
FNDA:0,(anonymous_15)
FNDA:0,MenuItem
DA:8,0
DA:9,0
DA:10,0
DA:11,0
DA:12,0
DA:14,0
DA:16,0
DA:18,0
DA:19,0
DA:22,0
DA:23,0
DA:24,0
DA:25,0
DA:29,0
DA:30,0
DA:32,0
DA:40,0
DA:41,0
DA:48,0
DA:50,0
DA:53,0
DA:69,0
DA:70,0
DA:73,0
DA:82,0
LF:25
LH:0
BRDA:16,0,0,0
BRDA:16,0,1,0
BRDA:16,1,0,0
BRDA:16,1,1,0
BRDA:23,2,0,0
BRDA:23,2,1,0
BRDA:29,3,0,0
BRDA:29,3,1,0
BRDA:34,4,0,0
BRDA:34,4,1,0
BRDA:37,5,0,0
BRDA:37,5,1,0
BRDA:55,6,0,0
BRDA:55,6,1,0
BRDA:56,7,0,0
BRDA:56,7,1,0
BRDA:62,8,0,0
BRDA:62,8,1,0
BRDA:85,9,0,0
BRDA:85,9,1,0
BRF:20
BRH:0
end_of_record
TN:
SF:src\components\notification\NotificationBell.tsx
FN:8,NotificationBell
FN:17,(anonymous_1)
FN:27,(anonymous_2)
FN:34,(anonymous_3)
FN:44,(anonymous_4)
FN:46,(anonymous_5)
FN:50,(anonymous_6)
FN:54,(anonymous_7)
FN:61,(anonymous_8)
FN:62,(anonymous_9)
FN:68,(anonymous_10)
FN:71,(anonymous_11)
FN:72,(anonymous_12)
FN:75,(anonymous_13)
FN:79,(anonymous_14)
FN:79,(anonymous_15)
FN:85,(anonymous_16)
FN:90,(anonymous_17)
FN:91,(anonymous_18)
FN:92,(anonymous_19)
FN:130,(anonymous_20)
FNF:21
FNH:0
FNDA:0,NotificationBell
FNDA:0,(anonymous_1)
FNDA:0,(anonymous_2)
FNDA:0,(anonymous_3)
FNDA:0,(anonymous_4)
FNDA:0,(anonymous_5)
FNDA:0,(anonymous_6)
FNDA:0,(anonymous_7)
FNDA:0,(anonymous_8)
FNDA:0,(anonymous_9)
FNDA:0,(anonymous_10)
FNDA:0,(anonymous_11)
FNDA:0,(anonymous_12)
FNDA:0,(anonymous_13)
FNDA:0,(anonymous_14)
FNDA:0,(anonymous_15)
FNDA:0,(anonymous_16)
FNDA:0,(anonymous_17)
FNDA:0,(anonymous_18)
FNDA:0,(anonymous_19)
FNDA:0,(anonymous_20)
DA:9,0
DA:10,0
DA:11,0
DA:12,0
DA:14,0
DA:17,0
DA:18,0
DA:19,0
DA:20,0
DA:27,0
DA:28,0
DA:29,0
DA:30,0
DA:31,0
DA:32,0
DA:34,0
DA:35,0
DA:37,0
DA:39,0
DA:44,0
DA:45,0
DA:46,0
DA:47,0
DA:50,0
DA:54,0
DA:55,0
DA:56,0
DA:61,0
DA:62,0
DA:63,0
DA:64,0
DA:67,0
DA:68,0
DA:71,0
DA:72,0
DA:75,0
DA:76,0
DA:77,0
DA:78,0
DA:79,0
DA:81,0
DA:85,0
DA:87,0
DA:88,0
DA:89,0
DA:90,0
DA:91,0
DA:92,0
DA:95,0
DA:100,0
DA:101,0
DA:104,0
DA:107,0
DA:130,0
LF:54
LH:0
BRDA:20,0,0,0
BRDA:20,0,1,0
BRDA:31,1,0,0
BRDA:31,1,1,0
BRDA:55,2,0,0
BRDA:55,2,1,0
BRDA:63,3,0,0
BRDA:63,3,1,0
BRDA:63,4,0,0
BRDA:63,4,1,0
BRDA:87,5,0,0
BRDA:87,5,1,0
BRDA:92,6,0,0
BRDA:92,6,1,0
BRDA:100,7,0,0
BRDA:100,7,1,0
BRDA:118,8,0,0
BRDA:118,8,1,0
BRDA:120,9,0,0
BRDA:120,9,1,0
BRF:20
BRH:0
end_of_record
TN:
SF:src\components\notification\NotificationDropdown.tsx
FN:16,NotificationDropdown
FN:25,(anonymous_1)
FN:60,(anonymous_2)
FN:102,(anonymous_3)
FN:110,(anonymous_4)
FNF:5
FNH:0
FNDA:0,NotificationDropdown
FNDA:0,(anonymous_1)
FNDA:0,(anonymous_2)
FNDA:0,(anonymous_3)
FNDA:0,(anonymous_4)
DA:23,0
DA:25,0
DA:26,0
DA:28,0
DA:34,0
DA:40,0
DA:46,0
DA:52,0
DA:60,0
DA:62,0
DA:103,0
DA:104,0
DA:105,0
DA:107,0
DA:110,0
LF:15
LH:0
BRDA:23,0,0,0
BRDA:23,0,1,0
BRDA:26,1,0,0
BRDA:26,1,1,0
BRDA:26,1,2,0
BRDA:26,1,3,0
BRDA:26,1,4,0
BRDA:68,2,0,0
BRDA:68,2,1,0
BRDA:75,3,0,0
BRDA:75,3,1,0
BRDA:89,4,0,0
BRDA:89,4,1,0
BRDA:89,5,0,0
BRDA:89,5,1,0
BRDA:94,6,0,0
BRDA:94,6,1,0
BRDA:112,7,0,0
BRDA:112,7,1,0
BRDA:119,8,0,0
BRDA:119,8,1,0
BRDA:122,9,0,0
BRDA:122,9,1,0
BRDA:139,10,0,0
BRDA:139,10,1,0
BRDA:144,11,0,0
BRDA:144,11,1,0
BRDA:156,12,0,0
BRDA:156,12,1,0
BRF:29
BRH:0
end_of_record
TN:
SF:src\components\project\create-project-form.tsx
FN:13,CreateProjectForm
FN:27,handleSubmit
FN:70,(anonymous_2)
FN:74,(anonymous_3)
FN:90,(anonymous_4)
FN:105,(anonymous_5)
FNF:6
FNH:0
FNDA:0,CreateProjectForm
FNDA:0,handleSubmit
FNDA:0,(anonymous_2)
FNDA:0,(anonymous_3)
FNDA:0,(anonymous_4)
FNDA:0,(anonymous_5)
DA:19,0
DA:22,0
DA:23,0
DA:24,0
DA:25,0
DA:28,0
DA:29,0
DA:30,0
DA:31,0
DA:32,0
DA:34,0
DA:36,0
DA:37,0
DA:38,0
DA:39,0
DA:43,0
DA:44,0
DA:45,0
DA:47,0
DA:48,0
DA:50,0
DA:54,0
DA:70,0
DA:75,0
DA:90,0
DA:105,0
LF:26
LH:0
BRDA:15,0,0,0
BRDA:20,1,0,0
BRDA:20,1,1,0
BRDA:20,2,0,0
BRDA:20,2,1,0
BRDA:29,3,0,0
BRDA:29,3,1,0
BRDA:30,4,0,0
BRDA:30,4,1,0
BRDA:34,5,0,0
BRDA:34,5,1,0
BRDA:34,6,0,0
BRDA:34,6,1,0
BRDA:41,7,0,0
BRDA:41,7,1,0
BRDA:48,8,0,0
BRDA:48,8,1,0
BRDA:56,9,0,0
BRDA:56,9,1,0
BRDA:63,10,0,0
BRDA:63,10,1,0
BRDA:63,10,2,0
BRDA:116,11,0,0
BRDA:116,11,1,0
BRDA:128,12,0,0
BRDA:128,12,1,0
BRDA:132,13,0,0
BRDA:132,13,1,0
BRF:28
BRH:0
end_of_record
TN:
SF:src\components\project\pending-members-modal.tsx
FN:14,PendingMembersModal
FN:25,(anonymous_1)
FN:40,(anonymous_2)
FN:47,(anonymous_3)
FN:51,(anonymous_4)
FN:51,(anonymous_5)
FN:62,(anonymous_6)
FN:80,(anonymous_7)
FN:140,(anonymous_8)
FN:170,(anonymous_9)
FN:188,(anonymous_10)
FN:199,(anonymous_11)
FNF:12
FNH:0
FNDA:0,PendingMembersModal
FNDA:0,(anonymous_1)
FNDA:0,(anonymous_2)
FNDA:0,(anonymous_3)
FNDA:0,(anonymous_4)
FNDA:0,(anonymous_5)
FNDA:0,(anonymous_6)
FNDA:0,(anonymous_7)
FNDA:0,(anonymous_8)
FNDA:0,(anonymous_9)
FNDA:0,(anonymous_10)
FNDA:0,(anonymous_11)
DA:21,0
DA:22,0
DA:23,0
DA:24,0
DA:25,0
DA:26,0
DA:27,0
DA:29,0
DA:30,0
DA:31,0
DA:33,0
DA:34,0
DA:36,0
DA:40,0
DA:41,0
DA:42,0
DA:47,0
DA:48,0
DA:49,0
DA:50,0
DA:51,0
DA:52,0
DA:54,0
DA:55,0
DA:57,0
DA:62,0
DA:80,0
DA:81,0
DA:82,0
DA:84,0
DA:88,0
DA:90,0
DA:141,0
DA:170,0
DA:188,0
DA:199,0
LF:36
LH:0
BRDA:34,0,0,0
BRDA:34,0,1,0
BRDA:41,1,0,0
BRDA:41,1,1,0
BRDA:41,2,0,0
BRDA:41,2,1,0
BRDA:55,3,0,0
BRDA:55,3,1,0
BRDA:88,4,0,0
BRDA:88,4,1,0
BRDA:109,5,0,0
BRDA:109,5,1,0
BRDA:123,6,0,0
BRDA:123,6,1,0
BRDA:128,7,0,0
BRDA:128,7,1,0
BRDA:148,8,0,0
BRDA:148,8,1,0
BRDA:192,9,0,0
BRDA:192,9,1,0
BRDA:203,10,0,0
BRDA:203,10,1,0
BRDA:220,11,0,0
BRDA:220,11,1,0
BRF:24
BRH:0
end_of_record
TN:
SF:src\components\project\project-activity-drawer.tsx
FN:12,ProjectActivityDrawer
FNF:1
FNH:0
FNDA:0,ProjectActivityDrawer
DA:18,0
DA:20,0
LF:2
LH:0
BRDA:18,0,0,0
BRDA:18,0,1,0
BRDA:44,1,0,0
BRDA:44,1,1,0
BRF:4
BRH:0
end_of_record
TN:
SF:src\components\project\project-members-modal.tsx
FN:15,ProjectMembersModal
FN:29,(anonymous_1)
FN:44,(anonymous_2)
FN:50,(anonymous_3)
FN:54,(anonymous_4)
FN:55,(anonymous_5)
FN:66,(anonymous_6)
FN:73,(anonymous_7)
FN:73,(anonymous_8)
FN:83,(anonymous_9)
FN:93,(anonymous_10)
FN:98,(anonymous_11)
FN:158,(anonymous_12)
FN:184,(anonymous_13)
FN:230,(anonymous_14)
FN:248,(anonymous_15)
FNF:16
FNH:0
FNDA:0,ProjectMembersModal
FNDA:0,(anonymous_1)
FNDA:0,(anonymous_2)
FNDA:0,(anonymous_3)
FNDA:0,(anonymous_4)
FNDA:0,(anonymous_5)
FNDA:0,(anonymous_6)
FNDA:0,(anonymous_7)
FNDA:0,(anonymous_8)
FNDA:0,(anonymous_9)
FNDA:0,(anonymous_10)
FNDA:0,(anonymous_11)
FNDA:0,(anonymous_12)
FNDA:0,(anonymous_13)
FNDA:0,(anonymous_14)
FNDA:0,(anonymous_15)
DA:22,0
DA:23,0
DA:24,0
DA:25,0
DA:26,0
DA:27,0
DA:29,0
DA:30,0
DA:31,0
DA:32,0
DA:33,0
DA:34,0
DA:35,0
DA:37,0
DA:38,0
DA:40,0
DA:44,0
DA:45,0
DA:46,0
DA:50,0
DA:51,0
DA:52,0
DA:53,0
DA:54,0
DA:55,0
DA:57,0
DA:59,0
DA:60,0
DA:62,0
DA:66,0
DA:67,0
DA:68,0
DA:70,0
DA:71,0
DA:72,0
DA:73,0
DA:74,0
DA:76,0
DA:77,0
DA:79,0
DA:83,0
DA:84,0
DA:85,0
DA:86,0
DA:88,0
DA:92,0
DA:94,0
DA:98,0
DA:99,0
DA:101,0
DA:103,0
DA:105,0
DA:107,0
DA:109,0
DA:113,0
DA:115,0
DA:158,0
DA:185,0
DA:231,0
DA:248,0
LF:60
LH:0
BRDA:30,0,0,0
BRDA:30,0,1,0
BRDA:35,1,0,0
BRDA:35,1,1,0
BRDA:38,2,0,0
BRDA:38,2,1,0
BRDA:45,3,0,0
BRDA:45,3,1,0
BRDA:45,4,0,0
BRDA:45,4,1,0
BRDA:55,5,0,0
BRDA:55,5,1,0
BRDA:60,6,0,0
BRDA:60,6,1,0
BRDA:67,7,0,0
BRDA:67,7,1,0
BRDA:77,8,0,0
BRDA:77,8,1,0
BRDA:84,9,0,0
BRDA:84,9,1,0
BRDA:94,10,0,0
BRDA:94,10,1,0
BRDA:99,11,0,0
BRDA:99,11,1,0
BRDA:99,11,2,0
BRDA:99,11,3,0
BRDA:99,11,4,0
BRDA:113,12,0,0
BRDA:113,12,1,0
BRDA:139,13,0,0
BRDA:139,13,1,0
BRDA:166,14,0,0
BRDA:166,14,1,0
BRDA:172,15,0,0
BRDA:172,15,1,0
BRDA:172,16,0,0
BRDA:172,16,1,0
BRDA:177,17,0,0
BRDA:177,17,1,0
BRDA:186,18,0,0
BRDA:186,18,1,0
BRDA:191,19,0,0
BRDA:191,19,1,0
BRDA:226,20,0,0
BRDA:226,20,1,0
BRDA:246,21,0,0
BRDA:246,21,1,0
BRF:47
BRH:0
end_of_record
TN:
SF:src\components\project\share-project-modal.tsx
FN:12,ShareProjectModal
FN:34,(anonymous_1)
FN:67,(anonymous_2)
FN:73,(anonymous_3)
FN:107,(anonymous_4)
FN:119,(anonymous_5)
FN:200,(anonymous_6)
FN:219,(anonymous_7)
FN:235,(anonymous_8)
FNF:9
FNH:0
FNDA:0,ShareProjectModal
FNDA:0,(anonymous_1)
FNDA:0,(anonymous_2)
FNDA:0,(anonymous_3)
FNDA:0,(anonymous_4)
FNDA:0,(anonymous_5)
FNDA:0,(anonymous_6)
FNDA:0,(anonymous_7)
FNDA:0,(anonymous_8)
DA:19,0
DA:20,0
DA:21,0
DA:22,0
DA:23,0
DA:24,0
DA:25,0
DA:34,0
DA:35,0
DA:36,0
DA:38,0
DA:39,0
DA:40,0
DA:41,0
DA:42,0
DA:51,0
DA:54,0
DA:56,0
DA:58,0
DA:59,0
DA:62,0
DA:67,0
DA:68,0
DA:69,0
DA:73,0
DA:74,0
DA:75,0
DA:76,0
DA:78,0
DA:79,0
DA:85,0
DA:86,0
DA:88,0
DA:97,0
DA:98,0
DA:100,0
DA:101,0
DA:103,0
DA:107,0
DA:108,0
DA:110,0
DA:111,0
DA:112,0
DA:114,0
DA:115,0
DA:119,0
DA:120,0
DA:123,0
DA:125,0
DA:200,0
DA:219,0
DA:235,0
LF:52
LH:0
BRDA:40,0,0,0
BRDA:40,0,1,0
BRDA:54,1,0,0
BRDA:54,1,1,0
BRDA:59,2,0,0
BRDA:59,2,1,0
BRDA:68,3,0,0
BRDA:68,3,1,0
BRDA:68,4,0,0
BRDA:68,4,1,0
BRDA:101,5,0,0
BRDA:101,5,1,0
BRDA:108,6,0,0
BRDA:108,6,1,0
BRDA:123,7,0,0
BRDA:123,7,1,0
BRDA:143,8,0,0
BRDA:143,8,1,0
BRDA:148,9,0,0
BRDA:148,9,1,0
BRDA:158,10,0,0
BRDA:158,10,1,0
BRDA:243,11,0,0
BRDA:243,11,1,0
BRDA:263,12,0,0
BRDA:263,12,1,0
BRF:26
BRH:0
end_of_record
TN:
SF:src\components\task\create-task-form.tsx
FN:11,CreateTaskForm
FN:18,handleSubmit
FN:60,(anonymous_2)
FN:72,(anonymous_3)
FN:90,(anonymous_4)
FN:110,(anonymous_5)
FN:122,(anonymous_6)
FNF:7
FNH:0
FNDA:0,CreateTaskForm
FNDA:0,handleSubmit
FNDA:0,(anonymous_2)
FNDA:0,(anonymous_3)
FNDA:0,(anonymous_4)
FNDA:0,(anonymous_5)
FNDA:0,(anonymous_6)
DA:12,0
DA:13,0
DA:14,0
DA:15,0
DA:16,0
DA:19,0
DA:20,0
DA:22,0
DA:23,0
DA:24,0
DA:30,0
DA:31,0
DA:34,0
DA:35,0
DA:38,0
DA:40,0
DA:41,0
DA:42,0
DA:43,0
DA:44,0
DA:46,0
DA:47,0
DA:49,0
DA:53,0
DA:60,0
DA:72,0
DA:91,0
DA:92,0
DA:93,0
DA:110,0
DA:122,0
LF:31
LH:0
BRDA:20,0,0,0
BRDA:20,0,1,0
BRDA:20,1,0,0
BRDA:20,1,1,0
BRDA:30,2,0,0
BRDA:30,2,1,0
BRDA:30,3,0,0
BRDA:30,3,1,0
BRDA:34,4,0,0
BRDA:34,4,1,0
BRDA:34,5,0,0
BRDA:34,5,1,0
BRDA:47,6,0,0
BRDA:47,6,1,0
BRDA:68,7,0,0
BRDA:68,7,1,0
BRDA:135,8,0,0
BRDA:135,8,1,0
BRDA:138,9,0,0
BRDA:138,9,1,0
BRF:20
BRH:0
end_of_record
TN:
SF:src\components\task\task-card.tsx
FN:19,formatForDateInput
FN:24,(anonymous_1)
FN:34,TaskCard
FN:53,handleSaveTitle
FN:73,handleSaveTime
FN:97,(anonymous_5)
FN:99,(anonymous_6)
FN:100,(anonymous_7)
FN:112,(anonymous_8)
FN:118,(anonymous_9)
FN:133,(anonymous_10)
FN:143,(anonymous_11)
FN:152,(anonymous_12)
FN:155,(anonymous_13)
FN:167,(anonymous_14)
FN:172,(anonymous_15)
FN:185,(anonymous_16)
FN:207,(anonymous_17)
FN:217,(anonymous_18)
FN:232,(anonymous_19)
FN:245,(anonymous_20)
FN:262,(anonymous_21)
FN:277,(anonymous_22)
FN:296,(anonymous_23)
FN:328,(anonymous_24)
FN:343,(anonymous_25)
FNF:26
FNH:0
FNDA:0,formatForDateInput
FNDA:0,(anonymous_1)
FNDA:0,TaskCard
FNDA:0,handleSaveTitle
FNDA:0,handleSaveTime
FNDA:0,(anonymous_5)
FNDA:0,(anonymous_6)
FNDA:0,(anonymous_7)
FNDA:0,(anonymous_8)
FNDA:0,(anonymous_9)
FNDA:0,(anonymous_10)
FNDA:0,(anonymous_11)
FNDA:0,(anonymous_12)
FNDA:0,(anonymous_13)
FNDA:0,(anonymous_14)
FNDA:0,(anonymous_15)
FNDA:0,(anonymous_16)
FNDA:0,(anonymous_17)
FNDA:0,(anonymous_18)
FNDA:0,(anonymous_19)
FNDA:0,(anonymous_20)
FNDA:0,(anonymous_21)
FNDA:0,(anonymous_22)
FNDA:0,(anonymous_23)
FNDA:0,(anonymous_24)
FNDA:0,(anonymous_25)
DA:20,0
DA:21,0
DA:22,0
DA:23,0
DA:24,0
DA:25,0
DA:26,0
DA:27,0
DA:28,0
DA:30,0
DA:43,0
DA:45,0
DA:46,0
DA:48,0
DA:49,0
DA:50,0
DA:51,0
DA:54,0
DA:55,0
DA:57,0
DA:58,0
DA:59,0
DA:63,0
DA:64,0
DA:66,0
DA:67,0
DA:69,0
DA:74,0
DA:75,0
DA:77,0
DA:78,0
DA:79,0
DA:84,0
DA:85,0
DA:87,0
DA:88,0
DA:90,0
DA:94,0
DA:97,0
DA:99,0
DA:101,0
DA:102,0
DA:103,0
DA:112,0
DA:118,0
DA:133,0
DA:143,0
DA:152,0
DA:155,0
DA:167,0
DA:173,0
DA:174,0
DA:175,0
DA:186,0
DA:187,0
DA:188,0
DA:189,0
DA:207,0
DA:217,0
DA:232,0
DA:245,0
DA:262,0
DA:278,0
DA:279,0
DA:280,0
DA:297,0
DA:298,0
DA:329,0
DA:330,0
DA:344,0
DA:345,0
LF:71
LH:0
BRDA:20,0,0,0
BRDA:20,0,1,0
BRDA:23,1,0,0
BRDA:23,1,1,0
BRDA:24,2,0,0
BRDA:24,2,1,0
BRDA:30,3,0,0
BRDA:30,3,1,0
BRDA:43,4,0,0
BRDA:43,4,1,0
BRDA:55,5,0,0
BRDA:55,5,1,0
BRDA:55,6,0,0
BRDA:55,6,1,0
BRDA:67,7,0,0
BRDA:67,7,1,0
BRDA:75,8,0,0
BRDA:75,8,1,0
BRDA:81,9,0,0
BRDA:81,9,1,0
BRDA:82,10,0,0
BRDA:82,10,1,0
BRDA:88,11,0,0
BRDA:88,11,1,0
BRDA:97,12,0,0
BRDA:97,12,1,0
BRDA:109,13,0,0
BRDA:109,13,1,0
BRDA:125,14,0,0
BRDA:125,14,1,0
BRDA:151,15,0,0
BRDA:151,15,1,0
BRDA:163,16,0,0
BRDA:163,16,1,0
BRDA:204,17,0,0
BRDA:204,17,1,0
BRDA:258,18,0,0
BRDA:258,18,1,0
BRDA:279,19,0,0
BRDA:279,19,1,0
BRDA:300,20,0,0
BRDA:300,20,1,0
BRDA:317,21,0,0
BRDA:317,21,1,0
BRDA:319,22,0,0
BRDA:319,22,1,0
BRDA:324,23,0,0
BRDA:324,23,1,0
BRDA:333,24,0,0
BRDA:333,24,1,0
BRF:50
BRH:0
end_of_record
TN:
SF:src\components\task\task-detail-drawer.tsx
FN:27,TaskDetailDrawer
FN:48,(anonymous_1)
FN:52,(anonymous_2)
FN:55,(anonymous_3)
FN:58,(anonymous_4)
FN:66,(anonymous_5)
FN:73,handleAssigneeChange
FN:95,(anonymous_7)
FN:133,(anonymous_8)
FN:147,(anonymous_9)
FN:166,(anonymous_10)
FN:197,(anonymous_11)
FN:202,(anonymous_12)
FN:270,TaskField
FNF:14
FNH:0
FNDA:0,TaskDetailDrawer
FNDA:0,(anonymous_1)
FNDA:0,(anonymous_2)
FNDA:0,(anonymous_3)
FNDA:0,(anonymous_4)
FNDA:0,(anonymous_5)
FNDA:0,handleAssigneeChange
FNDA:0,(anonymous_7)
FNDA:0,(anonymous_8)
FNDA:0,(anonymous_9)
FNDA:0,(anonymous_10)
FNDA:0,(anonymous_11)
FNDA:0,(anonymous_12)
FNDA:0,TaskField
DA:34,0
DA:35,0
DA:36,0
DA:37,0
DA:38,0
DA:40,0
DA:44,0
DA:45,0
DA:46,0
DA:48,0
DA:49,0
DA:52,0
DA:53,0
DA:54,0
DA:56,0
DA:59,0
DA:62,0
DA:65,0
DA:67,0
DA:68,0
DA:74,0
DA:75,0
DA:76,0
DA:77,0
DA:78,0
DA:82,0
DA:83,0
DA:85,0
DA:86,0
DA:88,0
DA:92,0
DA:94,0
DA:95,0
DA:97,0
DA:133,0
DA:147,0
DA:166,0
DA:197,0
DA:203,0
DA:271,0
LF:40
LH:0
BRDA:27,0,0,0
BRDA:36,1,0,0
BRDA:36,1,1,0
BRDA:37,2,0,0
BRDA:37,2,1,0
BRDA:38,3,0,0
BRDA:38,3,1,0
BRDA:41,4,0,0
BRDA:41,4,1,0
BRDA:41,4,2,0
BRDA:46,5,0,0
BRDA:46,5,1,0
BRDA:49,6,0,0
BRDA:49,6,1,0
BRDA:49,6,2,0
BRDA:53,7,0,0
BRDA:53,7,1,0
BRDA:62,8,0,0
BRDA:62,8,1,0
BRDA:67,9,0,0
BRDA:67,9,1,0
BRDA:74,10,0,0
BRDA:74,10,1,0
BRDA:75,11,0,0
BRDA:75,11,1,0
BRDA:82,12,0,0
BRDA:82,12,1,0
BRDA:86,13,0,0
BRDA:86,13,1,0
BRDA:92,14,0,0
BRDA:92,14,1,0
BRDA:94,15,0,0
BRDA:94,15,1,0
BRDA:125,16,0,0
BRDA:125,16,1,0
BRDA:135,17,0,0
BRDA:135,17,1,0
BRDA:149,18,0,0
BRDA:149,18,1,0
BRDA:156,19,0,0
BRDA:156,19,1,0
BRDA:168,20,0,0
BRDA:168,20,1,0
BRDA:184,21,0,0
BRDA:184,21,1,0
BRDA:193,22,0,0
BRDA:193,22,1,0
BRDA:196,23,0,0
BRDA:196,23,1,0
BRDA:208,24,0,0
BRDA:208,24,1,0
BRDA:219,25,0,0
BRDA:219,25,1,0
BRDA:220,26,0,0
BRDA:220,26,1,0
BRDA:230,27,0,0
BRDA:230,27,1,0
BRDA:239,28,0,0
BRDA:239,28,1,0
BRDA:246,29,0,0
BRDA:246,29,1,0
BRF:61
BRH:0
end_of_record
TN:
SF:src\components\task\task-filter-bar.tsx
FN:34,TaskFilterBar
FN:45,(anonymous_1)
FN:49,(anonymous_2)
FN:53,(anonymous_3)
FN:62,(anonymous_4)
FN:66,(anonymous_5)
FN:70,(anonymous_6)
FN:81,(anonymous_7)
FN:85,(anonymous_8)
FN:89,(anonymous_9)
FN:151,(anonymous_10)
FN:259,(anonymous_11)
FNF:12
FNH:0
FNDA:0,TaskFilterBar
FNDA:0,(anonymous_1)
FNDA:0,(anonymous_2)
FNDA:0,(anonymous_3)
FNDA:0,(anonymous_4)
FNDA:0,(anonymous_5)
FNDA:0,(anonymous_6)
FNDA:0,(anonymous_7)
FNDA:0,(anonymous_8)
FNDA:0,(anonymous_9)
FNDA:0,(anonymous_10)
FNDA:0,(anonymous_11)
DA:41,0
DA:43,0
DA:45,0
DA:46,0
DA:49,0
DA:50,0
DA:53,0
DA:54,0
DA:55,0
DA:56,0
DA:58,0
DA:62,0
DA:63,0
DA:66,0
DA:67,0
DA:70,0
DA:71,0
DA:72,0
DA:81,0
DA:82,0
DA:85,0
DA:86,0
DA:89,0
DA:90,0
DA:93,0
DA:152,0
DA:259,0
LF:27
LH:0
BRDA:38,0,0,0
BRDA:43,1,0,0
BRDA:43,1,1,0
BRDA:54,2,0,0
BRDA:54,2,1,0
BRDA:55,3,0,0
BRDA:55,3,1,0
BRDA:76,4,0,0
BRDA:76,4,1,0
BRDA:77,5,0,0
BRDA:77,5,1,0
BRDA:108,6,0,0
BRDA:108,6,1,0
BRDA:121,7,0,0
BRDA:121,7,1,0
BRDA:126,8,0,0
BRDA:126,8,1,0
BRDA:132,9,0,0
BRDA:132,9,1,0
BRDA:211,10,0,0
BRDA:211,10,1,0
BRDA:229,11,0,0
BRDA:229,11,1,0
BRDA:240,12,0,0
BRDA:240,12,1,0
BRDA:250,13,0,0
BRDA:250,13,1,0
BRDA:256,14,0,0
BRDA:256,14,1,0
BRDA:256,14,2,0
BRF:30
BRH:0
end_of_record
TN:
SF:src\components\unschedule-work\index.tsx
FN:11,UnscheduleWork
FN:14,(anonymous_1)
FN:18,(anonymous_2)
FN:41,(anonymous_3)
FN:56,(anonymous_4)
FN:60,(anonymous_5)
FN:64,(anonymous_6)
FNF:7
FNH:0
FNDA:0,UnscheduleWork
FNDA:0,(anonymous_1)
FNDA:0,(anonymous_2)
FNDA:0,(anonymous_3)
FNDA:0,(anonymous_4)
FNDA:0,(anonymous_5)
FNDA:0,(anonymous_6)
DA:12,0
DA:14,0
DA:15,0
DA:16,0
DA:17,0
DA:18,0
DA:22,0
DA:41,0
DA:57,0
DA:61,0
DA:62,0
DA:64,0
LF:12
LH:0
BRDA:15,0,0,0
BRDA:15,0,1,0
BRDA:18,1,0,0
BRDA:18,1,1,0
BRDA:18,1,2,0
BRDA:50,2,0,0
BRDA:50,2,1,0
BRF:7
BRH:0
end_of_record
TN:
SF:src\constants\task-ui.ts
FNF:0
FNH:0
DA:1,1
DA:9,1
DA:18,1
DA:25,1
LF:4
LH:4
BRF:0
BRH:0
end_of_record
TN:
SF:src\hooks\use-auth.ts
FN:18,toUser
FN:27,useAuth
FN:32,login
FN:46,register
FN:60,logout
FNF:5
FNH:1
FNDA:0,toUser
FNDA:1,useAuth
FNDA:0,login
FNDA:0,register
FNDA:0,logout
DA:19,0
DA:28,1
DA:29,1
DA:30,1
DA:33,0
DA:34,0
DA:35,0
DA:36,0
DA:37,0
DA:39,0
DA:40,0
DA:42,0
DA:47,0
DA:48,0
DA:49,0
DA:50,0
DA:51,0
DA:53,0
DA:54,0
DA:56,0
DA:61,0
DA:62,0
DA:65,1
LF:23
LH:4
BRDA:39,0,0,0
BRDA:39,0,1,0
BRDA:53,1,0,0
BRDA:53,1,1,0
BRF:4
BRH:0
end_of_record
TN:
SF:src\hooks\use-comment.ts
FN:14,useComment
FN:21,(anonymous_1)
FN:30,(anonymous_2)
FN:31,(anonymous_3)
FN:36,(anonymous_4)
FN:38,(anonymous_5)
FN:41,addComment
FN:44,(anonymous_7)
FN:47,deleteComment
FN:48,(anonymous_9)
FN:48,(anonymous_10)
FN:59,(anonymous_11)
FN:59,(anonymous_12)
FNF:13
FNH:0
FNDA:0,useComment
FNDA:0,(anonymous_1)
FNDA:0,(anonymous_2)
FNDA:0,(anonymous_3)
FNDA:0,(anonymous_4)
FNDA:0,(anonymous_5)
FNDA:0,addComment
FNDA:0,(anonymous_7)
FNDA:0,deleteComment
FNDA:0,(anonymous_9)
FNDA:0,(anonymous_10)
FNDA:0,(anonymous_11)
FNDA:0,(anonymous_12)
DA:15,0
DA:16,0
DA:17,0
DA:18,0
DA:21,0
DA:22,0
DA:23,0
DA:25,0
DA:26,0
DA:27,0
DA:29,0
DA:30,0
DA:32,0
DA:33,0
DA:36,0
DA:38,0
DA:43,0
DA:44,0
DA:48,0
DA:53,0
DA:59,0
LF:21
LH:0
BRDA:23,0,0,0
BRDA:23,0,1,0
BRDA:23,1,0,0
BRDA:23,1,1,0
BRDA:30,2,0,0
BRDA:30,2,1,0
BRDA:32,3,0,0
BRDA:32,3,1,0
BRDA:32,4,0,0
BRDA:32,4,1,0
BRDA:33,5,0,0
BRDA:33,5,1,0
BRDA:33,5,2,0
BRDA:36,6,0,0
BRDA:36,6,1,0
BRF:15
BRH:0
end_of_record
TN:
SF:src\hooks\use-my-projects.ts
FN:16,useMyProjects
FN:25,(anonymous_1)
FN:29,(anonymous_2)
FN:38,(anonymous_3)
FN:53,(anonymous_4)
FN:58,(anonymous_5)
FN:60,(anonymous_6)
FN:71,(anonymous_7)
FN:71,(anonymous_8)
FN:75,useProjects
FNF:10
FNH:0
FNDA:0,useMyProjects
FNDA:0,(anonymous_1)
FNDA:0,(anonymous_2)
FNDA:0,(anonymous_3)
FNDA:0,(anonymous_4)
FNDA:0,(anonymous_5)
FNDA:0,(anonymous_6)
FNDA:0,(anonymous_7)
FNDA:0,(anonymous_8)
FNDA:0,useProjects
DA:17,0
DA:18,0
DA:19,0
DA:20,0
DA:21,0
DA:22,0
DA:23,0
DA:25,0
DA:26,0
DA:29,0
DA:30,0
DA:31,0
DA:33,0
DA:34,0
DA:35,0
DA:37,0
DA:39,0
DA:40,0
DA:41,0
DA:42,0
DA:43,0
DA:44,0
DA:46,0
DA:47,0
DA:48,0
DA:49,0
DA:54,0
DA:55,0
DA:58,0
DA:60,0
DA:63,0
DA:71,0
DA:76,0
LF:33
LH:0
BRDA:16,0,0,0
BRDA:16,1,0,0
BRDA:31,2,0,0
BRDA:31,2,1,0
BRDA:39,3,0,0
BRDA:39,3,1,0
BRDA:40,4,0,0
BRDA:40,4,1,0
BRDA:43,5,0,0
BRDA:43,5,1,0
BRDA:46,6,0,0
BRDA:46,6,1,0
BRDA:48,7,0,0
BRDA:48,7,1,0
BRDA:49,8,0,0
BRDA:49,8,1,0
BRDA:54,9,0,0
BRDA:54,9,1,0
BRDA:54,10,0,0
BRDA:54,10,1,0
BRDA:55,11,0,0
BRDA:55,11,1,0
BRDA:55,11,2,0
BRDA:58,12,0,0
BRDA:58,12,1,0
BRF:25
BRH:0
end_of_record
TN:
SF:src\hooks\use-tasks-by-user.ts
FN:12,useTasksByUser
FN:18,(anonymous_1)
FN:31,(anonymous_2)
FN:32,(anonymous_3)
FN:40,(anonymous_4)
FN:42,(anonymous_5)
FN:45,(anonymous_6)
FN:45,(anonymous_7)
FNF:8
FNH:0
FNDA:0,useTasksByUser
FNDA:0,(anonymous_1)
FNDA:0,(anonymous_2)
FNDA:0,(anonymous_3)
FNDA:0,(anonymous_4)
FNDA:0,(anonymous_5)
FNDA:0,(anonymous_6)
FNDA:0,(anonymous_7)
DA:13,0
DA:14,0
DA:15,0
DA:16,0
DA:18,0
DA:20,0
DA:21,0
DA:22,0
DA:23,0
DA:26,0
DA:27,0
DA:28,0
DA:30,0
DA:31,0
DA:33,0
DA:35,0
DA:36,0
DA:40,0
DA:42,0
DA:45,0
LF:20
LH:0
BRDA:21,0,0,0
BRDA:21,0,1,0
BRDA:31,1,0,0
BRDA:31,1,1,0
BRDA:33,2,0,0
BRDA:33,2,1,0
BRDA:35,3,0,0
BRDA:35,3,1,0
BRDA:36,4,0,0
BRDA:36,4,1,0
BRDA:36,4,2,0
BRDA:40,5,0,0
BRDA:40,5,1,0
BRF:13
BRH:0
end_of_record
TN:
SF:src\hooks\use-workspaces.ts
FN:13,useWorkspaces
FN:19,(anonymous_1)
FN:28,(anonymous_2)
FN:31,(anonymous_3)
FN:36,(anonymous_4)
FN:40,(anonymous_5)
FN:43,(anonymous_6)
FN:44,(anonymous_7)
FN:51,(anonymous_8)
FN:51,(anonymous_9)
FNF:10
FNH:0
FNDA:0,useWorkspaces
FNDA:0,(anonymous_1)
FNDA:0,(anonymous_2)
FNDA:0,(anonymous_3)
FNDA:0,(anonymous_4)
FNDA:0,(anonymous_5)
FNDA:0,(anonymous_6)
FNDA:0,(anonymous_7)
FNDA:0,(anonymous_8)
FNDA:0,(anonymous_9)
DA:14,0
DA:15,0
DA:16,0
DA:17,0
DA:19,0
DA:20,0
DA:21,0
DA:23,0
DA:24,0
DA:25,0
DA:27,0
DA:29,0
DA:32,0
DA:33,0
DA:37,0
DA:40,0
DA:43,0
DA:44,0
DA:47,0
DA:51,0
LF:20
LH:0
BRDA:21,0,0,0
BRDA:21,0,1,0
BRDA:29,1,0,0
BRDA:29,1,1,0
BRDA:32,2,0,0
BRDA:32,2,1,0
BRDA:32,3,0,0
BRDA:32,3,1,0
BRDA:33,4,0,0
BRDA:33,4,1,0
BRDA:33,4,2,0
BRDA:37,5,0,0
BRDA:37,5,1,0
BRF:13
BRH:0
end_of_record
TN:
SF:src\pages\account\index.tsx
FN:7,AccountPage
FN:15,(anonymous_1)
FN:23,(anonymous_2)
FN:59,(anonymous_3)
FN:62,(anonymous_4)
FN:79,ProfileTab
FN:96,SecurityTab
FN:110,(anonymous_7)
FN:116,(anonymous_8)
FN:116,(anonymous_9)
FN:123,(anonymous_10)
FN:123,(anonymous_11)
FN:133,NotificationsTab
FN:148,(anonymous_13)
FN:154,(anonymous_14)
FN:154,(anonymous_15)
FN:161,Field
FN:170,Toggle
FNF:18
FNH:0
FNDA:0,AccountPage
FNDA:0,(anonymous_1)
FNDA:0,(anonymous_2)
FNDA:0,(anonymous_3)
FNDA:0,(anonymous_4)
FNDA:0,ProfileTab
FNDA:0,SecurityTab
FNDA:0,(anonymous_7)
FNDA:0,(anonymous_8)
FNDA:0,(anonymous_9)
FNDA:0,(anonymous_10)
FNDA:0,(anonymous_11)
FNDA:0,NotificationsTab
FNDA:0,(anonymous_13)
FNDA:0,(anonymous_14)
FNDA:0,(anonymous_15)
FNDA:0,Field
FNDA:0,Toggle
DA:8,0
DA:9,0
DA:10,0
DA:12,0
DA:14,0
DA:15,0
DA:18,0
DA:23,0
DA:60,0
DA:62,0
DA:80,0
DA:81,0
DA:82,0
DA:97,0
DA:98,0
DA:99,0
DA:111,0
DA:116,0
DA:123,0
DA:134,0
DA:138,0
DA:145,0
DA:149,0
DA:154,0
DA:162,0
DA:171,0
LF:26
LH:0
BRDA:12,0,0,0
BRDA:12,0,1,0
BRDA:14,1,0,0
BRDA:14,1,1,0
BRDA:37,2,0,0
BRDA:37,2,1,0
BRDA:45,3,0,0
BRDA:45,3,1,0
BRDA:64,4,0,0
BRDA:64,4,1,0
BRDA:71,5,0,0
BRDA:71,5,1,0
BRDA:72,6,0,0
BRDA:72,6,1,0
BRDA:73,7,0,0
BRDA:73,7,1,0
BRDA:81,8,0,0
BRDA:81,8,1,0
BRDA:89,9,0,0
BRDA:89,9,1,0
BRDA:90,10,0,0
BRDA:90,10,1,0
BRDA:114,11,0,0
BRDA:114,11,1,0
BRDA:124,12,0,0
BRDA:124,12,1,0
BRDA:149,13,0,0
BRDA:149,13,1,0
BRDA:174,14,0,0
BRDA:174,14,1,0
BRDA:176,15,0,0
BRDA:176,15,1,0
BRF:32
BRH:0
end_of_record
TN:
SF:src\pages\auth\login-page.tsx
FN:5,LoginPage
FN:11,handleChange
FN:12,(anonymous_2)
FN:15,handleSubmit
FN:42,(anonymous_4)
FN:42,(anonymous_5)
FN:77,AuthField
FNF:7
FNH:2
FNDA:1,LoginPage
FNDA:0,handleChange
FNDA:0,(anonymous_2)
FNDA:0,handleSubmit
FNDA:0,(anonymous_4)
FNDA:0,(anonymous_5)
FNDA:2,AuthField
DA:6,1
DA:7,1
DA:8,1
DA:9,1
DA:12,0
DA:16,0
DA:17,0
DA:20,1
DA:42,0
DA:78,2
LF:10
LH:6
BRDA:38,0,0,0
BRDA:38,0,1,1
BRDA:43,1,0,0
BRDA:43,1,1,1
BRDA:48,2,0,1
BRDA:48,2,1,0
BRDA:56,3,0,0
BRDA:56,3,1,1
BRDA:87,4,0,2
BRDA:87,4,1,1
BRF:10
BRH:6
end_of_record
TN:
SF:src\pages\auth\register-page.tsx
FN:6,RegisterPage
FN:13,handleChange
FN:14,(anonymous_2)
FN:18,handleSubmit
FN:49,(anonymous_4)
FN:49,(anonymous_5)
FNF:6
FNH:0
FNDA:0,RegisterPage
FNDA:0,handleChange
FNDA:0,(anonymous_2)
FNDA:0,handleSubmit
FNDA:0,(anonymous_4)
FNDA:0,(anonymous_5)
DA:7,0
DA:8,0
DA:9,0
DA:10,0
DA:11,0
DA:14,0
DA:15,0
DA:19,0
DA:20,0
DA:21,0
DA:22,0
DA:25,0
DA:27,0
DA:49,0
LF:14
LH:0
BRDA:20,0,0,0
BRDA:20,0,1,0
BRDA:21,1,0,0
BRDA:21,1,1,0
BRDA:25,2,0,0
BRDA:25,2,1,0
BRDA:45,3,0,0
BRDA:45,3,1,0
BRDA:50,4,0,0
BRDA:50,4,1,0
BRDA:54,5,0,0
BRDA:54,5,1,0
BRDA:56,6,0,0
BRDA:56,6,1,0
BRDA:64,7,0,0
BRDA:64,7,1,0
BRF:16
BRH:0
end_of_record
TN:
SF:src\pages\calendar\index.tsx
FN:8,CalendarPage
FN:15,(anonymous_1)
FN:27,(anonymous_2)
FN:31,handleTaskClick
FN:37,handleCloseDrawer
FN:39,(anonymous_5)
FN:42,handleCommentCountChange
FN:43,(anonymous_7)
FN:44,(anonymous_8)
FNF:9
FNH:0
FNDA:0,CalendarPage
FNDA:0,(anonymous_1)
FNDA:0,(anonymous_2)
FNDA:0,handleTaskClick
FNDA:0,handleCloseDrawer
FNDA:0,(anonymous_5)
FNDA:0,handleCommentCountChange
FNDA:0,(anonymous_7)
FNDA:0,(anonymous_8)
DA:9,0
DA:10,0
DA:11,0
DA:12,0
DA:13,0
DA:15,0
DA:16,0
DA:17,0
DA:18,0
DA:19,0
DA:21,0
DA:23,0
DA:27,0
DA:28,0
DA:32,0
DA:33,0
DA:34,0
DA:38,0
DA:39,0
DA:43,0
DA:44,0
DA:45,0
DA:50,0
DA:51,0
DA:60,0
LF:25
LH:0
BRDA:19,0,0,0
BRDA:19,0,1,0
BRDA:31,1,0,0
BRDA:45,2,0,0
BRDA:45,2,1,0
BRDA:50,3,0,0
BRDA:50,3,1,0
BRDA:69,4,0,0
BRDA:69,4,1,0
BRF:9
BRH:0
end_of_record
TN:
SF:src\pages\home\index.tsx
FN:11,HomePage
FNF:1
FNH:0
FNDA:0,HomePage
DA:12,0
LF:1
LH:0
BRF:0
BRH:0
end_of_record
TN:
SF:src\pages\home\components\my-tasks-section.tsx
FN:13,mapPriority
FN:23,filterByTab
FN:28,(anonymous_2)
FN:38,buildDeadlines
FN:40,(anonymous_4)
FN:41,(anonymous_5)
FN:43,(anonymous_6)
FN:53,MyTasksSection
FN:71,(anonymous_8)
FN:74,(anonymous_9)
FN:84,(anonymous_10)
FN:98,(anonymous_11)
FN:110,(anonymous_12)
FN:114,(anonymous_13)
FN:134,TaskRow
FNF:15
FNH:0
FNDA:0,mapPriority
FNDA:0,filterByTab
FNDA:0,(anonymous_2)
FNDA:0,buildDeadlines
FNDA:0,(anonymous_4)
FNDA:0,(anonymous_5)
FNDA:0,(anonymous_6)
FNDA:0,MyTasksSection
FNDA:0,(anonymous_8)
FNDA:0,(anonymous_9)
FNDA:0,(anonymous_10)
FNDA:0,(anonymous_11)
FNDA:0,(anonymous_12)
FNDA:0,(anonymous_13)
FNDA:0,TaskRow
DA:9,1
DA:14,0
DA:15,0
DA:16,0
DA:17,0
DA:18,0
DA:19,0
DA:24,0
DA:25,0
DA:26,0
DA:27,0
DA:28,0
DA:29,0
DA:30,0
DA:31,0
DA:32,0
DA:33,0
DA:34,0
DA:39,0
DA:40,0
DA:41,0
DA:43,0
DA:54,0
DA:55,0
DA:56,0
DA:57,0
DA:59,0
DA:72,0
DA:74,0
DA:84,0
DA:98,0
DA:110,0
DA:115,0
DA:135,0
DA:136,0
LF:35
LH:1
BRDA:14,0,0,0
BRDA:14,0,1,0
BRDA:14,0,2,0
BRDA:14,0,3,0
BRDA:14,0,4,0
BRDA:24,1,0,0
BRDA:24,1,1,0
BRDA:29,2,0,0
BRDA:29,2,1,0
BRDA:31,3,0,0
BRDA:31,3,1,0
BRDA:31,4,0,0
BRDA:31,4,1,0
BRDA:32,5,0,0
BRDA:32,5,1,0
BRDA:33,6,0,0
BRDA:33,6,1,0
BRDA:76,7,0,0
BRDA:76,7,1,0
BRDA:84,8,0,0
BRDA:84,8,1,0
BRDA:86,9,0,0
BRDA:86,9,1,0
BRDA:86,9,2,0
BRDA:92,10,0,0
BRDA:92,10,1,0
BRDA:92,10,2,0
BRDA:92,10,3,0
BRDA:93,11,0,0
BRDA:93,11,1,0
BRDA:96,12,0,0
BRDA:96,12,1,0
BRDA:96,12,2,0
BRDA:96,12,3,0
BRDA:110,13,0,0
BRDA:110,13,1,0
BRDA:111,14,0,0
BRDA:111,14,1,0
BRDA:111,14,2,0
BRDA:112,15,0,0
BRDA:112,15,1,0
BRDA:112,15,2,0
BRDA:135,16,0,0
BRDA:135,16,1,0
BRDA:141,17,0,0
BRDA:141,17,1,0
BRF:46
BRH:0
end_of_record
TN:
SF:src\pages\home\components\project-grid.tsx
FN:8,getProgress
FN:13,getVisibilityBadge
FN:38,ProjectGrid
FN:57,(anonymous_3)
FN:77,(anonymous_4)
FN:80,(anonymous_5)
FNF:6
FNH:0
FNDA:0,getProgress
FNDA:0,getVisibilityBadge
FNDA:0,ProjectGrid
FNDA:0,(anonymous_3)
FNDA:0,(anonymous_4)
FNDA:0,(anonymous_5)
DA:10,0
DA:14,0
DA:15,0
DA:16,0
DA:17,0
DA:19,0
DA:20,0
DA:21,0
DA:22,0
DA:23,0
DA:24,0
DA:25,0
DA:26,0
DA:27,0
DA:30,0
DA:39,0
DA:40,0
DA:42,0
DA:58,0
DA:78,0
DA:79,0
DA:80,0
LF:22
LH:0
BRDA:14,0,0,0
BRDA:14,0,1,0
BRDA:19,1,0,0
BRDA:19,1,1,0
BRDA:22,2,0,0
BRDA:22,2,1,0
BRDA:25,3,0,0
BRDA:25,3,1,0
BRDA:55,4,0,0
BRDA:55,4,1,0
BRDA:67,5,0,0
BRDA:67,5,1,0
BRDA:67,5,2,0
BRDA:71,6,0,0
BRDA:71,6,1,0
BRDA:71,6,2,0
BRDA:71,6,3,0
BRDA:75,7,0,0
BRDA:75,7,1,0
BRDA:75,7,2,0
BRDA:75,7,3,0
BRDA:85,8,0,0
BRDA:85,8,1,0
BRDA:99,9,0,0
BRDA:99,9,1,0
BRF:25
BRH:0
end_of_record
TN:
SF:src\pages\home\components\recent-activity.tsx
FN:12,RecentActivity
FN:23,(anonymous_1)
FN:26,(anonymous_2)
FN:37,(anonymous_3)
FNF:4
FNH:0
FNDA:0,RecentActivity
FNDA:0,(anonymous_1)
FNDA:0,(anonymous_2)
FNDA:0,(anonymous_3)
DA:4,1
DA:10,1
DA:13,0
DA:15,0
DA:24,0
DA:26,0
DA:38,0
LF:7
LH:2
BRDA:28,0,0,0
BRDA:28,0,1,0
BRF:2
BRH:0
end_of_record
TN:
SF:src\pages\home\components\stats-cards.tsx
FN:23,calculateStats
FN:29,(anonymous_1)
FN:30,(anonymous_2)
FN:35,(anonymous_3)
FN:40,StatsCards
FN:44,(anonymous_5)
FN:51,(anonymous_6)
FN:54,(anonymous_7)
FN:60,(anonymous_8)
FN:65,(anonymous_9)
FNF:10
FNH:0
FNDA:0,calculateStats
FNDA:0,(anonymous_1)
FNDA:0,(anonymous_2)
FNDA:0,(anonymous_3)
FNDA:0,StatsCards
FNDA:0,(anonymous_5)
FNDA:0,(anonymous_6)
FNDA:0,(anonymous_7)
FNDA:0,(anonymous_8)
FNDA:0,(anonymous_9)
DA:13,1
DA:20,1
DA:24,0
DA:25,0
DA:27,0
DA:29,0
DA:31,0
DA:32,0
DA:33,0
DA:35,0
DA:41,0
DA:42,0
DA:44,0
DA:45,0
DA:46,0
DA:48,0
DA:50,0
DA:52,0
DA:55,0
DA:56,0
DA:58,0
DA:60,0
DA:63,0
DA:66,0
LF:24
LH:2
BRDA:31,0,0,0
BRDA:31,0,1,0
BRDA:33,1,0,0
BRDA:33,1,1,0
BRDA:35,2,0,0
BRDA:35,2,1,0
BRDA:46,3,0,0
BRDA:46,3,1,0
BRDA:55,4,0,0
BRDA:55,4,1,0
BRDA:75,5,0,0
BRDA:75,5,1,0
BRF:12
BRH:0
end_of_record
TN:
SF:src\pages\inbox\index.tsx
FN:39,InboxPage
FN:43,(anonymous_1)
FN:51,(anonymous_2)
FN:53,markAllRead
FN:54,(anonymous_4)
FN:54,(anonymous_5)
FN:57,markRead
FN:58,(anonymous_7)
FN:58,(anonymous_8)
FN:85,(anonymous_9)
FN:87,(anonymous_10)
FN:106,(anonymous_11)
FN:109,(anonymous_12)
FNF:13
FNH:0
FNDA:0,InboxPage
FNDA:0,(anonymous_1)
FNDA:0,(anonymous_2)
FNDA:0,markAllRead
FNDA:0,(anonymous_4)
FNDA:0,(anonymous_5)
FNDA:0,markRead
FNDA:0,(anonymous_7)
FNDA:0,(anonymous_8)
FNDA:0,(anonymous_9)
FNDA:0,(anonymous_10)
FNDA:0,(anonymous_11)
FNDA:0,(anonymous_12)
DA:14,0
DA:22,0
DA:29,0
DA:36,0
DA:40,0
DA:41,0
DA:43,0
DA:44,0
DA:45,0
DA:46,0
DA:47,0
DA:48,0
DA:51,0
DA:54,0
DA:58,0
DA:61,0
DA:86,0
DA:87,0
DA:107,0
DA:109,0
LF:20
LH:0
BRDA:44,0,0,0
BRDA:44,0,1,0
BRDA:45,1,0,0
BRDA:45,1,1,0
BRDA:45,2,0,0
BRDA:45,2,1,0
BRDA:46,3,0,0
BRDA:46,3,1,0
BRDA:47,4,0,0
BRDA:47,4,1,0
BRDA:58,5,0,0
BRDA:58,5,1,0
BRDA:68,6,0,0
BRDA:68,6,1,0
BRDA:76,7,0,0
BRDA:76,7,1,0
BRDA:89,8,0,0
BRDA:89,8,1,0
BRDA:98,9,0,0
BRDA:98,9,1,0
BRDA:110,10,0,0
BRDA:110,10,1,0
BRDA:120,11,0,0
BRDA:120,11,1,0
BRDA:129,12,0,0
BRDA:129,12,1,0
BRF:26
BRH:0
end_of_record
TN:
SF:src\pages\invite-preview\index.tsx
FN:6,InvitePreviewPage
FN:16,(anonymous_1)
FN:22,(anonymous_2)
FN:41,(anonymous_3)
FN:56,(anonymous_4)
FN:62,(anonymous_5)
FN:77,(anonymous_6)
FN:91,(anonymous_7)
FN:105,(anonymous_8)
FN:139,(anonymous_9)
FN:193,(anonymous_10)
FN:225,(anonymous_11)
FNF:12
FNH:0
FNDA:0,InvitePreviewPage
FNDA:0,(anonymous_1)
FNDA:0,(anonymous_2)
FNDA:0,(anonymous_3)
FNDA:0,(anonymous_4)
FNDA:0,(anonymous_5)
FNDA:0,(anonymous_6)
FNDA:0,(anonymous_7)
FNDA:0,(anonymous_8)
FNDA:0,(anonymous_9)
FNDA:0,(anonymous_10)
FNDA:0,(anonymous_11)
DA:7,0
DA:8,0
DA:10,0
DA:11,0
DA:12,0
DA:13,0
DA:14,0
DA:16,0
DA:17,0
DA:18,0
DA:22,0
DA:23,0
DA:24,0
DA:26,0
DA:27,0
DA:28,0
DA:29,0
DA:30,0
DA:32,0
DA:34,0
DA:35,0
DA:37,0
DA:41,0
DA:42,0
DA:44,0
DA:45,0
DA:47,0
DA:48,0
DA:49,0
DA:50,0
DA:51,0
DA:56,0
DA:58,0
DA:62,0
DA:63,0
DA:67,0
DA:68,0
DA:73,0
DA:77,0
DA:78,0
DA:80,0
DA:81,0
DA:83,0
DA:84,0
DA:85,0
DA:91,0
DA:92,0
DA:95,0
DA:96,0
DA:101,0
DA:105,0
DA:106,0
DA:107,0
DA:108,0
DA:109,0
DA:110,0
DA:111,0
DA:115,0
DA:116,0
DA:126,0
DA:127,0
DA:139,0
DA:150,0
DA:193,0
DA:225,0
LF:65
LH:0
BRDA:17,0,0,0
BRDA:17,0,1,0
BRDA:28,1,0,0
BRDA:28,1,1,0
BRDA:35,2,0,0
BRDA:35,2,1,0
BRDA:42,3,0,0
BRDA:42,3,1,0
BRDA:50,4,0,0
BRDA:50,4,1,0
BRDA:56,5,0,0
BRDA:56,5,1,0
BRDA:70,6,0,0
BRDA:70,6,1,0
BRDA:78,7,0,0
BRDA:78,7,1,0
BRDA:98,8,0,0
BRDA:98,8,1,0
BRDA:106,9,0,0
BRDA:106,9,1,0
BRDA:106,9,2,0
BRDA:106,9,3,0
BRDA:106,9,4,0
BRDA:115,10,0,0
BRDA:115,10,1,0
BRDA:126,11,0,0
BRDA:126,11,1,0
BRDA:126,12,0,0
BRDA:126,12,1,0
BRDA:136,13,0,0
BRDA:136,13,1,0
BRDA:179,14,0,0
BRDA:179,14,1,0
BRDA:184,15,0,0
BRDA:184,15,1,0
BRDA:191,16,0,0
BRDA:191,16,1,0
BRDA:198,17,0,0
BRDA:198,17,1,0
BRDA:222,18,0,0
BRDA:222,18,1,0
BRF:41
BRH:0
end_of_record
TN:
SF:src\pages\my-tasks\index.tsx
FN:17,mapPriority
FN:27,filterAndSort
FN:32,(anonymous_2)
FN:42,(anonymous_3)
FN:54,MyTasksPage
FN:83,(anonymous_5)
FN:86,(anonymous_6)
FN:104,(anonymous_7)
FN:106,(anonymous_8)
FN:129,(anonymous_9)
FN:148,(anonymous_10)
FN:156,TaskRow
FNF:12
FNH:0
FNDA:0,mapPriority
FNDA:0,filterAndSort
FNDA:0,(anonymous_2)
FNDA:0,(anonymous_3)
FNDA:0,MyTasksPage
FNDA:0,(anonymous_5)
FNDA:0,(anonymous_6)
FNDA:0,(anonymous_7)
FNDA:0,(anonymous_8)
FNDA:0,(anonymous_9)
FNDA:0,(anonymous_10)
FNDA:0,TaskRow
DA:9,1
DA:10,1
DA:14,1
DA:18,0
DA:19,0
DA:20,0
DA:21,0
DA:22,0
DA:23,0
DA:28,0
DA:29,0
DA:30,0
DA:32,0
DA:33,0
DA:34,0
DA:35,0
DA:36,0
DA:37,0
DA:38,0
DA:39,0
DA:42,0
DA:43,0
DA:44,0
DA:45,0
DA:46,0
DA:47,0
DA:49,0
DA:50,0
DA:55,0
DA:56,0
DA:57,0
DA:58,0
DA:60,0
DA:67,0
DA:84,0
DA:86,0
DA:105,0
DA:106,0
DA:129,0
DA:148,0
DA:157,0
DA:158,0
DA:160,0
DA:161,0
DA:163,0
LF:45
LH:3
BRDA:18,0,0,0
BRDA:18,0,1,0
BRDA:18,0,2,0
BRDA:18,0,3,0
BRDA:18,0,4,0
BRDA:33,1,0,0
BRDA:33,1,1,0
BRDA:34,2,0,0
BRDA:34,2,1,0
BRDA:36,3,0,0
BRDA:36,3,1,0
BRDA:36,4,0,0
BRDA:36,4,1,0
BRDA:37,5,0,0
BRDA:37,5,1,0
BRDA:38,6,0,0
BRDA:38,6,1,0
BRDA:43,7,0,0
BRDA:43,7,1,0
BRDA:43,8,0,0
BRDA:43,8,1,0
BRDA:43,9,0,0
BRDA:43,9,1,0
BRDA:44,10,0,0
BRDA:44,10,1,0
BRDA:49,11,0,0
BRDA:49,11,1,0
BRDA:88,12,0,0
BRDA:88,12,1,0
BRDA:91,13,0,0
BRDA:91,13,1,0
BRDA:93,14,0,0
BRDA:93,14,1,0
BRDA:108,15,0,0
BRDA:108,15,1,0
BRDA:127,16,0,0
BRDA:127,16,1,0
BRDA:133,17,0,0
BRDA:133,17,1,0
BRDA:133,17,2,0
BRDA:139,18,0,0
BRDA:139,18,1,0
BRDA:139,18,2,0
BRDA:139,18,3,0
BRDA:141,19,0,0
BRDA:141,19,1,0
BRDA:146,20,0,0
BRDA:146,20,1,0
BRDA:146,20,2,0
BRDA:146,20,3,0
BRDA:157,21,0,0
BRDA:157,21,1,0
BRDA:158,22,0,0
BRDA:158,22,1,0
BRDA:169,23,0,0
BRDA:169,23,1,0
BRDA:174,24,0,0
BRDA:174,24,1,0
BRDA:174,24,2,0
BRDA:184,25,0,0
BRDA:184,25,1,0
BRF:61
BRH:0
end_of_record
TN:
SF:src\pages\project-detail\index.tsx
FN:49,ProjectDetailPage
FN:59,(anonymous_1)
FN:80,(anonymous_2)
FN:83,(anonymous_3)
FN:85,(anonymous_4)
FN:92,(anonymous_5)
FN:97,(anonymous_6)
FN:106,(anonymous_7)
FN:107,(anonymous_8)
FN:129,(anonymous_9)
FN:133,(anonymous_10)
FN:134,(anonymous_11)
FN:137,(anonymous_12)
FN:138,(anonymous_13)
FN:139,(anonymous_14)
FN:157,openTask
FN:163,closeTask
FN:165,(anonymous_17)
FN:168,handleTaskMove
FN:174,(anonymous_19)
FN:182,(anonymous_20)
FN:186,(anonymous_21)
FN:217,(anonymous_22)
FN:218,(anonymous_23)
FN:220,(anonymous_24)
FN:228,(anonymous_25)
FN:255,handleCommentCountChange
FN:256,(anonymous_27)
FN:257,(anonymous_28)
FN:259,(anonymous_29)
FN:268,(anonymous_30)
FN:269,(anonymous_31)
FN:287,(anonymous_32)
FN:306,(anonymous_33)
FN:309,(anonymous_34)
FN:322,(anonymous_35)
FN:332,(anonymous_36)
FN:342,(anonymous_37)
FN:352,(anonymous_38)
FN:364,(anonymous_39)
FN:370,(anonymous_40)
FN:393,(anonymous_41)
FN:414,(anonymous_42)
FN:424,(anonymous_43)
FN:438,(anonymous_44)
FN:479,(anonymous_45)
FN:480,(anonymous_46)
FN:489,(anonymous_47)
FN:496,(anonymous_48)
FN:503,(anonymous_49)
FNF:50
FNH:0
FNDA:0,ProjectDetailPage
FNDA:0,(anonymous_1)
FNDA:0,(anonymous_2)
FNDA:0,(anonymous_3)
FNDA:0,(anonymous_4)
FNDA:0,(anonymous_5)
FNDA:0,(anonymous_6)
FNDA:0,(anonymous_7)
FNDA:0,(anonymous_8)
FNDA:0,(anonymous_9)
FNDA:0,(anonymous_10)
FNDA:0,(anonymous_11)
FNDA:0,(anonymous_12)
FNDA:0,(anonymous_13)
FNDA:0,(anonymous_14)
FNDA:0,openTask
FNDA:0,closeTask
FNDA:0,(anonymous_17)
FNDA:0,handleTaskMove
FNDA:0,(anonymous_19)
FNDA:0,(anonymous_20)
FNDA:0,(anonymous_21)
FNDA:0,(anonymous_22)
FNDA:0,(anonymous_23)
FNDA:0,(anonymous_24)
FNDA:0,(anonymous_25)
FNDA:0,handleCommentCountChange
FNDA:0,(anonymous_27)
FNDA:0,(anonymous_28)
FNDA:0,(anonymous_29)
FNDA:0,(anonymous_30)
FNDA:0,(anonymous_31)
FNDA:0,(anonymous_32)
FNDA:0,(anonymous_33)
FNDA:0,(anonymous_34)
FNDA:0,(anonymous_35)
FNDA:0,(anonymous_36)
FNDA:0,(anonymous_37)
FNDA:0,(anonymous_38)
FNDA:0,(anonymous_39)
FNDA:0,(anonymous_40)
FNDA:0,(anonymous_41)
FNDA:0,(anonymous_42)
FNDA:0,(anonymous_43)
FNDA:0,(anonymous_44)
FNDA:0,(anonymous_45)
FNDA:0,(anonymous_46)
FNDA:0,(anonymous_47)
FNDA:0,(anonymous_48)
FNDA:0,(anonymous_49)
DA:42,1
DA:50,0
DA:51,0
DA:52,0
DA:54,0
DA:55,0
DA:59,0
DA:60,0
DA:62,0
DA:63,0
DA:64,0
DA:65,0
DA:66,0
DA:68,0
DA:69,0
DA:71,0
DA:72,0
DA:73,0
DA:74,0
DA:75,0
DA:76,0
DA:77,0
DA:78,0
DA:80,0
DA:81,0
DA:82,0
DA:84,0
DA:85,0
DA:93,0
DA:97,0
DA:98,0
DA:100,0
DA:101,0
DA:102,0
DA:103,0
DA:105,0
DA:106,0
DA:107,0
DA:108,0
DA:115,0
DA:116,0
DA:120,0
DA:122,0
DA:123,0
DA:125,0
DA:129,0
DA:130,0
DA:133,0
DA:134,0
DA:137,0
DA:138,0
DA:139,0
DA:140,0
DA:147,0
DA:148,0
DA:150,0
DA:158,0
DA:159,0
DA:160,0
DA:164,0
DA:165,0
DA:170,0
DA:171,0
DA:173,0
DA:174,0
DA:175,0
DA:176,0
DA:177,0
DA:178,0
DA:182,0
DA:183,0
DA:186,0
DA:189,0
DA:195,0
DA:196,0
DA:197,0
DA:198,0
DA:199,0
DA:200,0
DA:202,0
DA:203,0
DA:204,0
DA:207,0
DA:214,0
DA:217,0
DA:218,0
DA:219,0
DA:220,0
DA:221,0
DA:222,0
DA:225,0
DA:226,0
DA:228,0
DA:232,0
DA:233,0
DA:234,0
DA:235,0
DA:238,0
DA:243,0
DA:244,0
DA:249,0
DA:250,0
DA:251,0
DA:256,0
DA:257,0
DA:260,0
DA:268,0
DA:269,0
DA:270,0
DA:279,0
DA:281,0
DA:287,0
DA:307,0
DA:309,0
DA:322,0
DA:332,0
DA:342,0
DA:352,0
DA:365,0
DA:366,0
DA:371,0
DA:383,0
DA:384,0
DA:393,0
DA:403,0
DA:404,0
DA:414,0
DA:424,0
DA:432,0
DA:433,0
DA:438,0
DA:461,0
DA:479,0
DA:481,0
DA:489,0
DA:496,0
DA:503,0
LF:137
LH:1
BRDA:55,0,0,0
BRDA:55,0,1,0
BRDA:81,1,0,0
BRDA:81,1,1,0
BRDA:85,2,0,0
BRDA:85,2,1,0
BRDA:98,3,0,0
BRDA:98,3,1,0
BRDA:115,4,0,0
BRDA:115,4,1,0
BRDA:123,5,0,0
BRDA:123,5,1,0
BRDA:147,6,0,0
BRDA:147,6,1,0
BRDA:157,7,0,0
BRDA:175,8,0,0
BRDA:175,8,1,0
BRDA:183,9,0,0
BRDA:183,9,1,0
BRDA:183,10,0,0
BRDA:183,10,1,0
BRDA:189,11,0,0
BRDA:189,11,1,0
BRDA:189,12,0,0
BRDA:189,12,1,0
BRDA:195,13,0,0
BRDA:195,13,1,0
BRDA:197,14,0,0
BRDA:197,14,1,0
BRDA:198,15,0,0
BRDA:198,15,1,0
BRDA:199,16,0,0
BRDA:199,16,1,0
BRDA:200,17,0,0
BRDA:200,17,1,0
BRDA:202,18,0,0
BRDA:202,18,1,0
BRDA:203,19,0,0
BRDA:203,19,1,0
BRDA:219,20,0,0
BRDA:219,20,1,0
BRDA:219,21,0,0
BRDA:219,21,1,0
BRDA:225,22,0,0
BRDA:225,22,1,0
BRDA:232,23,0,0
BRDA:232,23,1,0
BRDA:251,24,0,0
BRDA:251,24,1,0
BRDA:260,25,0,0
BRDA:260,25,1,0
BRDA:270,26,0,0
BRDA:270,26,1,0
BRDA:279,27,0,0
BRDA:279,27,1,0
BRDA:279,27,2,0
BRDA:301,28,0,0
BRDA:301,28,1,0
BRDA:311,29,0,0
BRDA:311,29,1,0
BRDA:365,30,0,0
BRDA:365,30,1,0
BRDA:383,31,0,0
BRDA:383,31,1,0
BRDA:383,32,0,0
BRDA:383,32,1,0
BRDA:403,33,0,0
BRDA:403,33,1,0
BRDA:403,34,0,0
BRDA:403,34,1,0
BRDA:403,34,2,0
BRDA:432,35,0,0
BRDA:432,35,1,0
BRDA:432,36,0,0
BRDA:432,36,1,0
BRDA:432,36,2,0
BRDA:442,37,0,0
BRDA:442,37,1,0
BRDA:452,38,0,0
BRDA:452,38,1,0
BRDA:455,39,0,0
BRDA:455,39,1,0
BRDA:456,40,0,0
BRDA:456,40,1,0
BRDA:465,41,0,0
BRDA:465,41,1,0
BRDA:476,42,0,0
BRDA:476,42,1,0
BRDA:486,43,0,0
BRDA:486,43,1,0
BRDA:493,44,0,0
BRDA:493,44,1,0
BRDA:500,45,0,0
BRDA:500,45,1,0
BRF:94
BRH:0
end_of_record
TN:
SF:src\pages\project-detail\components\board-column.tsx
FN:26,BoardColumn
FN:45,handleTaskCreated
FN:74,(anonymous_2)
FN:94,(anonymous_3)
FN:99,(anonymous_4)
FN:106,(anonymous_5)
FN:106,(anonymous_6)
FN:122,(anonymous_7)
FN:126,(anonymous_8)
FN:142,(anonymous_9)
FN:143,(anonymous_10)
FNF:11
FNH:0
FNDA:0,BoardColumn
FNDA:0,handleTaskCreated
FNDA:0,(anonymous_2)
FNDA:0,(anonymous_3)
FNDA:0,(anonymous_4)
FNDA:0,(anonymous_5)
FNDA:0,(anonymous_6)
FNDA:0,(anonymous_7)
FNDA:0,(anonymous_8)
FNDA:0,(anonymous_9)
FNDA:0,(anonymous_10)
DA:42,0
DA:43,0
DA:46,0
DA:47,0
DA:50,0
DA:74,0
DA:94,0
DA:100,0
DA:106,0
DA:122,0
DA:126,0
DA:142,0
DA:143,0
LF:13
LH:0
BRDA:30,0,0,0
BRDA:60,1,0,0
BRDA:60,1,1,0
BRDA:96,2,0,0
BRDA:96,2,1,0
BRDA:112,3,0,0
BRDA:112,3,1,0
BRDA:112,3,2,0
BRDA:118,4,0,0
BRDA:118,4,1,0
BRF:10
BRH:0
end_of_record
TN:
SF:src\pages\project-detail\components\board-view.tsx
FN:18,BoardView
FN:35,(anonymous_1)
FN:42,(anonymous_2)
FN:45,(anonymous_3)
FN:50,(anonymous_4)
FN:55,handleDragStart
FN:67,(anonymous_6)
FN:76,handleDragEnd
FN:82,handleDragOver
FN:89,handleColumnDragEnter
FN:94,handleColumnDragLeave
FN:100,handleColumnDrop
FN:120,(anonymous_12)
FN:121,(anonymous_13)
FN:126,(anonymous_14)
FN:132,(anonymous_15)
FN:143,(anonymous_16)
FN:147,(anonymous_17)
FN:156,(anonymous_18)
FN:168,(anonymous_19)
FN:169,(anonymous_20)
FN:188,(anonymous_21)
FN:189,(anonymous_22)
FNF:23
FNH:0
FNDA:0,BoardView
FNDA:0,(anonymous_1)
FNDA:0,(anonymous_2)
FNDA:0,(anonymous_3)
FNDA:0,(anonymous_4)
FNDA:0,handleDragStart
FNDA:0,(anonymous_6)
FNDA:0,handleDragEnd
FNDA:0,handleDragOver
FNDA:0,handleColumnDragEnter
FNDA:0,handleColumnDragLeave
FNDA:0,handleColumnDrop
FNDA:0,(anonymous_12)
FNDA:0,(anonymous_13)
FNDA:0,(anonymous_14)
FNDA:0,(anonymous_15)
FNDA:0,(anonymous_16)
FNDA:0,(anonymous_17)
FNDA:0,(anonymous_18)
FNDA:0,(anonymous_19)
FNDA:0,(anonymous_20)
FNDA:0,(anonymous_21)
FNDA:0,(anonymous_22)
DA:26,0
DA:29,0
DA:30,0
DA:31,0
DA:34,0
DA:35,0
DA:36,0
DA:37,0
DA:38,0
DA:42,0
DA:43,0
DA:45,0
DA:46,0
DA:49,0
DA:50,0
DA:56,0
DA:57,0
DA:58,0
DA:61,0
DA:62,0
DA:66,0
DA:67,0
DA:68,0
DA:69,0
DA:70,0
DA:71,0
DA:77,0
DA:78,0
DA:79,0
DA:83,0
DA:84,0
DA:86,0
DA:90,0
DA:91,0
DA:95,0
DA:96,0
DA:105,0
DA:106,0
DA:108,0
DA:109,0
DA:112,0
DA:113,0
DA:115,0
DA:116,0
DA:119,0
DA:120,0
DA:121,0
DA:126,0
DA:129,0
DA:133,0
DA:143,0
DA:156,0
DA:168,0
LF:53
LH:0
BRDA:43,0,0,0
BRDA:43,0,1,0
BRDA:61,1,0,0
BRDA:61,1,1,0
BRDA:68,2,0,0
BRDA:68,2,1,0
BRDA:95,3,0,0
BRDA:95,3,1,0
BRDA:105,4,0,0
BRDA:105,4,1,0
BRDA:115,5,0,0
BRDA:115,5,1,0
BRDA:120,6,0,0
BRDA:120,6,1,0
BRDA:120,7,0,0
BRDA:120,7,1,0
BRDA:147,8,0,0
BRDA:147,8,1,0
BRDA:148,9,0,0
BRDA:148,9,1,0
BRDA:169,10,0,0
BRDA:169,10,1,0
BRDA:173,11,0,0
BRDA:173,11,1,0
BRDA:173,11,2,0
BRF:25
BRH:0
end_of_record
TN:
SF:src\pages\project-detail\components\column-modal.tsx
FN:16,ColumnModal
FN:33,(anonymous_1)
FN:43,(anonymous_2)
FN:94,(anonymous_3)
FN:129,(anonymous_4)
FN:154,(anonymous_5)
FNF:6
FNH:0
FNDA:0,ColumnModal
FNDA:0,(anonymous_1)
FNDA:0,(anonymous_2)
FNDA:0,(anonymous_3)
FNDA:0,(anonymous_4)
FNDA:0,(anonymous_5)
DA:26,0
DA:27,0
DA:28,0
DA:29,0
DA:31,0
DA:33,0
DA:34,0
DA:35,0
DA:36,0
DA:37,0
DA:41,0
DA:43,0
DA:44,0
DA:45,0
DA:46,0
DA:47,0
DA:49,0
DA:50,0
DA:51,0
DA:54,0
DA:55,0
DA:57,0
DA:58,0
DA:59,0
DA:60,0
DA:61,0
DA:62,0
DA:64,0
DA:69,0
DA:70,0
DA:71,0
DA:72,0
DA:74,0
DA:80,0
DA:81,0
DA:83,0
DA:84,0
DA:86,0
DA:90,0
DA:94,0
DA:129,0
DA:154,0
LF:42
LH:0
BRDA:20,0,0,0
BRDA:21,1,0,0
BRDA:34,2,0,0
BRDA:34,2,1,0
BRDA:35,3,0,0
BRDA:35,3,1,0
BRDA:36,4,0,0
BRDA:36,4,1,0
BRDA:41,5,0,0
BRDA:41,5,1,0
BRDA:45,6,0,0
BRDA:45,6,1,0
BRDA:49,7,0,0
BRDA:49,7,1,0
BRDA:58,8,0,0
BRDA:58,8,1,0
BRDA:59,9,0,0
BRDA:59,9,1,0
BRDA:69,10,0,0
BRDA:69,10,1,0
BRDA:83,11,0,0
BRDA:83,11,1,0
BRDA:84,12,0,0
BRDA:84,12,1,0
BRDA:84,13,0,0
BRDA:84,13,1,0
BRDA:99,14,0,0
BRDA:99,14,1,0
BRDA:100,15,0,0
BRDA:100,15,1,0
BRDA:102,16,0,0
BRDA:102,16,1,0
BRDA:115,17,0,0
BRDA:115,17,1,0
BRDA:142,18,0,0
BRDA:142,18,1,0
BRDA:175,19,0,0
BRDA:175,19,1,0
BRDA:178,20,0,0
BRDA:178,20,1,0
BRDA:181,21,0,0
BRDA:181,21,1,0
BRDA:184,22,0,0
BRDA:184,22,1,0
BRF:44
BRH:0
end_of_record
TN:
SF:src\pages\project-detail\components\create-column-form.tsx
FN:12,CreateColumnForm
FN:24,(anonymous_1)
FN:36,(anonymous_2)
FNF:3
FNH:0
FNDA:0,CreateColumnForm
FNDA:0,(anonymous_1)
FNDA:0,(anonymous_2)
DA:17,0
DA:19,0
DA:24,0
DA:36,0
LF:4
LH:0
BRDA:15,0,0,0
BRF:1
BRH:0
end_of_record
TN:
SF:src\pages\project-detail\components\edit-column-modal.tsx
FN:13,EditColumnModal
FNF:1
FNH:0
FNDA:0,EditColumnModal
DA:21,0
LF:1
LH:0
BRDA:16,0,0,0
BRF:1
BRH:0
end_of_record
TN:
SF:src\pages\project-detail\components\list-view.tsx
FN:14,ListView
FN:18,(anonymous_1)
FN:23,(anonymous_2)
FN:30,(anonymous_3)
FN:46,(anonymous_4)
FNF:5
FNH:0
FNDA:0,ListView
FNDA:0,(anonymous_1)
FNDA:0,(anonymous_2)
FNDA:0,(anonymous_3)
FNDA:0,(anonymous_4)
DA:15,0
DA:16,0
DA:19,0
DA:20,0
DA:23,0
DA:30,0
DA:47,0
DA:48,0
LF:8
LH:0
BRDA:15,0,0,0
BRDA:15,0,1,0
BRDA:24,1,0,0
BRDA:24,1,1,0
BRDA:50,2,0,0
BRDA:50,2,1,0
BRDA:56,3,0,0
BRDA:56,3,1,0
BRDA:56,3,2,0
BRDA:61,4,0,0
BRDA:61,4,1,0
BRDA:67,5,0,0
BRDA:67,5,1,0
BRDA:72,6,0,0
BRDA:72,6,1,0
BRF:15
BRH:0
end_of_record
TN:
SF:src\pages\project-detail\components\project-header.tsx
FN:19,ProjectHeader
FN:30,(anonymous_1)
FN:36,(anonymous_2)
FNF:3
FNH:0
FNDA:0,ProjectHeader
FNDA:0,(anonymous_1)
FNDA:0,(anonymous_2)
DA:12,0
DA:20,0
DA:31,0
DA:36,0
LF:4
LH:0
BRDA:35,0,0,0
BRDA:35,0,1,0
BRF:2
BRH:0
end_of_record
TN:
SF:src\pages\project-detail\components\timeline-view.tsx
FN:32,isTaskCompleted
FN:40,parseDate
FN:50,formatShortDate
FN:55,TimelineView
FN:59,(anonymous_4)
FN:69,(anonymous_5)
FN:72,(anonymous_6)
FN:73,(anonymous_7)
FN:78,(anonymous_8)
FN:79,(anonymous_9)
FN:93,(anonymous_10)
FN:94,(anonymous_11)
FN:98,(anonymous_12)
FN:99,(anonymous_13)
FN:103,(anonymous_14)
FN:200,(anonymous_15)
FN:222,prevRange
FN:231,nextRange
FN:240,resetToday
FN:245,(anonymous_19)
FN:254,(anonymous_20)
FN:262,(anonymous_21)
FN:263,(anonymous_22)
FN:270,(anonymous_23)
FN:278,(anonymous_24)
FN:288,(anonymous_25)
FN:289,(anonymous_26)
FN:292,(anonymous_27)
FN:294,(anonymous_28)
FN:300,(anonymous_29)
FN:305,(anonymous_30)
FN:324,(anonymous_31)
FN:330,(anonymous_32)
FN:381,(anonymous_33)
FN:384,(anonymous_34)
FN:411,(anonymous_35)
FN:414,(anonymous_36)
FN:451,(anonymous_37)
FN:461,(anonymous_38)
FN:475,(anonymous_39)
FN:485,(anonymous_40)
FN:496,(anonymous_41)
FN:546,(anonymous_42)
FN:569,(anonymous_43)
FN:571,(anonymous_44)
FN:579,(anonymous_45)
FN:611,(anonymous_46)
FN:643,(anonymous_47)
FN:684,(anonymous_48)
FN:721,(anonymous_49)
FN:726,(anonymous_50)
FNF:51
FNH:0
FNDA:0,isTaskCompleted
FNDA:0,parseDate
FNDA:0,formatShortDate
FNDA:0,TimelineView
FNDA:0,(anonymous_4)
FNDA:0,(anonymous_5)
FNDA:0,(anonymous_6)
FNDA:0,(anonymous_7)
FNDA:0,(anonymous_8)
FNDA:0,(anonymous_9)
FNDA:0,(anonymous_10)
FNDA:0,(anonymous_11)
FNDA:0,(anonymous_12)
FNDA:0,(anonymous_13)
FNDA:0,(anonymous_14)
FNDA:0,(anonymous_15)
FNDA:0,prevRange
FNDA:0,nextRange
FNDA:0,resetToday
FNDA:0,(anonymous_19)
FNDA:0,(anonymous_20)
FNDA:0,(anonymous_21)
FNDA:0,(anonymous_22)
FNDA:0,(anonymous_23)
FNDA:0,(anonymous_24)
FNDA:0,(anonymous_25)
FNDA:0,(anonymous_26)
FNDA:0,(anonymous_27)
FNDA:0,(anonymous_28)
FNDA:0,(anonymous_29)
FNDA:0,(anonymous_30)
FNDA:0,(anonymous_31)
FNDA:0,(anonymous_32)
FNDA:0,(anonymous_33)
FNDA:0,(anonymous_34)
FNDA:0,(anonymous_35)
FNDA:0,(anonymous_36)
FNDA:0,(anonymous_37)
FNDA:0,(anonymous_38)
FNDA:0,(anonymous_39)
FNDA:0,(anonymous_40)
FNDA:0,(anonymous_41)
FNDA:0,(anonymous_42)
FNDA:0,(anonymous_43)
FNDA:0,(anonymous_44)
FNDA:0,(anonymous_45)
FNDA:0,(anonymous_46)
FNDA:0,(anonymous_47)
FNDA:0,(anonymous_48)
FNDA:0,(anonymous_49)
FNDA:0,(anonymous_50)
DA:33,0
DA:34,0
DA:35,0
DA:36,0
DA:41,0
DA:42,0
DA:43,0
DA:44,0
DA:46,0
DA:47,0
DA:51,0
DA:52,0
DA:56,0
DA:57,0
DA:58,0
DA:59,0
DA:61,0
DA:62,0
DA:63,0
DA:64,0
DA:67,0
DA:69,0
DA:72,0
DA:73,0
DA:74,0
DA:78,0
DA:79,0
DA:80,0
DA:81,0
DA:83,0
DA:86,0
DA:87,0
DA:88,0
DA:93,0
DA:94,0
DA:98,0
DA:99,0
DA:103,0
DA:104,0
DA:106,0
DA:107,0
DA:108,0
DA:110,0
DA:111,0
DA:112,0
DA:113,0
DA:114,0
DA:115,0
DA:117,0
DA:125,0
DA:126,0
DA:127,0
DA:128,0
DA:130,0
DA:131,0
DA:133,0
DA:134,0
DA:135,0
DA:136,0
DA:137,0
DA:139,0
DA:140,0
DA:142,0
DA:143,0
DA:144,0
DA:145,0
DA:146,0
DA:147,0
DA:149,0
DA:157,0
DA:158,0
DA:159,0
DA:160,0
DA:162,0
DA:163,0
DA:165,0
DA:166,0
DA:167,0
DA:168,0
DA:170,0
DA:171,0
DA:172,0
DA:173,0
DA:174,0
DA:176,0
DA:184,0
DA:185,0
DA:186,0
DA:187,0
DA:189,0
DA:192,0
DA:193,0
DA:200,0
DA:201,0
DA:202,0
DA:203,0
DA:205,0
DA:213,0
DA:214,0
DA:215,0
DA:217,0
DA:223,0
DA:224,0
DA:225,0
DA:226,0
DA:227,0
DA:228,0
DA:232,0
DA:233,0
DA:234,0
DA:235,0
DA:236,0
DA:237,0
DA:241,0
DA:245,0
DA:246,0
DA:247,0
DA:250,0
DA:252,0
DA:254,0
DA:255,0
DA:256,0
DA:257,0
DA:259,0
DA:261,0
DA:262,0
DA:263,0
DA:264,0
DA:265,0
DA:266,0
DA:268,0
DA:270,0
DA:271,0
DA:272,0
DA:273,0
DA:277,0
DA:278,0
DA:279,0
DA:280,0
DA:284,0
DA:288,0
DA:289,0
DA:292,0
DA:293,0
DA:294,0
DA:295,0
DA:297,0
DA:300,0
DA:301,0
DA:305,0
DA:306,0
DA:307,0
DA:308,0
DA:309,0
DA:312,0
DA:324,0
DA:330,0
DA:382,0
DA:384,0
DA:412,0
DA:414,0
DA:451,0
DA:461,0
DA:475,0
DA:485,0
DA:496,0
DA:547,0
DA:570,0
DA:571,0
DA:572,0
DA:574,0
DA:579,0
DA:612,0
DA:613,0
DA:614,0
DA:615,0
DA:617,0
DA:619,0
DA:620,0
DA:622,0
DA:623,0
DA:625,0
DA:626,0
DA:628,0
DA:629,0
DA:633,0
DA:639,0
DA:643,0
DA:684,0
DA:722,0
DA:723,0
DA:726,0
LF:192
LH:0
BRDA:33,0,0,0
BRDA:33,0,1,0
BRDA:34,1,0,0
BRDA:34,1,1,0
BRDA:36,2,0,0
BRDA:36,2,1,0
BRDA:36,2,2,0
BRDA:36,2,3,0
BRDA:41,3,0,0
BRDA:41,3,1,0
BRDA:43,4,0,0
BRDA:43,4,1,0
BRDA:47,5,0,0
BRDA:47,5,1,0
BRDA:80,6,0,0
BRDA:80,6,1,0
BRDA:83,7,0,0
BRDA:83,7,1,0
BRDA:83,7,2,0
BRDA:83,7,3,0
BRDA:83,7,4,0
BRDA:86,8,0,0
BRDA:86,8,1,0
BRDA:87,9,0,0
BRDA:87,9,1,0
BRDA:88,10,0,0
BRDA:88,10,1,0
BRDA:88,10,2,0
BRDA:88,10,3,0
BRDA:94,11,0,0
BRDA:94,11,1,0
BRDA:99,12,0,0
BRDA:99,12,1,0
BRDA:104,13,0,0
BRDA:104,13,1,0
BRDA:131,14,0,0
BRDA:131,14,1,0
BRDA:135,15,0,0
BRDA:135,15,1,0
BRDA:163,16,0,0
BRDA:163,16,1,0
BRDA:224,17,0,0
BRDA:224,17,1,0
BRDA:225,18,0,0
BRDA:225,18,1,0
BRDA:226,19,0,0
BRDA:226,19,1,0
BRDA:227,20,0,0
BRDA:227,20,1,0
BRDA:233,21,0,0
BRDA:233,21,1,0
BRDA:234,22,0,0
BRDA:234,22,1,0
BRDA:235,23,0,0
BRDA:235,23,1,0
BRDA:236,24,0,0
BRDA:236,24,1,0
BRDA:246,25,0,0
BRDA:246,25,1,0
BRDA:252,26,0,0
BRDA:252,26,1,0
BRDA:255,27,0,0
BRDA:255,27,1,0
BRDA:256,28,0,0
BRDA:256,28,1,0
BRDA:259,29,0,0
BRDA:259,29,1,0
BRDA:264,30,0,0
BRDA:264,30,1,0
BRDA:265,31,0,0
BRDA:265,31,1,0
BRDA:268,32,0,0
BRDA:268,32,1,0
BRDA:271,33,0,0
BRDA:271,33,1,0
BRDA:272,34,0,0
BRDA:272,34,1,0
BRDA:279,35,0,0
BRDA:279,35,1,0
BRDA:308,36,0,0
BRDA:308,36,1,0
BRDA:308,37,0,0
BRDA:308,37,1,0
BRDA:328,38,0,0
BRDA:328,38,1,0
BRDA:386,39,0,0
BRDA:386,39,1,0
BRDA:416,40,0,0
BRDA:416,40,1,0
BRDA:425,41,0,0
BRDA:425,41,1,0
BRDA:453,42,0,0
BRDA:453,42,1,0
BRDA:463,43,0,0
BRDA:463,43,1,0
BRDA:477,44,0,0
BRDA:477,44,1,0
BRDA:487,45,0,0
BRDA:487,45,1,0
BRDA:498,46,0,0
BRDA:498,46,1,0
BRDA:513,47,0,0
BRDA:513,47,1,0
BRDA:530,48,0,0
BRDA:530,48,1,0
BRDA:558,49,0,0
BRDA:558,49,1,0
BRDA:572,50,0,0
BRDA:572,50,1,0
BRDA:577,51,0,0
BRDA:577,51,1,0
BRDA:583,52,0,0
BRDA:583,52,1,0
BRDA:590,53,0,0
BRDA:590,53,1,0
BRDA:610,54,0,0
BRDA:610,54,1,0
BRDA:613,55,0,0
BRDA:613,55,1,0
BRDA:613,55,2,0
BRDA:614,56,0,0
BRDA:614,56,1,0
BRDA:615,57,0,0
BRDA:615,57,1,0
BRDA:633,58,0,0
BRDA:633,58,1,0
BRDA:634,59,0,0
BRDA:634,59,1,0
BRDA:637,60,0,0
BRDA:637,60,1,0
BRDA:648,61,0,0
BRDA:648,61,1,0
BRDA:660,62,0,0
BRDA:660,62,1,0
BRDA:667,63,0,0
BRDA:667,63,1,0
BRDA:690,64,0,0
BRDA:690,64,1,0
BRDA:710,65,0,0
BRDA:710,65,1,0
BRDA:730,66,0,0
BRDA:730,66,1,0
BRDA:737,67,0,0
BRDA:737,67,1,0
BRF:144
BRH:0
end_of_record
TN:
SF:src\pages\projects\index.tsx
FN:29,getProgress
FN:33,ProjectsPage
FN:50,(anonymous_2)
FN:52,(anonymous_3)
FN:60,(anonymous_4)
FN:61,(anonymous_5)
FN:82,(anonymous_6)
FN:86,(anonymous_7)
FN:115,(anonymous_8)
FN:126,(anonymous_9)
FN:130,(anonymous_10)
FN:131,(anonymous_11)
FN:142,(anonymous_12)
FN:152,(anonymous_13)
FN:171,(anonymous_14)
FN:181,(anonymous_15)
FN:185,(anonymous_16)
FN:190,(anonymous_17)
FN:199,getVisibilityBadge
FN:224,formatDate
FN:239,GridView
FN:243,(anonymous_21)
FN:245,(anonymous_22)
FN:283,ListView
FN:291,(anonymous_24)
FN:293,(anonymous_25)
FNF:26
FNH:0
FNDA:0,getProgress
FNDA:0,ProjectsPage
FNDA:0,(anonymous_2)
FNDA:0,(anonymous_3)
FNDA:0,(anonymous_4)
FNDA:0,(anonymous_5)
FNDA:0,(anonymous_6)
FNDA:0,(anonymous_7)
FNDA:0,(anonymous_8)
FNDA:0,(anonymous_9)
FNDA:0,(anonymous_10)
FNDA:0,(anonymous_11)
FNDA:0,(anonymous_12)
FNDA:0,(anonymous_13)
FNDA:0,(anonymous_14)
FNDA:0,(anonymous_15)
FNDA:0,(anonymous_16)
FNDA:0,(anonymous_17)
FNDA:0,getVisibilityBadge
FNDA:0,formatDate
FNDA:0,GridView
FNDA:0,(anonymous_21)
FNDA:0,(anonymous_22)
FNDA:0,ListView
FNDA:0,(anonymous_24)
FNDA:0,(anonymous_25)
DA:26,1
DA:30,0
DA:34,0
DA:35,0
DA:36,0
DA:38,0
DA:39,0
DA:40,0
DA:41,0
DA:42,0
DA:43,0
DA:44,0
DA:46,0
DA:47,0
DA:50,0
DA:51,0
DA:52,0
DA:53,0
DA:55,0
DA:60,0
DA:61,0
DA:62,0
DA:63,0
DA:64,0
DA:65,0
DA:66,0
DA:67,0
DA:69,0
DA:71,0
DA:74,0
DA:75,0
DA:79,0
DA:82,0
DA:83,0
DA:86,0
DA:87,0
DA:90,0
DA:115,0
DA:126,0
DA:131,0
DA:143,0
DA:152,0
DA:171,0
DA:182,0
DA:183,0
DA:184,0
DA:185,0
DA:187,0
DA:190,0
DA:200,0
DA:201,0
DA:202,0
DA:203,0
DA:205,0
DA:206,0
DA:207,0
DA:208,0
DA:209,0
DA:210,0
DA:211,0
DA:212,0
DA:213,0
DA:216,0
DA:225,0
DA:226,0
DA:227,0
DA:228,0
DA:229,0
DA:235,0
DA:240,0
DA:241,0
DA:244,0
DA:245,0
DA:284,0
DA:285,0
DA:292,0
DA:293,0
LF:77
LH:1
BRDA:51,0,0,0
BRDA:51,0,1,0
BRDA:51,1,0,0
BRDA:51,1,1,0
BRDA:53,2,0,0
BRDA:53,2,1,0
BRDA:62,3,0,0
BRDA:62,3,1,0
BRDA:69,4,0,0
BRDA:69,4,1,0
BRDA:95,5,0,0
BRDA:95,5,1,0
BRDA:106,6,0,0
BRDA:106,6,1,0
BRDA:109,7,0,0
BRDA:109,7,1,0
BRDA:132,8,0,0
BRDA:132,8,1,0
BRDA:133,9,0,0
BRDA:133,9,1,0
BRDA:140,10,0,0
BRDA:140,10,1,0
BRDA:150,11,0,0
BRDA:150,11,1,0
BRDA:150,11,2,0
BRDA:152,12,0,0
BRDA:152,12,1,0
BRDA:155,13,0,0
BRDA:155,13,1,0
BRDA:155,13,2,0
BRDA:155,13,3,0
BRDA:156,14,0,0
BRDA:156,14,1,0
BRDA:157,15,0,0
BRDA:157,15,1,0
BRDA:160,16,0,0
BRDA:160,16,1,0
BRDA:160,16,2,0
BRDA:160,16,3,0
BRDA:161,17,0,0
BRDA:161,17,1,0
BRDA:165,18,0,0
BRDA:165,18,1,0
BRDA:179,19,0,0
BRDA:179,19,1,0
BRDA:183,20,0,0
BRDA:183,20,1,0
BRDA:200,21,0,0
BRDA:200,21,1,0
BRDA:205,22,0,0
BRDA:205,22,1,0
BRDA:208,23,0,0
BRDA:208,23,1,0
BRDA:211,24,0,0
BRDA:211,24,1,0
BRDA:225,25,0,0
BRDA:225,25,1,0
BRDA:228,26,0,0
BRDA:228,26,1,0
BRDA:252,27,0,0
BRDA:252,27,1,0
BRDA:267,28,0,0
BRDA:267,28,1,0
BRDA:269,29,0,0
BRDA:269,29,1,0
BRDA:303,30,0,0
BRDA:303,30,1,0
BRDA:307,31,0,0
BRDA:307,31,1,0
BRDA:310,32,0,0
BRDA:310,32,1,0
BRF:71
BRH:0
end_of_record
TN:
SF:src\pages\workspaces\index.tsx
FN:18,WorkspacesPage
FN:30,(anonymous_1)
FN:33,(anonymous_2)
FN:45,(anonymous_3)
FN:46,(anonymous_4)
FN:47,(anonymous_5)
FN:62,(anonymous_6)
FN:63,(anonymous_7)
FN:64,(anonymous_8)
FN:71,(anonymous_9)
FN:72,(anonymous_10)
FN:80,(anonymous_11)
FN:81,(anonymous_12)
FN:90,(anonymous_13)
FN:120,(anonymous_14)
FN:143,(anonymous_15)
FN:146,(anonymous_16)
FN:182,(anonymous_17)
FN:213,(anonymous_18)
FN:216,(anonymous_19)
FN:240,(anonymous_20)
FN:269,(anonymous_21)
FN:278,(anonymous_22)
FN:283,(anonymous_23)
FN:296,(anonymous_24)
FN:317,(anonymous_25)
FN:329,(anonymous_26)
FNF:27
FNH:0
FNDA:0,WorkspacesPage
FNDA:0,(anonymous_1)
FNDA:0,(anonymous_2)
FNDA:0,(anonymous_3)
FNDA:0,(anonymous_4)
FNDA:0,(anonymous_5)
FNDA:0,(anonymous_6)
FNDA:0,(anonymous_7)
FNDA:0,(anonymous_8)
FNDA:0,(anonymous_9)
FNDA:0,(anonymous_10)
FNDA:0,(anonymous_11)
FNDA:0,(anonymous_12)
FNDA:0,(anonymous_13)
FNDA:0,(anonymous_14)
FNDA:0,(anonymous_15)
FNDA:0,(anonymous_16)
FNDA:0,(anonymous_17)
FNDA:0,(anonymous_18)
FNDA:0,(anonymous_19)
FNDA:0,(anonymous_20)
FNDA:0,(anonymous_21)
FNDA:0,(anonymous_22)
FNDA:0,(anonymous_23)
FNDA:0,(anonymous_24)
FNDA:0,(anonymous_25)
FNDA:0,(anonymous_26)
DA:19,0
DA:20,0
DA:21,0
DA:22,0
DA:23,0
DA:24,0
DA:25,0
DA:26,0
DA:28,0
DA:30,0
DA:31,0
DA:32,0
DA:33,0
DA:41,0
DA:45,0
DA:46,0
DA:47,0
DA:48,0
DA:49,0
DA:51,0
DA:52,0
DA:55,0
DA:57,0
DA:62,0
DA:63,0
DA:64,0
DA:65,0
DA:69,0
DA:70,0
DA:71,0
DA:72,0
DA:73,0
DA:79,0
DA:80,0
DA:81,0
DA:82,0
DA:90,0
DA:91,0
DA:92,0
DA:93,0
DA:96,0
DA:97,0
DA:98,0
DA:101,0
DA:102,0
DA:104,0
DA:105,0
DA:106,0
DA:108,0
DA:110,0
DA:111,0
DA:113,0
DA:114,0
DA:116,0
DA:120,0
DA:121,0
DA:122,0
DA:123,0
DA:126,0
DA:144,0
DA:146,0
DA:183,0
DA:214,0
DA:216,0
DA:241,0
DA:242,0
DA:269,0
DA:279,0
DA:280,0
DA:281,0
DA:283,0
DA:296,0
DA:317,0
DA:329,0
LF:74
LH:0
BRDA:31,0,0,0
BRDA:31,0,1,0
BRDA:48,1,0,0
BRDA:48,1,1,0
BRDA:51,2,0,0
BRDA:51,2,1,0
BRDA:51,3,0,0
BRDA:51,3,1,0
BRDA:51,3,2,0
BRDA:65,4,0,0
BRDA:65,4,1,0
BRDA:73,5,0,0
BRDA:73,5,1,0
BRDA:82,6,0,0
BRDA:82,6,1,0
BRDA:91,7,0,0
BRDA:91,7,1,0
BRDA:96,8,0,0
BRDA:96,8,1,0
BRDA:114,9,0,0
BRDA:114,9,1,0
BRDA:148,10,0,0
BRDA:148,10,1,0
BRDA:155,11,0,0
BRDA:155,11,1,0
BRDA:167,12,0,0
BRDA:167,12,1,0
BRDA:180,13,0,0
BRDA:180,13,1,0
BRDA:192,14,0,0
BRDA:192,14,1,0
BRDA:192,14,2,0
BRDA:192,14,3,0
BRDA:195,15,0,0
BRDA:195,15,1,0
BRDA:199,16,0,0
BRDA:199,16,1,0
BRDA:211,17,0,0
BRDA:211,17,1,0
BRDA:211,17,2,0
BRDA:211,17,3,0
BRDA:261,18,0,0
BRDA:261,18,1,0
BRDA:290,19,0,0
BRDA:290,19,1,0
BRDA:303,20,0,0
BRDA:303,20,1,0
BRDA:337,21,0,0
BRDA:337,21,1,0
BRDA:340,22,0,0
BRDA:340,22,1,0
BRF:51
BRH:0
end_of_record
TN:
SF:src\route\ProtectedRoute.tsx
FN:5,(anonymous_0)
FN:9,(anonymous_1)
FN:12,(anonymous_2)
FN:30,(anonymous_3)
FNF:4
FNH:0
FNDA:0,(anonymous_0)
FNDA:0,(anonymous_1)
FNDA:0,(anonymous_2)
FNDA:0,(anonymous_3)
DA:5,1
DA:6,0
DA:7,0
DA:9,0
DA:10,0
DA:12,0
DA:13,0
DA:14,0
DA:15,0
DA:18,0
DA:19,0
DA:20,0
DA:22,0
DA:24,0
DA:28,0
DA:30,0
DA:31,0
DA:35,0
DA:36,0
DA:47,0
LF:20
LH:1
BRDA:13,0,0,0
BRDA:13,0,1,0
BRDA:14,1,0,0
BRDA:14,1,1,0
BRDA:20,2,0,0
BRDA:20,2,1,0
BRDA:24,3,0,0
BRDA:24,3,1,0
BRDA:35,4,0,0
BRDA:35,4,1,0
BRF:10
BRH:0
end_of_record
TN:
SF:src\services\activity.service.ts
FN:9,(anonymous_0)
FN:16,(anonymous_1)
FN:22,(anonymous_2)
FNF:3
FNH:0
FNDA:0,(anonymous_0)
FNDA:0,(anonymous_1)
FNDA:0,(anonymous_2)
DA:4,1
DA:10,0
DA:17,0
DA:23,0
LF:4
LH:1
BRF:0
BRH:0
end_of_record
TN:
SF:src\services\api.ts
FN:12,(anonymous_0)
FN:22,(anonymous_1)
FN:23,(anonymous_2)
FN:42,(anonymous_3)
FNF:4
FNH:0
FNDA:0,(anonymous_0)
FNDA:0,(anonymous_1)
FNDA:0,(anonymous_2)
FNDA:0,(anonymous_3)
DA:3,1
DA:5,1
DA:12,1
DA:13,0
DA:14,0
DA:15,0
DA:17,0
DA:21,1
DA:22,0
DA:24,0
DA:25,0
DA:26,0
DA:27,0
DA:29,0
DA:34,0
DA:35,0
DA:39,0
DA:40,0
DA:42,0
DA:43,0
DA:46,0
DA:49,0
LF:22
LH:4
BRDA:3,0,0,1
BRDA:3,0,1,1
BRDA:14,1,0,0
BRDA:14,1,1,0
BRDA:14,2,0,0
BRDA:14,2,1,0
BRDA:30,3,0,0
BRDA:30,3,1,0
BRDA:31,4,0,0
BRDA:31,4,1,0
BRDA:31,4,2,0
BRDA:34,5,0,0
BRDA:34,5,1,0
BRDA:35,6,0,0
BRDA:35,6,1,0
BRDA:39,7,0,0
BRDA:39,7,1,0
BRF:17
BRH:2
end_of_record
TN:
SF:src\services\attachment.service.ts
FN:5,(anonymous_0)
FN:11,(anonymous_1)
FNF:2
FNH:0
FNDA:0,(anonymous_0)
FNDA:0,(anonymous_1)
DA:4,1
DA:6,0
DA:12,0
LF:3
LH:1
BRF:0
BRH:0
end_of_record
TN:
SF:src\services\auth.service.ts
FN:10,(anonymous_0)
FN:12,(anonymous_1)
FN:14,(anonymous_2)
FNF:3
FNH:0
FNDA:0,(anonymous_0)
FNDA:0,(anonymous_1)
FNDA:0,(anonymous_2)
DA:9,1
DA:11,0
DA:13,0
DA:15,0
LF:4
LH:1
BRF:0
BRH:0
end_of_record
TN:
SF:src\services\comment.service.ts
FN:5,(anonymous_0)
FN:8,(anonymous_1)
FNF:2
FNH:0
FNDA:0,(anonymous_0)
FNDA:0,(anonymous_1)
DA:4,1
DA:6,0
DA:9,0
LF:3
LH:1
BRF:0
BRH:0
end_of_record
TN:
SF:src\services\invite.service.ts
FN:39,(anonymous_0)
FN:42,(anonymous_1)
FN:45,(anonymous_2)
FN:48,(anonymous_3)
FN:51,(anonymous_4)
FN:54,(anonymous_5)
FNF:6
FNH:0
FNDA:0,(anonymous_0)
FNDA:0,(anonymous_1)
FNDA:0,(anonymous_2)
FNDA:0,(anonymous_3)
FNDA:0,(anonymous_4)
FNDA:0,(anonymous_5)
DA:38,1
DA:40,0
DA:43,0
DA:46,0
DA:49,0
DA:52,0
DA:55,0
DA:56,0
LF:8
LH:1
BRF:0
BRH:0
end_of_record
TN:
SF:src\services\notification.service.ts
FN:6,(anonymous_0)
FN:10,(anonymous_1)
FN:14,(anonymous_2)
FN:18,(anonymous_3)
FNF:4
FNH:0
FNDA:0,(anonymous_0)
FNDA:0,(anonymous_1)
FNDA:0,(anonymous_2)
FNDA:0,(anonymous_3)
DA:4,1
DA:7,0
DA:11,0
DA:15,0
DA:19,0
LF:5
LH:1
BRF:0
BRH:0
end_of_record
TN:
SF:src\services\project-member.service.ts
FN:19,(anonymous_0)
FN:22,(anonymous_1)
FN:25,(anonymous_2)
FN:28,(anonymous_3)
FN:31,(anonymous_4)
FNF:5
FNH:0
FNDA:0,(anonymous_0)
FNDA:0,(anonymous_1)
FNDA:0,(anonymous_2)
FNDA:0,(anonymous_3)
FNDA:0,(anonymous_4)
DA:18,1
DA:20,0
DA:23,0
DA:26,0
DA:29,0
DA:32,0
LF:6
LH:1
BRF:0
BRH:0
end_of_record
TN:
SF:src\services\project.service.ts
FN:5,(anonymous_0)
FN:6,(anonymous_1)
FN:8,(anonymous_2)
FN:10,(anonymous_3)
FNF:4
FNH:0
FNDA:0,(anonymous_0)
FNDA:0,(anonymous_1)
FNDA:0,(anonymous_2)
FNDA:0,(anonymous_3)
DA:4,1
DA:5,0
DA:7,0
DA:9,0
DA:11,0
LF:5
LH:1
BRF:0
BRH:0
end_of_record
TN:
SF:src\services\statistics.service.ts
FN:12,(anonymous_0)
FNF:1
FNH:0
FNDA:0,(anonymous_0)
DA:10,0
DA:12,0
LF:2
LH:0
BRF:0
BRH:0
end_of_record
TN:
SF:src\services\task-list.service.ts
FN:16,(anonymous_0)
FN:17,(anonymous_1)
FN:22,(anonymous_2)
FN:23,(anonymous_3)
FNF:4
FNH:0
FNDA:0,(anonymous_0)
FNDA:0,(anonymous_1)
FNDA:0,(anonymous_2)
FNDA:0,(anonymous_3)
DA:14,1
DA:17,0
DA:18,0
DA:23,0
DA:24,0
LF:5
LH:1
BRF:0
BRH:0
end_of_record
TN:
SF:src\services\task.service.ts
FN:26,(anonymous_0)
FN:30,(anonymous_1)
FN:34,(anonymous_2)
FN:35,(anonymous_3)
FN:37,(anonymous_4)
FN:66,(anonymous_5)
FN:67,(anonymous_6)
FN:70,(anonymous_7)
FN:80,(anonymous_8)
FN:83,(anonymous_9)
FN:86,(anonymous_10)
FN:87,(anonymous_11)
FN:92,(anonymous_12)
FN:95,(anonymous_13)
FN:101,(anonymous_14)
FN:104,(anonymous_15)
FN:105,(anonymous_16)
FNF:17
FNH:0
FNDA:0,(anonymous_0)
FNDA:0,(anonymous_1)
FNDA:0,(anonymous_2)
FNDA:0,(anonymous_3)
FNDA:0,(anonymous_4)
FNDA:0,(anonymous_5)
FNDA:0,(anonymous_6)
FNDA:0,(anonymous_7)
FNDA:0,(anonymous_8)
FNDA:0,(anonymous_9)
FNDA:0,(anonymous_10)
FNDA:0,(anonymous_11)
FNDA:0,(anonymous_12)
FNDA:0,(anonymous_13)
FNDA:0,(anonymous_14)
FNDA:0,(anonymous_15)
FNDA:0,(anonymous_16)
DA:24,1
DA:27,0
DA:31,0
DA:35,0
DA:37,0
DA:39,0
DA:43,0
DA:62,0
DA:67,0
DA:69,0
DA:70,0
DA:71,0
DA:76,0
DA:80,0
DA:83,0
DA:87,0
DA:88,0
DA:92,0
DA:96,0
DA:97,0
DA:101,0
DA:105,0
DA:106,0
LF:23
LH:1
BRDA:31,0,0,0
BRDA:31,0,1,0
BRDA:39,1,0,0
BRDA:39,1,1,0
BRDA:44,2,0,0
BRDA:44,2,1,0
BRDA:45,3,0,0
BRDA:45,3,1,0
BRDA:48,4,0,0
BRDA:48,4,1,0
BRDA:50,5,0,0
BRDA:50,5,1,0
BRDA:52,6,0,0
BRDA:52,6,1,0
BRDA:69,7,0,0
BRDA:69,7,1,0
BRDA:69,8,0,0
BRDA:69,8,1,0
BRDA:71,9,0,0
BRDA:71,9,1,0
BRDA:71,10,0,0
BRDA:71,10,1,0
BRF:22
BRH:0
end_of_record
TN:
SF:src\services\user.service.ts
FN:5,(anonymous_0)
FNF:1
FNH:0
FNDA:0,(anonymous_0)
DA:4,1
DA:6,0
DA:7,0
LF:3
LH:1
BRDA:5,0,0,0
BRDA:6,1,0,0
BRDA:6,1,1,0
BRF:3
BRH:0
end_of_record
TN:
SF:src\services\workspace.service.ts
FN:6,(anonymous_0)
FN:9,(anonymous_1)
FN:12,(anonymous_2)
FN:15,(anonymous_3)
FN:18,(anonymous_4)
FNF:5
FNH:0
FNDA:0,(anonymous_0)
FNDA:0,(anonymous_1)
FNDA:0,(anonymous_2)
FNDA:0,(anonymous_3)
FNDA:0,(anonymous_4)
DA:5,1
DA:7,0
DA:10,0
DA:13,0
DA:16,0
DA:19,0
LF:6
LH:1
BRF:0
BRH:0
end_of_record
TN:
SF:src\store\use-auth-store.ts
FN:19,(anonymous_0)
FN:25,(anonymous_1)
FN:30,(anonymous_2)
FN:35,(anonymous_3)
FN:37,(anonymous_4)
FN:42,(anonymous_5)
FN:49,(anonymous_6)
FN:49,(anonymous_7)
FNF:8
FNH:5
FNDA:1,(anonymous_0)
FNDA:0,(anonymous_1)
FNDA:0,(anonymous_2)
FNDA:0,(anonymous_3)
FNDA:1,(anonymous_4)
FNDA:1,(anonymous_5)
FNDA:1,(anonymous_6)
FNDA:1,(anonymous_7)
DA:17,1
DA:19,1
DA:26,0
DA:27,0
DA:31,0
DA:32,0
DA:35,0
DA:37,1
DA:42,1
DA:49,1
DA:50,1
DA:51,0
DA:55,1
DA:56,1
DA:59,0
LF:15
LH:8
BRDA:50,0,0,0
BRDA:50,0,1,1
BRDA:55,1,0,1
BRDA:55,1,1,0
BRF:4
BRH:2
end_of_record
TN:
SF:src\store\use-task-store.ts
FN:19,(anonymous_0)
FN:24,(anonymous_1)
FN:26,(anonymous_2)
FN:26,(anonymous_3)
FN:28,(anonymous_4)
FN:29,(anonymous_5)
FN:30,(anonymous_6)
FN:33,(anonymous_7)
FN:34,(anonymous_8)
FN:34,(anonymous_9)
FN:36,(anonymous_10)
FN:40,(anonymous_11)
FN:41,(anonymous_12)
FN:55,(anonymous_13)
FN:56,(anonymous_14)
FNF:15
FNH:0
FNDA:0,(anonymous_0)
FNDA:0,(anonymous_1)
FNDA:0,(anonymous_2)
FNDA:0,(anonymous_3)
FNDA:0,(anonymous_4)
FNDA:0,(anonymous_5)
FNDA:0,(anonymous_6)
FNDA:0,(anonymous_7)
FNDA:0,(anonymous_8)
FNDA:0,(anonymous_9)
FNDA:0,(anonymous_10)
FNDA:0,(anonymous_11)
FNDA:0,(anonymous_12)
FNDA:0,(anonymous_13)
FNDA:0,(anonymous_14)
DA:19,0
DA:24,0
DA:26,0
DA:29,0
DA:30,0
DA:34,0
DA:38,0
DA:40,0
DA:42,0
DA:47,0
DA:48,0
DA:52,0
DA:55,0
DA:56,0
LF:14
LH:0
BRDA:30,0,0,0
BRDA:30,0,1,0
BRDA:42,1,0,0
BRDA:42,1,1,0
BRDA:47,2,0,0
BRDA:47,2,1,0
BRF:6
BRH:0
end_of_record
TN:
SF:src\store\use-ui-store.ts
FN:26,(anonymous_0)
FN:34,(anonymous_1)
FN:35,(anonymous_2)
FN:36,(anonymous_3)
FN:38,(anonymous_4)
FN:39,(anonymous_5)
FN:41,(anonymous_6)
FN:43,(anonymous_7)
FN:46,(anonymous_8)
FN:47,(anonymous_9)
FN:51,(anonymous_10)
FNF:11
FNH:1
FNDA:1,(anonymous_0)
FNDA:0,(anonymous_1)
FNDA:0,(anonymous_2)
FNDA:0,(anonymous_3)
FNDA:0,(anonymous_4)
FNDA:0,(anonymous_5)
FNDA:0,(anonymous_6)
FNDA:0,(anonymous_7)
FNDA:0,(anonymous_8)
FNDA:0,(anonymous_9)
FNDA:0,(anonymous_10)
DA:24,1
DA:26,1
DA:35,0
DA:36,0
DA:38,0
DA:39,0
DA:42,0
DA:44,0
DA:47,0
DA:51,0
LF:10
LH:2
BRDA:41,0,0,0
BRF:1
BRH:0
end_of_record
TN:
SF:src\types\activity.types.ts
FNF:0
FNH:0
LF:0
LH:0
BRF:0
BRH:0
end_of_record
TN:
SF:src\types\attachment.ts
FNF:0
FNH:0
LF:0
LH:0
BRF:0
BRH:0
end_of_record
TN:
SF:src\types\auth.ts
FNF:0
FNH:0
LF:0
LH:0
BRF:0
BRH:0
end_of_record
TN:
SF:src\types\comment.ts
FNF:0
FNH:0
LF:0
LH:0
BRF:0
BRH:0
end_of_record
TN:
SF:src\types\notification.ts
FNF:0
FNH:0
LF:0
LH:0
BRF:0
BRH:0
end_of_record
TN:
SF:src\types\project.ts
FNF:0
FNH:0
LF:0
LH:0
BRF:0
BRH:0
end_of_record
TN:
SF:src\types\task.ts
FNF:0
FNH:0
LF:0
LH:0
BRF:0
BRH:0
end_of_record
TN:
SF:src\types\user.ts
FNF:0
FNH:0
LF:0
LH:0
BRF:0
BRH:0
end_of_record
TN:
SF:src\types\workspace.ts
FNF:0
FNH:0
LF:0
LH:0
BRF:0
BRH:0
end_of_record
TN:
SF:src\utils\activityFormatter.tsx
FN:25,ActivityBadge
FN:46,HighlightText
FN:51,getActivityActionInfo
FN:173,renderActivityDescription
FN:416,getEntityTypeLabel
FNF:5
FNH:0
FNDA:0,ActivityBadge
FNDA:0,HighlightText
FNDA:0,getActivityActionInfo
FNDA:0,renderActivityDescription
FNDA:0,getEntityTypeLabel
DA:26,0
DA:36,0
DA:47,0
DA:52,0
DA:54,0
DA:55,0
DA:63,0
DA:72,0
DA:81,0
DA:90,0
DA:99,0
DA:108,0
DA:117,0
DA:126,0
DA:135,0
DA:144,0
DA:153,0
DA:162,0
DA:174,0
DA:175,0
DA:178,0
DA:179,0
DA:180,0
DA:181,0
DA:182,0
DA:183,0
DA:184,0
DA:185,0
DA:186,0
DA:189,0
DA:190,0
DA:191,0
DA:202,0
DA:203,0
DA:209,0
DA:210,0
DA:221,0
DA:222,0
DA:228,0
DA:236,0
DA:237,0
DA:255,0
DA:256,0
DA:265,0
DA:266,0
DA:279,0
DA:280,0
DA:289,0
DA:290,0
DA:299,0
DA:300,0
DA:301,0
DA:307,0
DA:308,0
DA:314,0
DA:322,0
DA:323,0
DA:325,0
DA:326,0
DA:328,0
DA:329,0
DA:337,0
DA:338,0
DA:340,0
DA:341,0
DA:354,0
DA:355,0
DA:368,0
DA:369,0
DA:377,0
DA:378,0
DA:385,0
DA:386,0
DA:399,0
DA:408,0
DA:417,0
DA:419,0
DA:421,0
DA:423,0
DA:425,0
DA:427,0
DA:429,0
DA:431,0
LF:83
LH:0
BRDA:25,0,0,0
BRDA:52,1,0,0
BRDA:52,1,1,0
BRDA:52,1,2,0
BRDA:52,1,3,0
BRDA:52,1,4,0
BRDA:52,1,5,0
BRDA:52,1,6,0
BRDA:52,1,7,0
BRDA:52,1,8,0
BRDA:52,1,9,0
BRDA:52,1,10,0
BRDA:52,1,11,0
BRDA:54,2,0,0
BRDA:54,2,1,0
BRDA:174,3,0,0
BRDA:174,3,1,0
BRDA:178,4,0,0
BRDA:178,4,1,0
BRDA:178,4,2,0
BRDA:179,5,0,0
BRDA:179,5,1,0
BRDA:180,6,0,0
BRDA:180,6,1,0
BRDA:181,7,0,0
BRDA:181,7,1,0
BRDA:182,8,0,0
BRDA:182,8,1,0
BRDA:182,8,2,0
BRDA:183,9,0,0
BRDA:183,9,1,0
BRDA:186,10,0,0
BRDA:186,10,1,0
BRDA:189,11,0,0
BRDA:189,11,1,0
BRDA:190,12,0,0
BRDA:190,12,1,0
BRDA:193,13,0,0
BRDA:193,13,1,0
BRDA:194,14,0,0
BRDA:194,14,1,0
BRDA:202,15,0,0
BRDA:202,15,1,0
BRDA:205,16,0,0
BRDA:205,16,1,0
BRDA:205,16,2,0
BRDA:209,17,0,0
BRDA:209,17,1,0
BRDA:212,18,0,0
BRDA:212,18,1,0
BRDA:213,19,0,0
BRDA:213,19,1,0
BRDA:221,20,0,0
BRDA:221,20,1,0
BRDA:224,21,0,0
BRDA:224,21,1,0
BRDA:224,21,2,0
BRDA:230,22,0,0
BRDA:230,22,1,0
BRDA:236,23,0,0
BRDA:236,23,1,0
BRDA:239,24,0,0
BRDA:239,24,1,0
BRDA:240,25,0,0
BRDA:240,25,1,0
BRDA:240,26,0,0
BRDA:240,26,1,0
BRDA:245,27,0,0
BRDA:245,27,1,0
BRDA:255,28,0,0
BRDA:255,28,1,0
BRDA:258,29,0,0
BRDA:258,29,1,0
BRDA:259,30,0,0
BRDA:259,30,1,0
BRDA:265,31,0,0
BRDA:265,31,1,0
BRDA:268,32,0,0
BRDA:268,32,1,0
BRDA:269,33,0,0
BRDA:269,33,1,0
BRDA:279,34,0,0
BRDA:279,34,1,0
BRDA:282,35,0,0
BRDA:282,35,1,0
BRDA:289,36,0,0
BRDA:289,36,1,0
BRDA:292,37,0,0
BRDA:292,37,1,0
BRDA:299,38,0,0
BRDA:299,38,1,0
BRDA:300,39,0,0
BRDA:300,39,1,0
BRDA:303,40,0,0
BRDA:303,40,1,0
BRDA:307,41,0,0
BRDA:307,41,1,0
BRDA:310,42,0,0
BRDA:310,42,1,0
BRDA:316,43,0,0
BRDA:316,43,1,0
BRDA:322,44,0,0
BRDA:322,44,1,0
BRDA:325,45,0,0
BRDA:325,45,1,0
BRDA:328,46,0,0
BRDA:328,46,1,0
BRDA:331,47,0,0
BRDA:331,47,1,0
BRDA:337,48,0,0
BRDA:337,48,1,0
BRDA:338,49,0,0
BRDA:338,49,1,0
BRDA:340,50,0,0
BRDA:340,50,1,0
BRDA:343,51,0,0
BRDA:343,51,1,0
BRDA:344,52,0,0
BRDA:344,52,1,0
BRDA:344,52,2,0
BRDA:354,53,0,0
BRDA:354,53,1,0
BRDA:357,54,0,0
BRDA:357,54,1,0
BRDA:358,55,0,0
BRDA:358,55,1,0
BRDA:358,55,2,0
BRDA:368,56,0,0
BRDA:368,56,1,0
BRDA:371,57,0,0
BRDA:371,57,1,0
BRDA:372,58,0,0
BRDA:372,58,1,0
BRDA:377,59,0,0
BRDA:377,59,1,0
BRDA:380,60,0,0
BRDA:380,60,1,0
BRDA:385,61,0,0
BRDA:385,61,1,0
BRDA:385,62,0,0
BRDA:385,62,1,0
BRDA:388,63,0,0
BRDA:388,63,1,0
BRDA:389,64,0,0
BRDA:389,64,1,0
BRDA:401,65,0,0
BRDA:401,65,1,0
BRDA:402,66,0,0
BRDA:402,66,1,0
BRDA:411,67,0,0
BRDA:411,67,1,0
BRDA:417,68,0,0
BRDA:417,68,1,0
BRDA:417,68,2,0
BRDA:417,68,3,0
BRDA:417,68,4,0
BRDA:417,68,5,0
BRDA:417,68,6,0
BRF:158
BRH:0
end_of_record
TN:
SF:src\utils\cn.ts
FN:8,cn
FNF:1
FNH:0
FNDA:0,cn
DA:9,0
LF:1
LH:0
BRF:0
BRH:0
end_of_record
TN:
SF:src\utils\comment.util.ts
FN:12,parseMentions
FNF:1
FNH:0
FNDA:0,parseMentions
DA:13,0
DA:14,0
DA:16,0
DA:17,0
DA:20,0
DA:21,0
DA:22,0
DA:25,0
DA:26,0
DA:27,0
DA:28,0
DA:30,0
DA:35,0
DA:37,0
DA:39,0
LF:15
LH:0
BRF:0
BRH:0
end_of_record
TN:
SF:src\utils\filter-task.util.ts
FN:35,parseDateStartOfDay
FN:47,isTaskCompletedStatus
FN:54,getTaskIsDone
FN:60,getWeekRange
FN:77,filterTask
FN:189,hasActiveFilters
FN:202,getActiveFilterCount
FNF:7
FNH:0
FNDA:0,parseDateStartOfDay
FNDA:0,isTaskCompletedStatus
FNDA:0,getTaskIsDone
FNDA:0,getWeekRange
FNDA:0,filterTask
FNDA:0,hasActiveFilters
FNDA:0,getActiveFilterCount
DA:24,1
DA:36,0
DA:37,0
DA:38,0
DA:39,0
DA:41,0
DA:42,0
DA:43,0
DA:48,0
DA:49,0
DA:50,0
DA:55,0
DA:56,0
DA:61,0
DA:63,0
DA:65,0
DA:66,0
DA:67,0
DA:69,0
DA:70,0
DA:71,0
DA:73,0
DA:78,0
DA:79,0
DA:81,0
DA:84,0
DA:85,0
DA:86,0
DA:87,0
DA:92,0
DA:93,0
DA:94,0
DA:96,0
DA:97,0
DA:103,0
DA:104,0
DA:105,0
DA:110,0
DA:111,0
DA:113,0
DA:114,0
DA:118,0
DA:119,0
DA:120,0
DA:123,0
DA:124,0
DA:125,0
DA:127,0
DA:130,0
DA:131,0
DA:133,0
DA:138,0
DA:139,0
DA:141,0
DA:145,0
DA:146,0
DA:147,0
DA:149,0
DA:153,0
DA:154,0
DA:155,0
DA:156,0
DA:157,0
DA:159,0
DA:163,0
DA:164,0
DA:165,0
DA:166,0
DA:169,0
DA:170,0
DA:171,0
DA:172,0
DA:173,0
DA:174,0
DA:175,0
DA:179,0
DA:185,0
DA:190,0
DA:203,0
DA:204,0
DA:205,0
DA:206,0
DA:207,0
DA:208,0
DA:209,0
DA:210,0
LF:86
LH:1
BRDA:36,0,0,0
BRDA:36,0,1,0
BRDA:38,1,0,0
BRDA:38,1,1,0
BRDA:42,2,0,0
BRDA:42,2,1,0
BRDA:48,3,0,0
BRDA:48,3,1,0
BRDA:50,4,0,0
BRDA:50,4,1,0
BRDA:50,4,2,0
BRDA:50,4,3,0
BRDA:55,5,0,0
BRDA:55,5,1,0
BRDA:78,6,0,0
BRDA:78,6,1,0
BRDA:84,7,0,0
BRDA:84,7,1,0
BRDA:86,8,0,0
BRDA:86,8,1,0
BRDA:92,9,0,0
BRDA:92,9,1,0
BRDA:93,10,0,0
BRDA:93,10,1,0
BRDA:94,11,0,0
BRDA:94,11,1,0
BRDA:94,12,0,0
BRDA:94,12,1,0
BRDA:96,13,0,0
BRDA:96,13,1,0
BRDA:96,14,0,0
BRDA:96,14,1,0
BRDA:103,15,0,0
BRDA:103,15,1,0
BRDA:104,16,0,0
BRDA:104,16,1,0
BRDA:110,17,0,0
BRDA:110,17,1,0
BRDA:110,18,0,0
BRDA:110,18,1,0
BRDA:113,19,0,0
BRDA:113,19,1,0
BRDA:113,20,0,0
BRDA:113,20,1,0
BRDA:118,21,0,0
BRDA:118,21,1,0
BRDA:119,22,0,0
BRDA:119,22,1,0
BRDA:120,23,0,0
BRDA:120,23,1,0
BRDA:123,24,0,0
BRDA:123,24,1,0
BRDA:125,25,0,0
BRDA:125,25,1,0
BRDA:127,26,0,0
BRDA:127,26,1,0
BRDA:127,26,2,0
BRDA:127,26,3,0
BRDA:127,26,4,0
BRDA:130,27,0,0
BRDA:130,27,1,0
BRDA:130,28,0,0
BRDA:130,28,1,0
BRDA:138,29,0,0
BRDA:138,29,1,0
BRDA:146,30,0,0
BRDA:146,30,1,0
BRDA:146,31,0,0
BRDA:146,31,1,0
BRDA:156,32,0,0
BRDA:156,32,1,0
BRDA:156,33,0,0
BRDA:156,33,1,0
BRDA:163,34,0,0
BRDA:163,34,1,0
BRDA:165,35,0,0
BRDA:165,35,1,0
BRDA:165,36,0,0
BRDA:165,36,1,0
BRDA:169,37,0,0
BRDA:169,37,1,0
BRDA:171,38,0,0
BRDA:171,38,1,0
BRDA:174,39,0,0
BRDA:174,39,1,0
BRDA:191,40,0,0
BRDA:191,40,1,0
BRDA:191,40,2,0
BRDA:191,40,3,0
BRDA:191,40,4,0
BRDA:191,40,5,0
BRDA:191,40,6,0
BRDA:204,41,0,0
BRDA:204,41,1,0
BRDA:205,42,0,0
BRDA:205,42,1,0
BRDA:206,43,0,0
BRDA:206,43,1,0
BRDA:207,44,0,0
BRDA:207,44,1,0
BRDA:208,45,0,0
BRDA:208,45,1,0
BRDA:209,46,0,0
BRDA:209,46,1,0
BRDA:209,47,0,0
BRDA:209,47,1,0
BRF:106
BRH:0
end_of_record
TN:
SF:src\utils\format-date.ts
FN:9,formatShortDate
FN:14,formatFullDate
FN:19,formatRelativeDay
FN:27,timeAgo
FN:37,formatDateTime
FN:50,formatDate
FN:63,getTaskDateDisplay
FNF:7
FNH:0
FNDA:0,formatShortDate
FNDA:0,formatFullDate
FNDA:0,formatRelativeDay
FNDA:0,timeAgo
FNDA:0,formatDateTime
FNDA:0,formatDate
FNDA:0,getTaskDateDisplay
DA:10,0
DA:15,0
DA:20,0
DA:21,0
DA:22,0
DA:23,0
DA:28,0
DA:38,0
DA:39,0
DA:40,0
DA:51,0
DA:52,0
DA:53,0
DA:54,0
DA:56,0
DA:64,0
DA:65,0
DA:66,0
DA:67,0
DA:68,0
DA:69,0
LF:21
LH:0
BRDA:21,0,0,0
BRDA:21,0,1,0
BRDA:22,1,0,0
BRDA:22,1,1,0
BRDA:27,2,0,0
BRDA:30,3,0,0
BRDA:30,3,1,0
BRDA:38,4,0,0
BRDA:38,4,1,0
BRDA:51,5,0,0
BRDA:51,5,1,0
BRDA:53,6,0,0
BRDA:53,6,1,0
BRDA:56,7,0,0
BRDA:56,7,1,0
BRDA:66,8,0,0
BRDA:66,8,1,0
BRDA:66,9,0,0
BRDA:66,9,1,0
BRDA:67,10,0,0
BRDA:67,10,1,0
BRDA:68,11,0,0
BRDA:68,11,1,0
BRF:23
BRH:0
end_of_record
TN:
SF:src\utils\task.util.ts
FN:6,mapPriority
FN:19,transformTask
FN:45,getColorForStatus
FNF:3
FNH:0
FNDA:0,mapPriority
FNDA:0,transformTask
FNDA:0,getColorForStatus
DA:7,0
DA:8,0
DA:9,0
DA:10,0
DA:11,0
DA:12,0
DA:20,0
DA:46,0
DA:47,0
DA:48,0
DA:49,0
DA:50,0
DA:51,0
DA:52,0
LF:14
LH:0
BRDA:7,0,0,0
BRDA:7,0,1,0
BRDA:7,0,2,0
BRDA:7,0,3,0
BRDA:7,0,4,0
BRDA:23,1,0,0
BRDA:23,1,1,0
BRDA:24,2,0,0
BRDA:24,2,1,0
BRDA:30,3,0,0
BRDA:30,3,1,0
BRDA:47,4,0,0
BRDA:47,4,1,0
BRDA:48,5,0,0
BRDA:48,5,1,0
BRDA:48,6,0,0
BRDA:48,6,1,0
BRDA:49,7,0,0
BRDA:49,7,1,0
BRDA:49,8,0,0
BRDA:49,8,1,0
BRDA:50,9,0,0
BRDA:50,9,1,0
BRDA:51,10,0,0
BRDA:51,10,1,0
BRDA:51,11,0,0
BRDA:51,11,1,0
BRF:27
BRH:0
end_of_record
TN:
SF:src\utils\user.util.ts
FN:8,getInitials
FNF:1
FNH:0
FNDA:0,getInitials
DA:9,0
DA:10,0
DA:11,0
DA:12,0
DA:14,0
DA:16,0
DA:17,0
DA:19,0
LF:8
LH:0
BRDA:9,0,0,0
BRDA:9,0,1,0
BRDA:11,1,0,0
BRDA:11,1,1,0
BRDA:16,2,0,0
BRDA:16,2,1,0
BRF:6
BRH:0
end_of_record
